{"level":"info","message":"::1 - [2022-04-24T12:57:10.487Z] \"GET /ws HTTP/1.1\" 400 57 \"-\" \"Mozilla/5.0 (X11; Linux x86_64) AppleWebKit/537.36 (KHTML, like Gecko) Chrome/99.0.4844.82 Safari/537.36\"\n"}
{"level":"info","message":"::1 - [2022-04-24T12:57:11.438Z] \"GET /api/v1/branches HTTP/1.1\" 200 882 \"-\" \"Mozilla/5.0 (X11; Linux x86_64) AppleWebKit/537.36 (KHTML, like Gecko) Chrome/99.0.4844.82 Safari/537.36\"\n"}
{"level":"info","message":"::1 - [2022-04-24T12:58:39.926Z] \"GET /api/v1/branches?appointment=true HTTP/1.1\" 200 1646 \"-\" \"Mozilla/5.0 (X11; Linux x86_64) AppleWebKit/537.36 (KHTML, like Gecko) Chrome/99.0.4844.82 Safari/537.36\"\n"}
{"level":"info","message":"::1 - [2022-04-24T13:05:43.481Z] \"GET /ws HTTP/1.1\" 400 57 \"-\" \"Mozilla/5.0 (X11; Linux x86_64) AppleWebKit/537.36 (KHTML, like Gecko) Chrome/99.0.4844.82 Safari/537.36\"\n"}
{"level":"info","message":"::1 - [2022-04-24T13:14:57.407Z] \"POST /api/v1/visits?appointment=5&doctorId=1 HTTP/1.1\" 500 138 \"-\" \"PostmanRuntime/7.29.0\"\n"}
{"level":"info","message":"::1 - [2022-04-24T13:26:51.384Z] \"POST /api/v1/visits HTTP/1.1\" 500 123 \"-\" \"PostmanRuntime/7.29.0\"\n"}
{"level":"info","message":"::1 - [2022-04-24T13:27:41.333Z] \"POST /api/v1/visits?appointment=5&doctorId=1 HTTP/1.1\" - - \"-\" \"PostmanRuntime/7.29.0\"\n"}
{"level":"info","message":"::1 - [2022-04-24T13:28:03.796Z] \"POST /api/v1/visits?appointment=5&doctorId=1 HTTP/1.1\" - - \"-\" \"PostmanRuntime/7.29.0\"\n"}
{"level":"info","message":"::1 - [2022-04-24T13:34:18.202Z] \"POST /api/v1/visits?appointment=5&doctorId=1 HTTP/1.1\" 200 126 \"-\" \"PostmanRuntime/7.29.0\"\n"}
{"level":"info","message":"::1 - [2022-04-24T13:34:38.838Z] \"POST /api/v1/visits?appointment=5&doctorId=1 HTTP/1.1\" 200 126 \"-\" \"PostmanRuntime/7.29.0\"\n"}
{"level":"info","message":"::1 - [2022-04-24T13:36:45.581Z] \"POST /api/v1/visits?appointment=5&doctorId=1 HTTP/1.1\" 200 126 \"-\" \"PostmanRuntime/7.29.0\"\n"}
{"level":"info","message":"::1 - [2022-04-24T13:37:28.375Z] \"POST /api/v1/visits?appointment=5&doctorId=1 HTTP/1.1\" 200 126 \"-\" \"PostmanRuntime/7.29.0\"\n"}
{"level":"info","message":"::1 - [2022-04-24T13:37:58.991Z] \"POST /api/v1/visits?appointment=5&doctorId=1 HTTP/1.1\" 200 126 \"-\" \"PostmanRuntime/7.29.0\"\n"}
{"level":"info","message":"::1 - [2022-04-24T13:38:23.108Z] \"POST /api/v1/visits?appointment=5&doctorId=1 HTTP/1.1\" 200 126 \"-\" \"PostmanRuntime/7.29.0\"\n"}
{"level":"info","message":"::1 - [2022-04-24T13:42:30.353Z] \"POST /api/v1/visits?appointment=5&doctorId=1 HTTP/1.1\" 200 126 \"-\" \"PostmanRuntime/7.29.0\"\n"}
{"level":"info","message":"::1 - [2022-04-24T13:50:10.746Z] \"POST /api/v1/visits?appointment=5&doctorId=1&time=30 HTTP/1.1\" - - \"-\" \"PostmanRuntime/7.29.0\"\n"}
{"level":"info","message":"::1 - [2022-04-24T13:52:12.504Z] \"POST /api/v1/visits?appointment=5&doctorId=1&time=30 HTTP/1.1\" 200 126 \"-\" \"PostmanRuntime/7.29.0\"\n"}
{"level":"info","message":"::1 - [2022-04-24T13:52:46.903Z] \"POST /api/v1/visits?appointment=5&doctorId=1&time=30 HTTP/1.1\" 200 126 \"-\" \"PostmanRuntime/7.29.0\"\n"}
{"level":"info","message":"::1 - [2022-04-24T13:52:59.042Z] \"POST /api/v1/visits?appointment=5&doctorId=1&time=37 HTTP/1.1\" 200 126 \"-\" \"PostmanRuntime/7.29.0\"\n"}
{"level":"info","message":"::1 - [2022-04-24T14:09:34.691Z] \"POST /api/v1/visits?appointment=true HTTP/1.1\" - - \"-\" \"PostmanRuntime/7.29.0\"\n"}
{"level":"info","message":"::1 - [2022-04-24T14:10:52.410Z] \"POST /api/v1/visits?appointment=true HTTP/1.1\" 500 143 \"-\" \"PostmanRuntime/7.29.0\"\n"}
{"level":"info","message":"::1 - [2022-04-24T14:11:40.099Z] \"POST /api/v1/visits?appointment=true HTTP/1.1\" - - \"-\" \"PostmanRuntime/7.29.0\"\n"}
{"level":"info","message":"::1 - [2022-04-24T14:12:56.638Z] \"POST /api/v1/visits?appointment=true HTTP/1.1\" - - \"-\" \"PostmanRuntime/7.29.0\"\n"}
{"level":"info","message":"::1 - [2022-04-24T14:13:27.197Z] \"POST /api/v1/visits?appointment=true HTTP/1.1\" - - \"-\" \"PostmanRuntime/7.29.0\"\n"}
{"level":"info","message":"::1 - [2022-04-24T14:13:52.028Z] \"POST /api/v1/visits?appointment=true HTTP/1.1\" - - \"-\" \"PostmanRuntime/7.29.0\"\n"}
{"level":"info","message":"::1 - [2022-04-24T14:14:08.212Z] \"POST /api/v1/visits?appointment=true HTTP/1.1\" 200 126 \"-\" \"PostmanRuntime/7.29.0\"\n"}
{"level":"info","message":"::1 - [2022-04-24T14:14:40.440Z] \"POST /api/v1/visits?appointment=true HTTP/1.1\" 200 126 \"-\" \"PostmanRuntime/7.29.0\"\n"}
{"level":"info","message":"::1 - [2022-04-24T14:15:09.401Z] \"POST /api/v1/visits?appointment=true HTTP/1.1\" 200 126 \"-\" \"PostmanRuntime/7.29.0\"\n"}
{"level":"info","message":"::1 - [2022-04-24T14:16:59.306Z] \"POST /api/v1/visits?appointment=true HTTP/1.1\" - - \"-\" \"PostmanRuntime/7.29.0\"\n"}
{"level":"info","message":"::1 - [2022-04-24T14:17:19.576Z] \"POST /api/v1/visits?appointment=true HTTP/1.1\" 200 126 \"-\" \"PostmanRuntime/7.29.0\"\n"}
{"level":"info","message":"::1 - [2022-04-24T14:18:42.567Z] \"POST /api/v1/visits?appointment=true HTTP/1.1\" 500 123 \"-\" \"PostmanRuntime/7.29.0\"\n"}
{"level":"info","message":"::1 - [2022-04-24T14:19:34.644Z] \"POST /api/v1/visits?appointment=true HTTP/1.1\" 500 123 \"-\" \"PostmanRuntime/7.29.0\"\n"}
{"level":"info","message":"::1 - [2022-04-24T14:20:15.151Z] \"POST /api/v1/visits?appointment=true HTTP/1.1\" 500 123 \"-\" \"PostmanRuntime/7.29.0\"\n"}
{"level":"info","message":"::1 - [2022-04-24T14:22:06.705Z] \"POST /api/v1/visits?appointment=true HTTP/1.1\" 200 126 \"-\" \"PostmanRuntime/7.29.0\"\n"}
{"level":"info","message":"::1 - [2022-04-24T14:23:30.161Z] \"POST /api/v1/visits?appointment=true HTTP/1.1\" 200 126 \"-\" \"PostmanRuntime/7.29.0\"\n"}
{"level":"info","message":"::1 - [2022-04-24T14:26:09.875Z] \"POST /api/v1/visits?appointment=true HTTP/1.1\" 200 126 \"-\" \"PostmanRuntime/7.29.0\"\n"}
{"level":"info","message":"::1 - [2022-04-24T14:26:11.688Z] \"POST /api/v1/visits?appointment=true HTTP/1.1\" 500 123 \"-\" \"PostmanRuntime/7.29.0\"\n"}
{"level":"info","message":"::1 - [2022-04-24T14:42:11.514Z] \"GET /api/v1/branches HTTP/1.1\" 200 882 \"-\" \"Mozilla/5.0 (X11; Linux x86_64) AppleWebKit/537.36 (KHTML, like Gecko) Chrome/99.0.4844.82 Safari/537.36\"\n"}
{"level":"info","message":"::1 - [2022-04-24T14:42:39.896Z] \"GET /api/v1/branches?id=RW01&visit=true&appointment=true HTTP/1.1\" 200 1497 \"-\" \"Mozilla/5.0 (X11; Linux x86_64) AppleWebKit/537.36 (KHTML, like Gecko) Chrome/99.0.4844.82 Safari/537.36\"\n"}
{"level":"info","message":"::1 - [2022-04-24T14:52:23.640Z] \"POST /api/v1/visits?appointment= HTTP/1.1\" 500 123 \"-\" \"PostmanRuntime/7.29.0\"\n"}
{"level":"info","message":"::1 - [2022-04-24T14:53:27.994Z] \"POST /api/v1/visits?appointment= HTTP/1.1\" 500 123 \"-\" \"PostmanRuntime/7.29.0\"\n"}
{"level":"info","message":"::1 - [2022-04-24T14:53:53.920Z] \"POST /api/v1/visits?appointment= HTTP/1.1\" 500 123 \"-\" \"PostmanRuntime/7.29.0\"\n"}
{"level":"info","message":"::1 - [2022-04-24T14:54:12.494Z] \"POST /api/v1/visits?appointment=true HTTP/1.1\" 200 126 \"-\" \"PostmanRuntime/7.29.0\"\n"}
{"level":"info","message":"::1 - [2022-04-24T15:12:26.215Z] \"GET /api/v1/appointment HTTP/1.1\" 400 57 \"-\" \"Mozilla/5.0 (X11; Linux x86_64) AppleWebKit/537.36 (KHTML, like Gecko) Chrome/99.0.4844.82 Safari/537.36\"\n"}
{"level":"info","message":"::1 - [2022-04-24T15:14:39.375Z] \"GET /api/v1/appointment HTTP/1.1\" 400 57 \"-\" \"Mozilla/5.0 (X11; Linux x86_64) AppleWebKit/537.36 (KHTML, like Gecko) Chrome/99.0.4844.82 Safari/537.36\"\n"}
{"level":"info","message":"::1 - [2022-04-24T15:14:39.416Z] \"GET /favicon.ico HTTP/1.1\" 400 57 \"http://localhost:3000/api/v1/appointment\" \"Mozilla/5.0 (X11; Linux x86_64) AppleWebKit/537.36 (KHTML, like Gecko) Chrome/99.0.4844.82 Safari/537.36\"\n"}
{"level":"info","message":"::1 - [2022-04-24T15:14:56.671Z] \"GET /api/v1/visit HTTP/1.1\" 400 57 \"-\" \"Mozilla/5.0 (X11; Linux x86_64) AppleWebKit/537.36 (KHTML, like Gecko) Chrome/99.0.4844.82 Safari/537.36\"\n"}
{"level":"info","message":"::1 - [2022-04-24T15:14:56.716Z] \"GET /favicon.ico HTTP/1.1\" 400 57 \"http://localhost:3000/api/v1/visit\" \"Mozilla/5.0 (X11; Linux x86_64) AppleWebKit/537.36 (KHTML, like Gecko) Chrome/99.0.4844.82 Safari/537.36\"\n"}
{"level":"info","message":"::1 - [2022-04-24T15:14:59.529Z] \"GET /api/v1/visit HTTP/1.1\" 400 57 \"-\" \"Mozilla/5.0 (X11; Linux x86_64) AppleWebKit/537.36 (KHTML, like Gecko) Chrome/99.0.4844.82 Safari/537.36\"\n"}
{"level":"info","message":"::1 - [2022-04-24T15:14:59.562Z] \"GET /favicon.ico HTTP/1.1\" 400 57 \"http://localhost:3000/api/v1/visit\" \"Mozilla/5.0 (X11; Linux x86_64) AppleWebKit/537.36 (KHTML, like Gecko) Chrome/99.0.4844.82 Safari/537.36\"\n"}
{"level":"info","message":"::1 - [2022-04-24T15:15:33.653Z] \"GET /api/v1/visit HTTP/1.1\" 400 57 \"-\" \"Mozilla/5.0 (X11; Linux x86_64) AppleWebKit/537.36 (KHTML, like Gecko) Chrome/99.0.4844.82 Safari/537.36\"\n"}
{"level":"info","message":"::1 - [2022-04-24T15:15:33.693Z] \"GET /favicon.ico HTTP/1.1\" 400 57 \"http://localhost:3000/api/v1/visit\" \"Mozilla/5.0 (X11; Linux x86_64) AppleWebKit/537.36 (KHTML, like Gecko) Chrome/99.0.4844.82 Safari/537.36\"\n"}
{"level":"info","message":"::1 - [2022-04-24T15:16:41.583Z] \"GET /api/v1/visit HTTP/1.1\" 400 57 \"-\" \"Mozilla/5.0 (X11; Linux x86_64) AppleWebKit/537.36 (KHTML, like Gecko) Chrome/99.0.4844.82 Safari/537.36\"\n"}
{"level":"info","message":"::1 - [2022-04-24T15:16:41.621Z] \"GET /favicon.ico HTTP/1.1\" 400 57 \"http://localhost:3000/api/v1/visit\" \"Mozilla/5.0 (X11; Linux x86_64) AppleWebKit/537.36 (KHTML, like Gecko) Chrome/99.0.4844.82 Safari/537.36\"\n"}
{"level":"info","message":"::1 - [2022-04-24T15:17:16.298Z] \"GET /api/v1/visit HTTP/1.1\" 400 57 \"-\" \"Mozilla/5.0 (X11; Linux x86_64) AppleWebKit/537.36 (KHTML, like Gecko) Chrome/99.0.4844.82 Safari/537.36\"\n"}
{"level":"info","message":"::1 - [2022-04-24T15:17:16.336Z] \"GET /favicon.ico HTTP/1.1\" 400 57 \"http://localhost:3000/api/v1/visit\" \"Mozilla/5.0 (X11; Linux x86_64) AppleWebKit/537.36 (KHTML, like Gecko) Chrome/99.0.4844.82 Safari/537.36\"\n"}
{"level":"info","message":"::1 - [2022-04-24T15:18:01.639Z] \"GET /api/v1/visit HTTP/1.1\" 400 57 \"-\" \"Mozilla/5.0 (X11; Linux x86_64) AppleWebKit/537.36 (KHTML, like Gecko) Chrome/99.0.4844.82 Safari/537.36\"\n"}
{"level":"info","message":"::1 - [2022-04-24T15:18:01.680Z] \"GET /favicon.ico HTTP/1.1\" 400 57 \"http://localhost:3000/api/v1/visit\" \"Mozilla/5.0 (X11; Linux x86_64) AppleWebKit/537.36 (KHTML, like Gecko) Chrome/99.0.4844.82 Safari/537.36\"\n"}
{"level":"info","message":"::1 - [2022-04-24T15:18:20.818Z] \"GET /api/v1/visit HTTP/1.1\" 400 57 \"-\" \"Mozilla/5.0 (X11; Linux x86_64) AppleWebKit/537.36 (KHTML, like Gecko) Chrome/99.0.4844.82 Safari/537.36\"\n"}
{"level":"info","message":"::1 - [2022-04-24T15:18:20.854Z] \"GET /favicon.ico HTTP/1.1\" 400 57 \"http://localhost:3000/api/v1/visit\" \"Mozilla/5.0 (X11; Linux x86_64) AppleWebKit/537.36 (KHTML, like Gecko) Chrome/99.0.4844.82 Safari/537.36\"\n"}
{"level":"info","message":"::1 - [2022-04-24T15:19:04.816Z] \"GET /api/v1/visit HTTP/1.1\" 400 57 \"-\" \"Mozilla/5.0 (X11; Linux x86_64) AppleWebKit/537.36 (KHTML, like Gecko) Chrome/99.0.4844.82 Safari/537.36\"\n"}
{"level":"info","message":"::1 - [2022-04-24T15:19:04.857Z] \"GET /favicon.ico HTTP/1.1\" 400 57 \"http://localhost:3000/api/v1/visit\" \"Mozilla/5.0 (X11; Linux x86_64) AppleWebKit/537.36 (KHTML, like Gecko) Chrome/99.0.4844.82 Safari/537.36\"\n"}
{"level":"info","message":"::1 - [2022-04-24T15:19:05.612Z] \"GET /api/v1/visit HTTP/1.1\" 400 57 \"-\" \"Mozilla/5.0 (X11; Linux x86_64) AppleWebKit/537.36 (KHTML, like Gecko) Chrome/99.0.4844.82 Safari/537.36\"\n"}
{"level":"info","message":"::1 - [2022-04-24T15:19:05.645Z] \"GET /favicon.ico HTTP/1.1\" 400 57 \"http://localhost:3000/api/v1/visit\" \"Mozilla/5.0 (X11; Linux x86_64) AppleWebKit/537.36 (KHTML, like Gecko) Chrome/99.0.4844.82 Safari/537.36\"\n"}
{"level":"info","message":"::1 - [2022-04-24T15:19:05.861Z] \"GET /api/v1/visit HTTP/1.1\" 400 57 \"-\" \"Mozilla/5.0 (X11; Linux x86_64) AppleWebKit/537.36 (KHTML, like Gecko) Chrome/99.0.4844.82 Safari/537.36\"\n"}
{"level":"info","message":"::1 - [2022-04-24T15:19:05.896Z] \"GET /favicon.ico HTTP/1.1\" 400 57 \"http://localhost:3000/api/v1/visit\" \"Mozilla/5.0 (X11; Linux x86_64) AppleWebKit/537.36 (KHTML, like Gecko) Chrome/99.0.4844.82 Safari/537.36\"\n"}
{"level":"info","message":"::1 - [2022-04-24T15:19:06.068Z] \"GET /api/v1/visit HTTP/1.1\" 400 57 \"-\" \"Mozilla/5.0 (X11; Linux x86_64) AppleWebKit/537.36 (KHTML, like Gecko) Chrome/99.0.4844.82 Safari/537.36\"\n"}
{"level":"info","message":"::1 - [2022-04-24T15:19:06.100Z] \"GET /favicon.ico HTTP/1.1\" 400 57 \"http://localhost:3000/api/v1/visit\" \"Mozilla/5.0 (X11; Linux x86_64) AppleWebKit/537.36 (KHTML, like Gecko) Chrome/99.0.4844.82 Safari/537.36\"\n"}
{"level":"info","message":"::1 - [2022-04-24T15:19:06.258Z] \"GET /api/v1/visit HTTP/1.1\" 400 57 \"-\" \"Mozilla/5.0 (X11; Linux x86_64) AppleWebKit/537.36 (KHTML, like Gecko) Chrome/99.0.4844.82 Safari/537.36\"\n"}
{"level":"info","message":"::1 - [2022-04-24T15:19:06.296Z] \"GET /favicon.ico HTTP/1.1\" 400 57 \"http://localhost:3000/api/v1/visit\" \"Mozilla/5.0 (X11; Linux x86_64) AppleWebKit/537.36 (KHTML, like Gecko) Chrome/99.0.4844.82 Safari/537.36\"\n"}
{"level":"info","message":"::1 - [2022-04-24T15:19:06.450Z] \"GET /api/v1/visit HTTP/1.1\" 400 57 \"-\" \"Mozilla/5.0 (X11; Linux x86_64) AppleWebKit/537.36 (KHTML, like Gecko) Chrome/99.0.4844.82 Safari/537.36\"\n"}
{"level":"info","message":"::1 - [2022-04-24T15:19:06.484Z] \"GET /favicon.ico HTTP/1.1\" 400 57 \"http://localhost:3000/api/v1/visit\" \"Mozilla/5.0 (X11; Linux x86_64) AppleWebKit/537.36 (KHTML, like Gecko) Chrome/99.0.4844.82 Safari/537.36\"\n"}
{"level":"info","message":"::1 - [2022-04-24T15:19:12.282Z] \"GET /api/v1/visits HTTP/1.1\" 200 2 \"-\" \"Mozilla/5.0 (X11; Linux x86_64) AppleWebKit/537.36 (KHTML, like Gecko) Chrome/99.0.4844.82 Safari/537.36\"\n"}
{"level":"info","message":"::1 - [2022-04-24T15:19:12.314Z] \"GET /favicon.ico HTTP/1.1\" 400 57 \"http://localhost:3000/api/v1/visits\" \"Mozilla/5.0 (X11; Linux x86_64) AppleWebKit/537.36 (KHTML, like Gecko) Chrome/99.0.4844.82 Safari/537.36\"\n"}
{"level":"info","message":"::1 - [2022-04-24T15:19:23.985Z] \"GET /api/v1/visits HTTP/1.1\" 200 112 \"-\" \"Mozilla/5.0 (X11; Linux x86_64) AppleWebKit/537.36 (KHTML, like Gecko) Chrome/99.0.4844.82 Safari/537.36\"\n"}
{"level":"info","message":"::1 - [2022-04-24T15:19:24.022Z] \"GET /favicon.ico HTTP/1.1\" 400 57 \"http://localhost:3000/api/v1/visits\" \"Mozilla/5.0 (X11; Linux x86_64) AppleWebKit/537.36 (KHTML, like Gecko) Chrome/99.0.4844.82 Safari/537.36\"\n"}
{"level":"info","message":"::1 - [2022-04-24T15:19:40.977Z] \"GET /api/v1/visits HTTP/1.1\" 200 374 \"-\" \"Mozilla/5.0 (X11; Linux x86_64) AppleWebKit/537.36 (KHTML, like Gecko) Chrome/99.0.4844.82 Safari/537.36\"\n"}
{"level":"info","message":"::1 - [2022-04-24T15:19:41.020Z] \"GET /favicon.ico HTTP/1.1\" 400 57 \"http://localhost:3000/api/v1/visits\" \"Mozilla/5.0 (X11; Linux x86_64) AppleWebKit/537.36 (KHTML, like Gecko) Chrome/99.0.4844.82 Safari/537.36\"\n"}
{"level":"info","message":"::1 - [2022-04-24T15:19:52.348Z] \"GET /api/v1/visits?id=1 HTTP/1.1\" 200 353 \"-\" \"Mozilla/5.0 (X11; Linux x86_64) AppleWebKit/537.36 (KHTML, like Gecko) Chrome/99.0.4844.82 Safari/537.36\"\n"}
{"level":"info","message":"::1 - [2022-04-24T15:19:52.388Z] \"GET /favicon.ico HTTP/1.1\" 400 57 \"http://localhost:3000/api/v1/visits?id=1\" \"Mozilla/5.0 (X11; Linux x86_64) AppleWebKit/537.36 (KHTML, like Gecko) Chrome/99.0.4844.82 Safari/537.36\"\n"}
{"level":"info","message":"::1 - [2022-04-24T15:20:12.042Z] \"GET /api/v1/visits?branchId=12 HTTP/1.1\" 500 141 \"-\" \"Mozilla/5.0 (X11; Linux x86_64) AppleWebKit/537.36 (KHTML, like Gecko) Chrome/99.0.4844.82 Safari/537.36\"\n"}
{"level":"info","message":"::1 - [2022-04-24T15:20:12.085Z] \"GET /favicon.ico HTTP/1.1\" 400 57 \"http://localhost:3000/api/v1/visits?branchId=12\" \"Mozilla/5.0 (X11; Linux x86_64) AppleWebKit/537.36 (KHTML, like Gecko) Chrome/99.0.4844.82 Safari/537.36\"\n"}
{"level":"info","message":"::1 - [2022-04-24T15:22:40.918Z] \"GET /api/v1/visits?branchId=12 HTTP/1.1\" 200 114 \"-\" \"Mozilla/5.0 (X11; Linux x86_64) AppleWebKit/537.36 (KHTML, like Gecko) Chrome/99.0.4844.82 Safari/537.36\"\n"}
{"level":"info","message":"::1 - [2022-04-24T15:22:40.962Z] \"GET /favicon.ico HTTP/1.1\" 400 57 \"http://localhost:3000/api/v1/visits?branchId=12\" \"Mozilla/5.0 (X11; Linux x86_64) AppleWebKit/537.36 (KHTML, like Gecko) Chrome/99.0.4844.82 Safari/537.36\"\n"}
{"level":"info","message":"::1 - [2022-04-24T15:23:05.737Z] \"GET /api/v1/visits?branchId=RW01 HTTP/1.1\" 200 374 \"-\" \"Mozilla/5.0 (X11; Linux x86_64) AppleWebKit/537.36 (KHTML, like Gecko) Chrome/99.0.4844.82 Safari/537.36\"\n"}
{"level":"info","message":"::1 - [2022-04-24T15:23:05.785Z] \"GET /favicon.ico HTTP/1.1\" 400 57 \"http://localhost:3000/api/v1/visits?branchId=RW01\" \"Mozilla/5.0 (X11; Linux x86_64) AppleWebKit/537.36 (KHTML, like Gecko) Chrome/99.0.4844.82 Safari/537.36\"\n"}
{"level":"info","message":"::1 - [2022-04-24T15:23:41.943Z] \"GET /api/v1/visits?patientId=12 HTTP/1.1\" 200 374 \"-\" \"Mozilla/5.0 (X11; Linux x86_64) AppleWebKit/537.36 (KHTML, like Gecko) Chrome/99.0.4844.82 Safari/537.36\"\n"}
{"level":"info","message":"::1 - [2022-04-24T15:23:41.993Z] \"GET /favicon.ico HTTP/1.1\" 400 57 \"http://localhost:3000/api/v1/visits?patientId=12\" \"Mozilla/5.0 (X11; Linux x86_64) AppleWebKit/537.36 (KHTML, like Gecko) Chrome/99.0.4844.82 Safari/537.36\"\n"}
