{"level":"error"}
{"level":"error","message":{"reqBody":{},"reqIp":"::1","reqMethod":"DELETE","reqParams":{"id":"3"},"reqQuery":{},"reqTime":"2022-06-23 00:02:09","reqUrl":"/delete/3","response":{"code":"","message":"","responseTime":"2022-06-23 00:02:13","status":{"code":500,"message":"Internal Server Error"}}}}
{"level":"error"}
{"level":"error","message":{"reqBody":{},"reqIp":"::1","reqMethod":"DELETE","reqParams":{"id":"3"},"reqQuery":{},"reqTime":"2022-06-23 00:02:58","reqUrl":"/delete/3","response":{"code":"","message":"","responseTime":"2022-06-23 00:03:01","status":{"code":500,"message":"Internal Server Error"}}}}
{"level":"error"}
{"level":"error","message":{"reqBody":{},"reqIp":"::1","reqMethod":"DELETE","reqParams":{"id":"3"},"reqQuery":{},"reqTime":"2022-06-23 00:04:32","reqUrl":"/delete/3","response":{"code":"","message":"service not found","responseTime":"2022-06-23 00:04:35","status":{"code":500,"message":"Internal Server Error"}}}}
{"level":"error","message":{"reqBody":{"id":"RW02","location":{"cell":"GISENYI","country":"RWANDA","district":"RUBAVUI","province":"WEST","sector":"MBUGANGARI","village":"REBERO"},"managerId":"RW123","name":"Branch 2"},"reqIp":"::1","reqMethod":"POST","reqParams":{},"reqQuery":{},"reqTime":"2022-06-23 00:09:24","reqUrl":"/","response":{"code":"","message":"unauthorized resources","responseTime":"2022-06-23 00:11:58","status":{"code":401,"message":"Unauthorized Request"}}}}
{"level":"error"}
{"level":"error","message":{"reqBody":{},"reqIp":"::1","reqMethod":"DELETE","reqParams":{"id":"RW023"},"reqQuery":{},"reqTime":"2022-06-23 00:12:30","reqUrl":"/delete/RW023","response":{"code":"","message":"service not found","responseTime":"2022-06-23 00:15:03","status":{"code":500,"message":"Internal Server Error"}}}}
{"level":"error"}
{"level":"error","message":{"reqBody":{},"reqIp":"::1","reqMethod":"DELETE","reqParams":{"id":"RW023"},"reqQuery":{},"reqTime":"2022-06-23 00:15:27","reqUrl":"/delete/RW023","response":{"code":"","message":"branch not found","responseTime":"2022-06-23 00:15:31","status":{"code":500,"message":"Internal Server Error"}}}}
{"level":"error"}
{"level":"error","message":{"reqBody":{},"reqIp":"::1","reqMethod":"DELETE","reqParams":{"id":"RW02"},"reqQuery":{},"reqTime":"2022-06-23 00:15:27","reqUrl":"/delete/RW02","response":{"code":"","message":"branch not found","responseTime":"2022-06-23 00:15:40","status":{"code":500,"message":"Internal Server Error"}}}}
{"level":"error"}
{"level":"error","message":{"reqBody":{},"reqIp":"::1","reqMethod":"DELETE","reqParams":{"id":"RW02"},"reqQuery":{},"reqTime":"2022-06-23 00:15:27","reqUrl":"/delete/RW02","response":{"code":"","message":"branch not found","responseTime":"2022-06-23 00:15:56","status":{"code":500,"message":"Internal Server Error"}}}}
{"level":"error"}
{"level":"error","message":{"reqBody":{},"reqIp":"::1","reqMethod":"DELETE","reqParams":{"id":"RW02"},"reqQuery":{},"reqTime":"2022-06-23 00:17:01","reqUrl":"/delete/RW02","response":{"code":"","message":"branch not found","responseTime":"2022-06-23 00:17:05","status":{"code":500,"message":"Internal Server Error"}}}}
{"level":"error"}
{"level":"error","message":{"reqBody":{},"reqIp":"::1","reqMethod":"DELETE","reqParams":{"id":"RW02"},"reqQuery":{},"reqTime":"2022-06-23 00:17:42","reqUrl":"/delete/RW02","response":{"code":"","message":"branch not found","responseTime":"2022-06-23 00:17:48","status":{"code":500,"message":"Internal Server Error"}}}}
{"level":"error"}
{"level":"error","message":{"reqBody":{},"reqIp":"::1","reqMethod":"DELETE","reqParams":{"id":"RW02"},"reqQuery":{},"reqTime":"2022-06-23 00:17:42","reqUrl":"/delete/RW02","response":{"code":"","message":"branch not found","responseTime":"2022-06-23 00:17:50","status":{"code":500,"message":"Internal Server Error"}}}}
{"level":"error"}
{"level":"error","message":{"reqBody":{},"reqIp":"::1","reqMethod":"DELETE","reqParams":{"id":"RW02"},"reqQuery":{},"reqTime":"2022-06-23 00:18:34","reqUrl":"/delete/RW02","response":{"code":"","message":"branch not found","responseTime":"2022-06-23 00:18:37","status":{"code":500,"message":"Internal Server Error"}}}}
{"level":"error"}
{"level":"error","message":{"reqBody":{},"reqIp":"::1","reqMethod":"DELETE","reqParams":{"id":"RW02"},"reqQuery":{},"reqTime":"2022-06-23 00:19:06","reqUrl":"/delete/RW02","response":{"code":"","message":"branch not found","responseTime":"2022-06-23 00:19:10","status":{"code":500,"message":"Internal Server Error"}}}}
{"fields":["branchId"],"index":"location_ibfk_1","level":"error","name":"SequelizeForeignKeyConstraintError","original":{"code":"ER_ROW_IS_REFERENCED_2","errno":1451,"sql":"DELETE FROM `branch` WHERE `id` = 'RW02'","sqlMessage":"Cannot delete or update a parent row: a foreign key constraint fails (`genuine`.`location`, CONSTRAINT `location_ibfk_1` FOREIGN KEY (`branchId`) REFERENCES `branch` (`id`) ON DELETE RESTRICT ON UPDATE RESTRICT)","sqlState":"23000"},"parameters":{},"parent":{"code":"ER_ROW_IS_REFERENCED_2","errno":1451,"sql":"DELETE FROM `branch` WHERE `id` = 'RW02'","sqlMessage":"Cannot delete or update a parent row: a foreign key constraint fails (`genuine`.`location`, CONSTRAINT `location_ibfk_1` FOREIGN KEY (`branchId`) REFERENCES `branch` (`id`) ON DELETE RESTRICT ON UPDATE RESTRICT)","sqlState":"23000"},"reltype":"parent","sql":"DELETE FROM `branch` WHERE `id` = 'RW02'","table":"branch"}
{"level":"error","message":{"reqBody":{},"reqIp":"::1","reqMethod":"DELETE","reqParams":{"id":"RW02"},"reqQuery":{},"reqTime":"2022-06-23 00:20:10","reqUrl":"/delete/RW02","response":{"code":"","message":"Cannot delete or update a parent row: a foreign key constraint fails (`genuine`.`location`, CONSTRAINT `location_ibfk_1` FOREIGN KEY (`branchId`) REFERENCES `branch` (`id`) ON DELETE RESTRICT ON UPDATE RESTRICT)","responseTime":"2022-06-23 00:20:14","status":{"code":500,"message":"Internal Server Error"}}}}
