{"level":"info","message":"::1 - [2022-06-21T07:45:45.382Z] \"POST /api/v1/users/signin HTTP/1.1\" 400 1098 \"-\" \"PostmanRuntime/7.29.0\"\n"}
{"level":"info","message":"::1 - [2022-06-21T07:45:51.648Z] \"POST /api/v1/users/signin HTTP/1.1\" 200 560 \"-\" \"PostmanRuntime/7.29.0\"\n"}
{"level":"info","message":"::1 - [2022-06-21T07:51:05.862Z] \"POST /api/v1/users/signin HTTP/1.1\" 200 560 \"-\" \"PostmanRuntime/7.29.0\"\n"}
{"level":"info","message":"::1 - [2022-06-21T07:55:53.284Z] \"POST /api/v1/users/signin HTTP/1.1\" 500 129 \"-\" \"PostmanRuntime/7.29.0\"\n"}
{"level":"info","message":"::1 - [2022-06-21T07:57:38.211Z] \"POST /api/v1/users/signin HTTP/1.1\" 200 407 \"-\" \"PostmanRuntime/7.29.0\"\n"}
{"level":"info","message":"::1 - [2022-06-21T07:58:27.459Z] \"POST /api/v1/users/signin HTTP/1.1\" 500 129 \"-\" \"PostmanRuntime/7.29.0\"\n"}
{"level":"info","message":"::1 - [2022-06-21T08:12:08.953Z] \"POST /api/v1/users/signin HTTP/1.1\" 200 407 \"-\" \"PostmanRuntime/7.29.0\"\n"}
{"level":"info","message":"::1 - [2022-06-21T08:18:44.783Z] \"POST /api/v1/users/signin HTTP/1.1\" 200 407 \"-\" \"PostmanRuntime/7.29.0\"\n"}
{"level":"info","message":"::1 - [2022-06-21T08:19:25.042Z] \"POST /api/v1/users/signin HTTP/1.1\" 200 407 \"-\" \"PostmanRuntime/7.29.0\"\n"}
{"level":"info","message":"::1 - [2022-06-21T08:19:45.203Z] \"POST /api/v1/users/signin HTTP/1.1\" 200 407 \"-\" \"PostmanRuntime/7.29.0\"\n"}
{"level":"info","message":"::1 - [2022-06-21T08:21:12.730Z] \"POST /api/v1/users/signin HTTP/1.1\" 200 407 \"-\" \"PostmanRuntime/7.29.0\"\n"}
{"level":"info","message":"::1 - [2022-06-21T08:21:50.719Z] \"POST /api/v1/users/signin HTTP/1.1\" 200 407 \"-\" \"PostmanRuntime/7.29.0\"\n"}
{"level":"info","message":"::1 - [2022-06-21T08:22:12.890Z] \"POST /api/v1/users/signin HTTP/1.1\" 200 407 \"-\" \"PostmanRuntime/7.29.0\"\n"}
{"level":"info","message":"::1 - [2022-06-21T08:22:29.100Z] \"POST /api/v1/users/signin HTTP/1.1\" 200 407 \"-\" \"PostmanRuntime/7.29.0\"\n"}
{"level":"info","message":"::1 - [2022-06-21T08:23:04.890Z] \"POST /api/v1/users/signin HTTP/1.1\" 200 407 \"-\" \"PostmanRuntime/7.29.0\"\n"}
{"level":"info","message":"::1 - [2022-06-21T08:26:26.973Z] \"POST /api/v1/users/signin HTTP/1.1\" 200 360 \"-\" \"PostmanRuntime/7.29.0\"\n"}
{"level":"info","message":"::1 - [2022-06-21T08:27:26.561Z] \"POST /api/v1/users/signin HTTP/1.1\" 200 618 \"-\" \"PostmanRuntime/7.29.0\"\n"}
{"level":"info","message":"::1 - [2022-06-21T08:27:45.474Z] \"POST /api/v1/users/signin HTTP/1.1\" 200 591 \"-\" \"PostmanRuntime/7.29.0\"\n"}
{"level":"info","message":"::1 - [2022-06-21T08:29:44.278Z] \"POST /api/v1/users/ HTTP/1.1\" 500 123 \"-\" \"PostmanRuntime/7.29.0\"\n"}
{"level":"info","message":"::1 - [2022-06-21T08:39:03.313Z] \"POST /api/v1/users/ HTTP/1.1\" 500 123 \"-\" \"PostmanRuntime/7.29.0\"\n"}
{"level":"info","message":"::1 - [2022-06-21T08:39:21.099Z] \"POST /api/v1/users/ HTTP/1.1\" 500 123 \"-\" \"PostmanRuntime/7.29.0\"\n"}
{"level":"info","message":"::1 - [2022-06-21T08:39:42.403Z] \"POST /api/v1/users/ HTTP/1.1\" 500 123 \"-\" \"PostmanRuntime/7.29.0\"\n"}
{"level":"info","message":"::1 - [2022-06-21T08:42:15.965Z] \"POST /api/v1/users/ HTTP/1.1\" 500 123 \"-\" \"PostmanRuntime/7.29.0\"\n"}
{"level":"info","message":"::1 - [2022-06-21T08:43:15.353Z] \"POST /api/v1/users/ HTTP/1.1\" 500 123 \"-\" \"PostmanRuntime/7.29.0\"\n"}
{"level":"info","message":"::1 - [2022-06-21T08:44:11.616Z] \"POST /api/v1/users/ HTTP/1.1\" 200 125 \"-\" \"PostmanRuntime/7.29.0\"\n"}
{"level":"info","message":"::1 - [2022-06-21T08:45:00.001Z] \"POST /api/v1/users/signin HTTP/1.1\" 500 114 \"-\" \"PostmanRuntime/7.29.0\"\n"}
{"level":"info","message":"::1 - [2022-06-21T08:45:39.342Z] \"POST /api/v1/users/signin HTTP/1.1\" 500 114 \"-\" \"PostmanRuntime/7.29.0\"\n"}
{"level":"info","message":"::1 - [2022-06-21T08:46:11.020Z] \"POST /api/v1/users/signin HTTP/1.1\" 200 594 \"-\" \"PostmanRuntime/7.29.0\"\n"}
{"level":"info","message":"::1 - [2022-06-21T08:46:25.943Z] \"POST /api/v1/users/signin HTTP/1.1\" 500 114 \"-\" \"PostmanRuntime/7.29.0\"\n"}
{"level":"info","message":"::1 - [2022-06-21T08:56:22.365Z] \"GET /api/v1/branches?visit=true&appointment=true HTTP/1.1\" 400 57 \"-\" \"PostmanRuntime/7.29.0\"\n"}
{"level":"info","message":"::1 - [2022-06-21T09:00:35.001Z] \"GET /api/v1/branches?visit=true&appointment=true HTTP/1.1\" 200 37 \"-\" \"PostmanRuntime/7.29.0\"\n"}
{"level":"info","message":"::1 - [2022-06-21T09:00:59.384Z] \"GET /api/v1/branches?visit=true&appointment=true HTTP/1.1\" 200 1930 \"-\" \"PostmanRuntime/7.29.0\"\n"}
{"level":"info","message":"::1 - [2022-06-21T09:01:45.878Z] \"GET /api/v1/branches?visit=true&appointment=true HTTP/1.1\" 200 20 \"-\" \"PostmanRuntime/7.29.0\"\n"}
{"level":"info","message":"::1 - [2022-06-21T09:02:00.142Z] \"GET /api/v1/branches?visit=true&appointment=true HTTP/1.1\" 200 20 \"-\" \"PostmanRuntime/7.29.0\"\n"}
{"level":"info","message":"::1 - [2022-06-21T09:02:34.461Z] \"GET /api/v1/branches?visit=true&appointment=true HTTP/1.1\" 401 86 \"-\" \"PostmanRuntime/7.29.0\"\n"}
{"level":"info","message":"::1 - [2022-06-21T09:09:28.316Z] \"GET /api/v1/branches?visit=true&appointment=true HTTP/1.1\" 401 86 \"-\" \"PostmanRuntime/7.29.0\"\n"}
{"level":"info","message":"::1 - [2022-06-21T09:09:30.797Z] \"GET /api/v1/branches?visit=true&appointment=true HTTP/1.1\" 401 86 \"-\" \"PostmanRuntime/7.29.0\"\n"}
{"level":"info","message":"::1 - [2022-06-21T09:09:40.809Z] \"GET /api/v1/branches?visit=true&appointment=true HTTP/1.1\" 401 89 \"-\" \"PostmanRuntime/7.29.0\"\n"}
{"level":"info","message":"::1 - [2022-06-21T09:09:55.972Z] \"GET /api/v1/branches?visit=true&appointment=true HTTP/1.1\" 200 1930 \"-\" \"PostmanRuntime/7.29.0\"\n"}
{"level":"info","message":"::1 - [2022-06-21T09:18:29.365Z] \"GET /api/v1/users HTTP/1.1\" 200 1014 \"-\" \"PostmanRuntime/7.29.0\"\n"}
{"level":"info","message":"::1 - [2022-06-21T09:18:45.368Z] \"GET /api/v1/branches?visit=true&appointment=true HTTP/1.1\" 200 16 \"-\" \"PostmanRuntime/7.29.0\"\n"}
{"level":"info","message":"::1 - [2022-06-21T09:20:03.477Z] \"GET /api/v1/branches?visit=true&appointment=true HTTP/1.1\" 200 1930 \"-\" \"PostmanRuntime/7.29.0\"\n"}
{"level":"info","message":"::1 - [2022-06-21T09:22:29.164Z] \"GET /api/v1/branches?visit=true&appointment=true HTTP/1.1\" 200 1930 \"-\" \"PostmanRuntime/7.29.0\"\n"}
{"level":"info","message":"::1 - [2022-06-21T09:24:16.047Z] \"GET /api/v1/branches?visit=true&appointment=true HTTP/1.1\" 200 1930 \"-\" \"PostmanRuntime/7.29.0\"\n"}
{"level":"info","message":"::1 - [2022-06-21T09:25:53.476Z] \"GET /api/v1/branches?visit=true&appointment=true HTTP/1.1\" 200 1930 \"-\" \"PostmanRuntime/7.29.0\"\n"}
{"level":"info","message":"::1 - [2022-06-21T09:35:58.275Z] \"GET /api/v1/branches?visit=true&appointment=true HTTP/1.1\" 500 122 \"-\" \"PostmanRuntime/7.29.0\"\n"}
{"level":"info","message":"::1 - [2022-06-21T09:38:21.788Z] \"GET /api/v1/branches?visit=true&appointment=true HTTP/1.1\" 500 123 \"-\" \"PostmanRuntime/7.29.0\"\n"}
{"level":"info","message":"::1 - [2022-06-21T09:42:45.942Z] \"GET /api/v1/branches?visit=true&appointment=true HTTP/1.1\" 500 123 \"-\" \"PostmanRuntime/7.29.0\"\n"}
{"level":"info","message":"::1 - [2022-06-21T09:43:13.573Z] \"GET /api/v1/branches?visit=true&appointment=true HTTP/1.1\" 500 123 \"-\" \"PostmanRuntime/7.29.0\"\n"}
{"level":"info","message":"::1 - [2022-06-21T09:44:40.861Z] \"GET /api/v1/branches?visit=true&appointment=true HTTP/1.1\" 401 120 \"-\" \"PostmanRuntime/7.29.0\"\n"}
{"level":"info","message":"::1 - [2022-06-21T09:45:53.170Z] \"GET /api/v1/branches?visit=true&appointment=true HTTP/1.1\" 401 120 \"-\" \"PostmanRuntime/7.29.0\"\n"}
{"level":"info","message":"::1 - [2022-06-21T09:50:13.940Z] \"GET /api/v1/branches?visit=true&appointment=true HTTP/1.1\" 401 120 \"-\" \"PostmanRuntime/7.29.0\"\n"}
{"level":"info","message":"::1 - [2022-06-21T09:50:31.020Z] \"GET /api/v1/branches?visit=true&appointment=true HTTP/1.1\" 401 120 \"-\" \"PostmanRuntime/7.29.0\"\n"}
{"level":"info","message":"::1 - [2022-06-21T09:51:20.905Z] \"GET /api/v1/branches?visit=true&appointment=true HTTP/1.1\" 401 120 \"-\" \"PostmanRuntime/7.29.0\"\n"}
{"level":"info","message":"::1 - [2022-06-21T09:51:48.151Z] \"GET /api/v1/branches?visit=true&appointment=true HTTP/1.1\" 401 120 \"-\" \"PostmanRuntime/7.29.0\"\n"}
{"level":"info","message":"::1 - [2022-06-21T09:52:27.348Z] \"GET /api/v1/branches?visit=true&appointment=true HTTP/1.1\" 401 120 \"-\" \"PostmanRuntime/7.29.0\"\n"}
{"level":"info","message":"::1 - [2022-06-21T09:54:34.854Z] \"GET /api/v1/branches?visit=true&appointment=true HTTP/1.1\" 401 120 \"-\" \"PostmanRuntime/7.29.0\"\n"}
{"level":"info","message":"::1 - [2022-06-21T09:55:46.827Z] \"GET /api/v1/branches?visit=true&appointment=true HTTP/1.1\" 401 120 \"-\" \"PostmanRuntime/7.29.0\"\n"}
{"level":"info","message":"::1 - [2022-06-21T09:56:05.142Z] \"GET /api/v1/branches?visit=true&appointment=true HTTP/1.1\" 401 119 \"-\" \"PostmanRuntime/7.29.0\"\n"}
{"level":"info","message":"::1 - [2022-06-21T09:56:09.677Z] \"GET /api/v1/branches?visit=true&appointment=true HTTP/1.1\" 401 120 \"-\" \"PostmanRuntime/7.29.0\"\n"}
{"level":"info","message":"::1 - [2022-06-21T09:56:28.843Z] \"GET /api/v1/branches?visit=true&appointment=true HTTP/1.1\" 401 120 \"-\" \"PostmanRuntime/7.29.0\"\n"}
{"level":"info","message":"::1 - [2022-06-21T09:57:02.782Z] \"GET /api/v1/branches?visit=true&appointment=true HTTP/1.1\" 401 120 \"-\" \"PostmanRuntime/7.29.0\"\n"}
{"level":"info","message":"::1 - [2022-06-21T09:58:36.772Z] \"GET /api/v1/branches?visit=true&appointment=true HTTP/1.1\" 401 16 \"-\" \"PostmanRuntime/7.29.0\"\n"}
{"level":"info","message":"::1 - [2022-06-21T09:59:08.685Z] \"GET /api/v1/branches?visit=true&appointment=true HTTP/1.1\" 401 16 \"-\" \"PostmanRuntime/7.29.0\"\n"}
{"level":"info","message":"::1 - [2022-06-21T09:59:18.896Z] \"GET /api/v1/branches?visit=true&appointment=true HTTP/1.1\" 401 27 \"-\" \"PostmanRuntime/7.29.0\"\n"}
{"level":"info","message":"::1 - [2022-06-21T09:59:58.832Z] \"GET /api/v1/branches?visit=true&appointment=true HTTP/1.1\" 401 27 \"-\" \"PostmanRuntime/7.29.0\"\n"}
{"level":"info","message":"::1 - [2022-06-21T10:00:16.264Z] \"GET /api/v1/branches?visit=true&appointment=true HTTP/1.1\" 401 27 \"-\" \"PostmanRuntime/7.29.0\"\n"}
{"level":"info","message":"::1 - [2022-06-21T10:00:36.479Z] \"GET /api/v1/branches?visit=true&appointment=true HTTP/1.1\" 401 27 \"-\" \"PostmanRuntime/7.29.0\"\n"}
{"level":"info","message":"::1 - [2022-06-21T10:01:21.294Z] \"GET /api/v1/branches?visit=true&appointment=true HTTP/1.1\" 401 27 \"-\" \"PostmanRuntime/7.29.0\"\n"}
{"level":"info","message":"::1 - [2022-06-21T10:01:57.098Z] \"GET /api/v1/branches?visit=true&appointment=true HTTP/1.1\" 401 27 \"-\" \"PostmanRuntime/7.29.0\"\n"}
{"level":"info","message":"::1 - [2022-06-21T10:02:27.510Z] \"GET /api/v1/branches?visit=true&appointment=true HTTP/1.1\" 401 120 \"-\" \"PostmanRuntime/7.29.0\"\n"}
{"level":"info","message":"::1 - [2022-06-21T10:07:51.407Z] \"GET /api/v1/branches?visit=true&appointment=true HTTP/1.1\" 401 123 \"-\" \"PostmanRuntime/7.29.0\"\n"}
{"level":"info","message":"::1 - [2022-06-21T10:12:01.461Z] \"GET /api/v1/branches?visit=true&appointment=true HTTP/1.1\" - - \"-\" \"PostmanRuntime/7.29.0\"\n"}
{"level":"info","message":"::1 - [2022-06-21T10:13:12.177Z] \"GET /api/v1/branches?visit=true&appointment=true HTTP/1.1\" - - \"-\" \"PostmanRuntime/7.29.0\"\n"}
{"level":"info","message":"::1 - [2022-06-21T10:13:59.425Z] \"GET /api/v1/branches?visit=true&appointment=true HTTP/1.1\" - - \"-\" \"PostmanRuntime/7.29.0\"\n"}
{"level":"info","message":"::1 - [2022-06-21T10:14:54.260Z] \"GET /api/v1/branches?visit=true&appointment=true HTTP/1.1\" - - \"-\" \"PostmanRuntime/7.29.0\"\n"}
{"level":"info","message":"::1 - [2022-06-21T10:17:33.802Z] \"GET /api/v1/branches?visit=true&appointment=true HTTP/1.1\" - - \"-\" \"PostmanRuntime/7.29.0\"\n"}
{"level":"info","message":"::1 - [2022-06-21T10:18:33.065Z] \"GET /api/v1/branches?visit=true&appointment=true HTTP/1.1\" 401 138 \"-\" \"PostmanRuntime/7.29.0\"\n"}
{"level":"info","message":"::1 - [2022-06-21T10:21:51.915Z] \"GET /api/v1/branches?visit=true&appointment=true HTTP/1.1\" 401 138 \"-\" \"PostmanRuntime/7.29.0\"\n"}
{"level":"info","message":"::1 - [2022-06-21T10:30:11.860Z] \"GET /api/v1/branches?visit=true&appointment=true HTTP/1.1\" 200 1930 \"-\" \"PostmanRuntime/7.29.0\"\n"}
{"level":"info","message":"::1 - [2022-06-21T10:31:33.770Z] \"GET /api/v1/branches?visit=true&appointment=true HTTP/1.1\" 200 1930 \"-\" \"PostmanRuntime/7.29.0\"\n"}
{"level":"info","message":"::1 - [2022-06-21T10:31:55.575Z] \"GET /api/v1/branches?visit=true&appointment=true HTTP/1.1\" 401 138 \"-\" \"PostmanRuntime/7.29.0\"\n"}
{"level":"info","message":"::1 - [2022-06-21T10:34:19.554Z] \"GET /api/v1/branches HTTP/1.1\" 401 86 \"-\" \"PostmanRuntime/7.29.0\"\n"}
{"level":"info","message":"::1 - [2022-06-21T10:34:27.133Z] \"PATCH /api/v1/branches/2398787653223 HTTP/1.1\" 401 86 \"-\" \"PostmanRuntime/7.29.0\"\n"}
{"level":"info","message":"::1 - [2022-06-21T10:34:35.900Z] \"DELETE /api/v1/branches/2398787653223 HTTP/1.1\" 401 86 \"-\" \"PostmanRuntime/7.29.0\"\n"}
{"level":"info","message":"::1 - [2022-06-21T10:35:01.675Z] \"POST /api/v1/users/signin HTTP/1.1\" - - \"-\" \"PostmanRuntime/7.29.0\"\n"}
{"level":"info","message":"::1 - [2022-06-21T10:39:19.203Z] \"POST /api/v1/users/signin HTTP/1.1\" 200 608 \"-\" \"PostmanRuntime/7.29.0\"\n"}
{"level":"info","message":"::1 - [2022-06-21T10:43:08.585Z] \"POST /api/v1/users/signin HTTP/1.1\" 200 502 \"-\" \"PostmanRuntime/7.29.0\"\n"}
{"level":"info","message":"::1 - [2022-06-21T10:50:21.905Z] \"GET /api/v1/branches?visit=true&appointment=true HTTP/1.1\" 401 138 \"-\" \"PostmanRuntime/7.29.0\"\n"}
{"level":"info","message":"::1 - [2022-06-21T10:50:31.202Z] \"GET /api/v1/branches HTTP/1.1\" 401 86 \"-\" \"PostmanRuntime/7.29.0\"\n"}
{"level":"info","message":"::1 - [2022-06-21T10:53:21.791Z] \"GET /api/v1/branches?visit=true&appointment=true HTTP/1.1\" 200 1905 \"-\" \"PostmanRuntime/7.29.0\"\n"}
{"level":"info","message":"::1 - [2022-06-21T10:53:32.205Z] \"GET /api/v1/branches HTTP/1.1\" 401 86 \"-\" \"PostmanRuntime/7.29.0\"\n"}
{"level":"info","message":"::1 - [2022-06-21T10:53:33.539Z] \"GET /api/v1/branches HTTP/1.1\" 401 86 \"-\" \"PostmanRuntime/7.29.0\"\n"}
{"level":"info","message":"::1 - [2022-06-21T10:53:36.393Z] \"GET /api/v1/branches?visit=true&appointment=true HTTP/1.1\" 200 1905 \"-\" \"PostmanRuntime/7.29.0\"\n"}
