{"level":"info","message":"::1 - [2022-04-13T14:21:28.148Z] \"GET /api/v1/branches HTTP/1.1\" 400 57 \"-\" \"Mozilla/5.0 (X11; Linux x86_64) AppleWebKit/537.36 (KHTML, like Gecko) Chrome/99.0.4844.82 Safari/537.36\"\n"}
{"level":"info","message":"::1 - [2022-04-13T14:21:28.217Z] \"GET /favicon.ico HTTP/1.1\" 400 57 \"http://localhost:3000/api/v1/branches\" \"Mozilla/5.0 (X11; Linux x86_64) AppleWebKit/537.36 (KHTML, like Gecko) Chrome/99.0.4844.82 Safari/537.36\"\n"}
{"level":"info","message":"::1 - [2022-04-13T14:22:34.412Z] \"GET /api/v1/branches HTTP/1.1\" - - \"-\" \"Mozilla/5.0 (X11; Linux x86_64) AppleWebKit/537.36 (KHTML, like Gecko) Chrome/99.0.4844.82 Safari/537.36\"\n"}
{"level":"info","message":"::1 - [2022-04-13T14:27:31.924Z] \"GET /api/v1/branches HTTP/1.1\" 200 62 \"-\" \"Mozilla/5.0 (X11; Linux x86_64) AppleWebKit/537.36 (KHTML, like Gecko) Chrome/99.0.4844.82 Safari/537.36\"\n"}
{"level":"info","message":"::1 - [2022-04-13T14:27:31.983Z] \"GET /favicon.ico HTTP/1.1\" 400 57 \"http://localhost:3000/api/v1/branches\" \"Mozilla/5.0 (X11; Linux x86_64) AppleWebKit/537.36 (KHTML, like Gecko) Chrome/99.0.4844.82 Safari/537.36\"\n"}
{"level":"info","message":"::1 - [2022-04-13T14:31:35.961Z] \"GET /api/v1/branches HTTP/1.1\" 200 31 \"-\" \"Mozilla/5.0 (X11; Linux x86_64) AppleWebKit/537.36 (KHTML, like Gecko) Chrome/99.0.4844.82 Safari/537.36\"\n"}
{"level":"info","message":"::1 - [2022-04-13T14:31:36.021Z] \"GET /favicon.ico HTTP/1.1\" 400 57 \"http://localhost:3000/api/v1/branches\" \"Mozilla/5.0 (X11; Linux x86_64) AppleWebKit/537.36 (KHTML, like Gecko) Chrome/99.0.4844.82 Safari/537.36\"\n"}
{"level":"info","message":"::1 - [2022-04-13T14:31:43.138Z] \"GET /api/v1/branches HTTP/1.1\" 304 - \"-\" \"Mozilla/5.0 (X11; Linux x86_64) AppleWebKit/537.36 (KHTML, like Gecko) Chrome/99.0.4844.82 Safari/537.36\"\n"}
{"level":"info","message":"::1 - [2022-04-13T14:31:43.167Z] \"GET /favicon.ico HTTP/1.1\" 400 57 \"http://localhost:3000/api/v1/branches\" \"Mozilla/5.0 (X11; Linux x86_64) AppleWebKit/537.36 (KHTML, like Gecko) Chrome/99.0.4844.82 Safari/537.36\"\n"}
{"level":"info","message":"::1 - [2022-04-13T14:33:31.413Z] \"GET /api/v1/branches HTTP/1.1\" 200 15 \"-\" \"Mozilla/5.0 (X11; Linux x86_64) AppleWebKit/537.36 (KHTML, like Gecko) Chrome/99.0.4844.82 Safari/537.36\"\n"}
{"level":"info","message":"::1 - [2022-04-13T14:33:31.454Z] \"GET /favicon.ico HTTP/1.1\" 400 57 \"http://localhost:3000/api/v1/branches\" \"Mozilla/5.0 (X11; Linux x86_64) AppleWebKit/537.36 (KHTML, like Gecko) Chrome/99.0.4844.82 Safari/537.36\"\n"}
{"level":"info","message":"::1 - [2022-04-13T14:34:00.943Z] \"GET /api/v1/branches HTTP/1.1\" 200 34 \"-\" \"Mozilla/5.0 (X11; Linux x86_64) AppleWebKit/537.36 (KHTML, like Gecko) Chrome/99.0.4844.82 Safari/537.36\"\n"}
{"level":"info","message":"::1 - [2022-04-13T14:34:00.983Z] \"GET /favicon.ico HTTP/1.1\" 400 57 \"http://localhost:3000/api/v1/branches\" \"Mozilla/5.0 (X11; Linux x86_64) AppleWebKit/537.36 (KHTML, like Gecko) Chrome/99.0.4844.82 Safari/537.36\"\n"}
{"level":"info","message":"::1 - [2022-04-13T14:34:23.784Z] \"GET /api/v1/branches HTTP/1.1\" 304 - \"-\" \"Mozilla/5.0 (X11; Linux x86_64) AppleWebKit/537.36 (KHTML, like Gecko) Chrome/99.0.4844.82 Safari/537.36\"\n"}
{"level":"info","message":"::1 - [2022-04-13T14:34:23.829Z] \"GET /favicon.ico HTTP/1.1\" 400 57 \"http://localhost:3000/api/v1/branches\" \"Mozilla/5.0 (X11; Linux x86_64) AppleWebKit/537.36 (KHTML, like Gecko) Chrome/99.0.4844.82 Safari/537.36\"\n"}
{"level":"info","message":"::1 - [2022-04-13T14:35:18.325Z] \"GET /api/v1/branches HTTP/1.1\" 200 154 \"-\" \"Mozilla/5.0 (X11; Linux x86_64) AppleWebKit/537.36 (KHTML, like Gecko) Chrome/99.0.4844.82 Safari/537.36\"\n"}
{"level":"info","message":"::1 - [2022-04-13T14:35:18.371Z] \"GET /favicon.ico HTTP/1.1\" 400 57 \"http://localhost:3000/api/v1/branches\" \"Mozilla/5.0 (X11; Linux x86_64) AppleWebKit/537.36 (KHTML, like Gecko) Chrome/99.0.4844.82 Safari/537.36\"\n"}
{"level":"info","message":"::1 - [2022-04-13T14:36:01.865Z] \"GET /api/v1/branches HTTP/1.1\" 304 - \"-\" \"Mozilla/5.0 (X11; Linux x86_64) AppleWebKit/537.36 (KHTML, like Gecko) Chrome/99.0.4844.82 Safari/537.36\"\n"}
{"level":"info","message":"::1 - [2022-04-13T14:36:01.906Z] \"GET /favicon.ico HTTP/1.1\" 400 57 \"http://localhost:3000/api/v1/branches\" \"Mozilla/5.0 (X11; Linux x86_64) AppleWebKit/537.36 (KHTML, like Gecko) Chrome/99.0.4844.82 Safari/537.36\"\n"}
{"level":"info","message":"::1 - [2022-04-13T14:50:32.928Z] \"GET /api/v1/branches HTTP/1.1\" 200 201 \"-\" \"Mozilla/5.0 (X11; Linux x86_64) AppleWebKit/537.36 (KHTML, like Gecko) Chrome/99.0.4844.82 Safari/537.36\"\n"}
{"level":"info","message":"::1 - [2022-04-13T14:50:32.978Z] \"GET /favicon.ico HTTP/1.1\" 400 57 \"http://localhost:3000/api/v1/branches\" \"Mozilla/5.0 (X11; Linux x86_64) AppleWebKit/537.36 (KHTML, like Gecko) Chrome/99.0.4844.82 Safari/537.36\"\n"}
{"level":"info","message":"::1 - [2022-04-13T14:50:38.639Z] \"GET /api/v1/branches HTTP/1.1\" 304 - \"-\" \"Mozilla/5.0 (X11; Linux x86_64) AppleWebKit/537.36 (KHTML, like Gecko) Chrome/99.0.4844.82 Safari/537.36\"\n"}
{"level":"info","message":"::1 - [2022-04-13T14:50:38.673Z] \"GET /favicon.ico HTTP/1.1\" 400 57 \"http://localhost:3000/api/v1/branches\" \"Mozilla/5.0 (X11; Linux x86_64) AppleWebKit/537.36 (KHTML, like Gecko) Chrome/99.0.4844.82 Safari/537.36\"\n"}
{"level":"info","message":"::1 - [2022-04-13T14:55:28.541Z] \"POST /api/v1/branches HTTP/1.1\" 200 57 \"-\" \"PostmanRuntime/7.29.0\"\n"}
{"level":"info","message":"::1 - [2022-04-13T14:55:50.840Z] \"GET /api/v1/branches HTTP/1.1\" 200 722 \"-\" \"Mozilla/5.0 (X11; Linux x86_64) AppleWebKit/537.36 (KHTML, like Gecko) Chrome/99.0.4844.82 Safari/537.36\"\n"}
{"level":"info","message":"::1 - [2022-04-13T14:55:50.892Z] \"GET /favicon.ico HTTP/1.1\" 400 57 \"http://localhost:3000/api/v1/branches\" \"Mozilla/5.0 (X11; Linux x86_64) AppleWebKit/537.36 (KHTML, like Gecko) Chrome/99.0.4844.82 Safari/537.36\"\n"}
{"level":"info","message":"::1 - [2022-04-13T14:58:57.753Z] \"POST /api/v1/branches HTTP/1.1\" 200 57 \"-\" \"PostmanRuntime/7.29.0\"\n"}
{"level":"info","message":"::1 - [2022-04-13T15:03:06.863Z] \"GET /api/v1/branches HTTP/1.1\" 200 722 \"-\" \"Mozilla/5.0 (X11; Linux x86_64) AppleWebKit/537.36 (KHTML, like Gecko) Chrome/99.0.4844.82 Safari/537.36\"\n"}
{"level":"info","message":"::1 - [2022-04-13T15:03:06.923Z] \"GET /favicon.ico HTTP/1.1\" 400 57 \"http://localhost:3000/api/v1/branches\" \"Mozilla/5.0 (X11; Linux x86_64) AppleWebKit/537.36 (KHTML, like Gecko) Chrome/99.0.4844.82 Safari/537.36\"\n"}
{"level":"info","message":"::1 - [2022-04-13T15:03:40.894Z] \"GET /api/v1/branches HTTP/1.1\" 304 - \"-\" \"Mozilla/5.0 (X11; Linux x86_64) AppleWebKit/537.36 (KHTML, like Gecko) Chrome/99.0.4844.82 Safari/537.36\"\n"}
{"level":"info","message":"::1 - [2022-04-13T15:03:40.947Z] \"GET /favicon.ico HTTP/1.1\" 400 57 \"http://localhost:3000/api/v1/branches\" \"Mozilla/5.0 (X11; Linux x86_64) AppleWebKit/537.36 (KHTML, like Gecko) Chrome/99.0.4844.82 Safari/537.36\"\n"}
{"level":"info","message":"::1 - [2022-04-13T15:06:44.873Z] \"GET /api/v1/branches HTTP/1.1\" 304 - \"-\" \"Mozilla/5.0 (X11; Linux x86_64) AppleWebKit/537.36 (KHTML, like Gecko) Chrome/99.0.4844.82 Safari/537.36\"\n"}
{"level":"info","message":"::1 - [2022-04-13T15:06:44.912Z] \"GET /favicon.ico HTTP/1.1\" 400 57 \"http://localhost:3000/api/v1/branches\" \"Mozilla/5.0 (X11; Linux x86_64) AppleWebKit/537.36 (KHTML, like Gecko) Chrome/99.0.4844.82 Safari/537.36\"\n"}
{"level":"info","message":"::1 - [2022-04-13T15:24:36.785Z] \"GET /api/v1/branches HTTP/1.1\" 200 775 \"-\" \"Mozilla/5.0 (X11; Linux x86_64) AppleWebKit/537.36 (KHTML, like Gecko) Chrome/99.0.4844.82 Safari/537.36\"\n"}
{"level":"info","message":"::1 - [2022-04-13T15:24:36.830Z] \"GET /favicon.ico HTTP/1.1\" 400 57 \"http://localhost:3000/api/v1/branches\" \"Mozilla/5.0 (X11; Linux x86_64) AppleWebKit/537.36 (KHTML, like Gecko) Chrome/99.0.4844.82 Safari/537.36\"\n"}
{"level":"info","message":"::1 - [2022-04-13T15:24:36.855Z] \"GET /api/v1/branches HTTP/1.1\" 304 - \"-\" \"Mozilla/5.0 (X11; Linux x86_64) AppleWebKit/537.36 (KHTML, like Gecko) Chrome/99.0.4844.82 Safari/537.36\"\n"}
{"level":"info","message":"::1 - [2022-04-13T15:24:36.890Z] \"GET /favicon.ico HTTP/1.1\" 400 57 \"http://localhost:3000/api/v1/branches\" \"Mozilla/5.0 (X11; Linux x86_64) AppleWebKit/537.36 (KHTML, like Gecko) Chrome/99.0.4844.82 Safari/537.36\"\n"}
{"level":"info","message":"::1 - [2022-04-13T15:26:11.059Z] \"GET /api/v1/branches HTTP/1.1\" 304 - \"-\" \"Mozilla/5.0 (X11; Linux x86_64) AppleWebKit/537.36 (KHTML, like Gecko) Chrome/99.0.4844.82 Safari/537.36\"\n"}
{"level":"info","message":"::1 - [2022-04-13T15:26:11.106Z] \"GET /favicon.ico HTTP/1.1\" 400 57 \"http://localhost:3000/api/v1/branches\" \"Mozilla/5.0 (X11; Linux x86_64) AppleWebKit/537.36 (KHTML, like Gecko) Chrome/99.0.4844.82 Safari/537.36\"\n"}
{"level":"info","message":"::1 - [2022-04-13T16:01:15.880Z] \"GET /api/v1/branches HTTP/1.1\" 200 775 \"-\" \"PostmanRuntime/7.29.0\"\n"}
{"level":"info","message":"::1 - [2022-04-13T16:02:05.349Z] \"GET /api/v1/branches HTTP/1.1\" 200 775 \"-\" \"PostmanRuntime/7.29.0\"\n"}
{"level":"info","message":"::1 - [2022-04-13T16:03:10.510Z] \"DELETE /api/v1/branches HTTP/1.1\" 200 34 \"-\" \"PostmanRuntime/7.29.0\"\n"}
{"level":"info","message":"::1 - [2022-04-13T16:03:45.876Z] \"DELETE /api/v1/branches HTTP/1.1\" 200 62 \"-\" \"PostmanRuntime/7.29.0\"\n"}
{"level":"info","message":"::1 - [2022-04-13T16:04:31.180Z] \"DELETE /api/v1/branches HTTP/1.1\" 200 62 \"-\" \"PostmanRuntime/7.29.0\"\n"}
{"level":"info","message":"::1 - [2022-04-13T16:04:42.507Z] \"DELETE /api/v1/branches HTTP/1.1\" 400 57 \"-\" \"PostmanRuntime/7.29.0\"\n"}
{"level":"info","message":"::1 - [2022-04-13T16:04:47.916Z] \"GET /api/v1/branches HTTP/1.1\" 200 775 \"-\" \"PostmanRuntime/7.29.0\"\n"}
{"level":"info","message":"::1 - [2022-04-13T16:04:59.165Z] \"DELETE /api/v1/branches HTTP/1.1\" 400 57 \"-\" \"PostmanRuntime/7.29.0\"\n"}
{"level":"info","message":"::1 - [2022-04-13T16:05:07.253Z] \"DELETE /api/v1/branches/239876 HTTP/1.1\" 200 34 \"-\" \"PostmanRuntime/7.29.0\"\n"}
{"level":"info","message":"::1 - [2022-04-13T16:06:31.928Z] \"DELETE /api/v1/branches/239876?name HTTP/1.1\" 200 34 \"-\" \"PostmanRuntime/7.29.0\"\n"}
{"level":"info","message":"::1 - [2022-04-13T16:06:57.134Z] \"DELETE /api/v1/branches/239876?name=emmanuel HTTP/1.1\" 200 64 \"-\" \"PostmanRuntime/7.29.0\"\n"}
{"level":"info","message":"::1 - [2022-04-13T16:07:11.904Z] \"DELETE /api/v1/branches/2398787653223 HTTP/1.1\" 200 64 \"-\" \"PostmanRuntime/7.29.0\"\n"}
{"level":"info","message":"::1 - [2022-04-13T16:07:57.514Z] \"DELETE /api/v1/branches/2398787653223 HTTP/1.1\" 200 65 \"-\" \"PostmanRuntime/7.29.0\"\n"}
{"level":"info","message":"::1 - [2022-04-13T16:08:29.063Z] \"DELETE /api/v1/branches/2398787653223 HTTP/1.1\" 200 34 \"-\" \"PostmanRuntime/7.29.0\"\n"}
{"level":"info","message":"::1 - [2022-04-13T16:10:09.761Z] \"PATCH /api/v1/branches HTTP/1.1\" 200 775 \"-\" \"PostmanRuntime/7.29.0\"\n"}
{"level":"info","message":"::1 - [2022-04-13T16:12:11.155Z] \"PATCH /api/v1/branches HTTP/1.1\" 200 62 \"-\" \"PostmanRuntime/7.29.0\"\n"}
{"level":"info","message":"::1 - [2022-04-13T16:12:32.379Z] \"PATCH /api/v1/branches HTTP/1.1\" 400 57 \"-\" \"PostmanRuntime/7.29.0\"\n"}
{"level":"info","message":"::1 - [2022-04-13T16:12:50.847Z] \"PATCH /api/v1/branches/7823834 HTTP/1.1\" 200 62 \"-\" \"PostmanRuntime/7.29.0\"\n"}
{"level":"info","message":"::1 - [2022-04-13T16:13:30.804Z] \"PATCH /api/v1/branches/2398787653223 HTTP/1.1\" 200 62 \"-\" \"PostmanRuntime/7.29.0\"\n"}
{"level":"info","message":"::1 - [2022-04-13T16:14:09.928Z] \"DELETE /api/v1/branches/2398787653223 HTTP/1.1\" 200 34 \"-\" \"PostmanRuntime/7.29.0\"\n"}
{"level":"info","message":"::1 - [2022-04-13T16:14:17.457Z] \"PATCH /api/v1/branches/2398787653223 HTTP/1.1\" 200 62 \"-\" \"PostmanRuntime/7.29.0\"\n"}
{"level":"info","message":"::1 - [2022-04-13T16:15:03.523Z] \"PATCH /api/v1/branches/2398787653223 HTTP/1.1\" 200 62 \"-\" \"PostmanRuntime/7.29.0\"\n"}
{"level":"info","message":"::1 - [2022-04-13T16:15:05.469Z] \"PATCH /api/v1/branches/2398787653223 HTTP/1.1\" 200 62 \"-\" \"PostmanRuntime/7.29.0\"\n"}
{"level":"info","message":"::1 - [2022-04-13T16:15:06.448Z] \"PATCH /api/v1/branches/2398787653223 HTTP/1.1\" 200 62 \"-\" \"PostmanRuntime/7.29.0\"\n"}
{"level":"info","message":"::1 - [2022-04-13T16:15:07.106Z] \"PATCH /api/v1/branches/2398787653223 HTTP/1.1\" 200 62 \"-\" \"PostmanRuntime/7.29.0\"\n"}
{"level":"info","message":"::1 - [2022-04-13T16:15:07.763Z] \"PATCH /api/v1/branches/2398787653223 HTTP/1.1\" 200 62 \"-\" \"PostmanRuntime/7.29.0\"\n"}
{"level":"info","message":"::1 - [2022-04-13T16:15:08.359Z] \"PATCH /api/v1/branches/2398787653223 HTTP/1.1\" 200 62 \"-\" \"PostmanRuntime/7.29.0\"\n"}
{"level":"info","message":"::1 - [2022-04-13T16:15:22.342Z] \"PATCH /api/v1/branches/2398787653223 HTTP/1.1\" 200 34 \"-\" \"PostmanRuntime/7.29.0\"\n"}
{"level":"info","message":"::1 - [2022-04-13T16:16:11.080Z] \"PATCH /api/v1/branches/2398787653223 HTTP/1.1\" 200 62 \"-\" \"PostmanRuntime/7.29.0\"\n"}
{"level":"info","message":"::1 - [2022-04-13T16:16:14.387Z] \"PATCH /api/v1/branches/2398787653223 HTTP/1.1\" 200 62 \"-\" \"PostmanRuntime/7.29.0\"\n"}
{"level":"info","message":"::1 - [2022-04-13T16:16:44.415Z] \"PATCH /api/v1/branches/2398787653223 HTTP/1.1\" 200 34 \"-\" \"PostmanRuntime/7.29.0\"\n"}
{"level":"info","message":"::1 - [2022-04-13T16:19:39.802Z] \"GET /api/v1/branches HTTP/1.1\" 200 775 \"-\" \"PostmanRuntime/7.29.0\"\n"}
{"level":"info","message":"::1 - [2022-04-13T16:19:46.980Z] \"GET /api/v1/branches HTTP/1.1\" 200 775 \"-\" \"PostmanRuntime/7.29.0\"\n"}
{"level":"info","message":"::1 - [2022-04-13T16:19:55.821Z] \"PATCH /api/v1/branches/2398787653223 HTTP/1.1\" - - \"-\" \"PostmanRuntime/7.29.0\"\n"}
{"level":"info","message":"::1 - [2022-04-13T16:20:48.628Z] \"GET /api/v1/branches HTTP/1.1\" 304 - \"-\" \"Mozilla/5.0 (X11; Linux x86_64) AppleWebKit/537.36 (KHTML, like Gecko) Chrome/99.0.4844.82 Safari/537.36\"\n"}
{"level":"info","message":"::1 - [2022-04-13T16:20:48.674Z] \"GET /favicon.ico HTTP/1.1\" 400 57 \"http://localhost:3000/api/v1/branches\" \"Mozilla/5.0 (X11; Linux x86_64) AppleWebKit/537.36 (KHTML, like Gecko) Chrome/99.0.4844.82 Safari/537.36\"\n"}
{"level":"info","message":"::1 - [2022-04-13T16:23:45.735Z] \"GET /api/v1/branches HTTP/1.1\" 200 797 \"-\" \"Mozilla/5.0 (X11; Linux x86_64) AppleWebKit/537.36 (KHTML, like Gecko) Chrome/99.0.4844.82 Safari/537.36\"\n"}
{"level":"info","message":"::1 - [2022-04-13T16:23:45.771Z] \"GET /favicon.ico HTTP/1.1\" 400 57 \"http://localhost:3000/api/v1/branches\" \"Mozilla/5.0 (X11; Linux x86_64) AppleWebKit/537.36 (KHTML, like Gecko) Chrome/99.0.4844.82 Safari/537.36\"\n"}
{"level":"info","message":"::1 - [2022-04-13T16:24:12.991Z] \"GET /api/v1/branches HTTP/1.1\" 200 797 \"-\" \"Mozilla/5.0 (X11; Linux x86_64) AppleWebKit/537.36 (KHTML, like Gecko) Chrome/99.0.4844.82 Safari/537.36\"\n"}
{"level":"info","message":"::1 - [2022-04-13T16:24:13.050Z] \"GET /favicon.ico HTTP/1.1\" 400 57 \"http://localhost:3000/api/v1/branches\" \"Mozilla/5.0 (X11; Linux x86_64) AppleWebKit/537.36 (KHTML, like Gecko) Chrome/99.0.4844.82 Safari/537.36\"\n"}
