{"level":"info","message":"::1 - [2022-06-22T22:00:14.627Z] \"DELETE /api/v1/services/delete/3 HTTP/1.1\" 200 148 \"-\" \"PostmanRuntime/7.29.0\"\n"}
{"level":"info","message":"::1 - [2022-06-22T22:01:02.237Z] \"DELETE /api/v1/services/delete/3 HTTP/1.1\" 200 148 \"-\" \"PostmanRuntime/7.29.0\"\n"}
{"level":"info","message":"::1 - [2022-06-22T22:02:13.342Z] \"DELETE /api/v1/services/delete/3 HTTP/1.1\" 500 117 \"-\" \"PostmanRuntime/7.29.0\"\n"}
{"level":"info","message":"::1 - [2022-06-22T22:03:01.247Z] \"DELETE /api/v1/services/delete/3 HTTP/1.1\" 500 117 \"-\" \"PostmanRuntime/7.29.0\"\n"}
{"level":"info","message":"::1 - [2022-06-22T22:04:35.350Z] \"DELETE /api/v1/services/delete/3 HTTP/1.1\" 500 134 \"-\" \"PostmanRuntime/7.29.0\"\n"}
{"level":"info","message":"::1 - [2022-06-22T22:11:49.039Z] \"POST /api/v1/branches HTTP/1.1\" 401 86 \"-\" \"PostmanRuntime/7.29.0\"\n"}
{"level":"info","message":"::1 - [2022-06-22T22:11:58.040Z] \"POST /api/v1/branches HTTP/1.1\" 401 138 \"-\" \"PostmanRuntime/7.29.0\"\n"}
{"level":"info","message":"::1 - [2022-06-22T22:12:37.367Z] \"POST /api/v1/branches HTTP/1.1\" 200 269 \"-\" \"PostmanRuntime/7.29.0\"\n"}
{"level":"info","message":"::1 - [2022-06-22T22:12:46.803Z] \"GET /api/v1/branches?visit=true&appointment=true HTTP/1.1\" 401 106 \"-\" \"PostmanRuntime/7.29.0\"\n"}
{"level":"info","message":"::1 - [2022-06-22T22:13:05.415Z] \"GET /api/v1/branches?visit=true&appointment=true HTTP/1.1\" 200 524 \"-\" \"PostmanRuntime/7.29.0\"\n"}
{"level":"info","message":"::1 - [2022-06-22T22:13:21.750Z] \"GET /api/v1/branches?id=RW02 HTTP/1.1\" 401 106 \"-\" \"PostmanRuntime/7.29.0\"\n"}
{"level":"info","message":"::1 - [2022-06-22T22:13:35.344Z] \"GET /api/v1/branches?id=RW02 HTTP/1.1\" 200 473 \"-\" \"PostmanRuntime/7.29.0\"\n"}
{"level":"info","message":"::1 - [2022-06-22T22:13:44.846Z] \"GET /api/v1/branches HTTP/1.1\" 200 494 \"-\" \"PostmanRuntime/7.29.0\"\n"}
{"level":"info","message":"::1 - [2022-06-22T22:14:04.079Z] \"PATCH /api/v1/branches/update/RW02 HTTP/1.1\" 401 86 \"-\" \"PostmanRuntime/7.29.0\"\n"}
{"level":"info","message":"::1 - [2022-06-22T22:14:16.441Z] \"PATCH /api/v1/branches/update/RW02 HTTP/1.1\" 200 228 \"-\" \"PostmanRuntime/7.29.0\"\n"}
{"level":"info","message":"::1 - [2022-06-22T22:14:27.894Z] \"GET /api/v1/branches HTTP/1.1\" 200 495 \"-\" \"PostmanRuntime/7.29.0\"\n"}
{"level":"info","message":"::1 - [2022-06-22T22:14:41.959Z] \"DELETE /api/v1/branches/RW02 HTTP/1.1\" 400 57 \"-\" \"PostmanRuntime/7.29.0\"\n"}
{"level":"info","message":"::1 - [2022-06-22T22:14:53.219Z] \"DELETE /api/v1/branches/delete/RW02 HTTP/1.1\" 401 86 \"-\" \"PostmanRuntime/7.29.0\"\n"}
{"level":"info","message":"::1 - [2022-06-22T22:15:03.774Z] \"DELETE /api/v1/branches/delete/RW023 HTTP/1.1\" 500 134 \"-\" \"PostmanRuntime/7.29.0\"\n"}
{"level":"info","message":"::1 - [2022-06-22T22:15:31.694Z] \"DELETE /api/v1/branches/delete/RW023 HTTP/1.1\" 500 133 \"-\" \"PostmanRuntime/7.29.0\"\n"}
{"level":"info","message":"::1 - [2022-06-22T22:15:40.912Z] \"DELETE /api/v1/branches/delete/RW02 HTTP/1.1\" 500 133 \"-\" \"PostmanRuntime/7.29.0\"\n"}
{"level":"info","message":"::1 - [2022-06-22T22:15:56.974Z] \"DELETE /api/v1/branches/delete/RW02 HTTP/1.1\" 500 133 \"-\" \"PostmanRuntime/7.29.0\"\n"}
{"level":"info","message":"::1 - [2022-06-22T22:17:05.840Z] \"DELETE /api/v1/branches/delete/RW02 HTTP/1.1\" 500 133 \"-\" \"PostmanRuntime/7.29.0\"\n"}
{"level":"info","message":"::1 - [2022-06-22T22:17:48.738Z] \"DELETE /api/v1/branches/delete/RW02 HTTP/1.1\" 500 133 \"-\" \"PostmanRuntime/7.29.0\"\n"}
{"level":"info","message":"::1 - [2022-06-22T22:17:50.307Z] \"DELETE /api/v1/branches/delete/RW02 HTTP/1.1\" 500 133 \"-\" \"PostmanRuntime/7.29.0\"\n"}
{"level":"info","message":"::1 - [2022-06-22T22:18:37.884Z] \"DELETE /api/v1/branches/delete/RW02 HTTP/1.1\" 500 133 \"-\" \"PostmanRuntime/7.29.0\"\n"}
{"level":"info","message":"::1 - [2022-06-22T22:19:10.095Z] \"DELETE /api/v1/branches/delete/RW02 HTTP/1.1\" 500 133 \"-\" \"PostmanRuntime/7.29.0\"\n"}
{"level":"info","message":"::1 - [2022-06-22T22:20:14.476Z] \"DELETE /api/v1/branches/delete/RW02 HTTP/1.1\" 500 328 \"-\" \"PostmanRuntime/7.29.0\"\n"}
{"level":"info","message":"::1 - [2022-06-23T09:33:34.698Z] \"POST /api/v1/appointments?account=false HTTP/1.1\" 401 86 \"-\" \"PostmanRuntime/7.29.0\"\n"}
{"level":"info","message":"::1 - [2022-06-23T09:33:45.648Z] \"GET /api/v1/appointments?account=false HTTP/1.1\" 401 86 \"-\" \"PostmanRuntime/7.29.0\"\n"}
{"level":"info","message":"::1 - [2022-06-23T09:34:13.243Z] \"GET /api/v1/appointments?account=false HTTP/1.1\" 500 156 \"-\" \"PostmanRuntime/7.29.0\"\n"}
{"level":"info","message":"::1 - [2022-06-23T09:35:36.667Z] \"GET /api/v1/appointments?account=false HTTP/1.1\" 500 156 \"-\" \"PostmanRuntime/7.29.0\"\n"}
{"level":"info","message":"::1 - [2022-06-23T09:35:38.657Z] \"GET /api/v1/appointments?account=false HTTP/1.1\" 500 156 \"-\" \"PostmanRuntime/7.29.0\"\n"}
{"level":"info","message":"::1 - [2022-06-23T09:35:39.589Z] \"GET /api/v1/appointments?account=false HTTP/1.1\" 500 156 \"-\" \"PostmanRuntime/7.29.0\"\n"}
{"level":"info","message":"::1 - [2022-06-23T09:36:02.143Z] \"GET /api/v1/appointments HTTP/1.1\" 401 138 \"-\" \"PostmanRuntime/7.29.0\"\n"}
{"level":"info","message":"::1 - [2022-06-23T09:37:08.661Z] \"GET /api/v1/appointments?account=false HTTP/1.1\" 500 156 \"-\" \"PostmanRuntime/7.29.0\"\n"}
{"level":"info","message":"::1 - [2022-06-23T09:43:38.211Z] \"GET /api/v1/appointments?account=false HTTP/1.1\" 500 156 \"-\" \"PostmanRuntime/7.29.0\"\n"}
{"level":"info","message":"::1 - [2022-06-23T09:43:56.637Z] \"POST /api/v1/appointments?account=false HTTP/1.1\" 500 154 \"-\" \"PostmanRuntime/7.29.0\"\n"}
{"level":"info","message":"::1 - [2022-06-23T09:46:55.369Z] \"POST /api/v1/appointments?account=false HTTP/1.1\" 401 138 \"-\" \"PostmanRuntime/7.29.0\"\n"}
{"level":"info","message":"::1 - [2022-06-23T09:51:03.202Z] \"POST /api/v1/appointments?account=false HTTP/1.1\" 500 165 \"-\" \"PostmanRuntime/7.29.0\"\n"}
{"level":"info","message":"::1 - [2022-06-23T09:52:42.872Z] \"POST /api/v1/appointments?account=false HTTP/1.1\" 500 157 \"-\" \"PostmanRuntime/7.29.0\"\n"}
{"level":"info","message":"::1 - [2022-06-23T09:52:52.015Z] \"POST /api/v1/appointments?account=false HTTP/1.1\" 500 165 \"-\" \"PostmanRuntime/7.29.0\"\n"}
{"level":"info","message":"::1 - [2022-06-23T09:54:59.523Z] \"POST /api/v1/appointments?account=false HTTP/1.1\" 500 165 \"-\" \"PostmanRuntime/7.29.0\"\n"}
{"level":"info","message":"::1 - [2022-06-23T09:55:43.180Z] \"POST /api/v1/appointments?account=false HTTP/1.1\" 500 165 \"-\" \"PostmanRuntime/7.29.0\"\n"}
{"level":"info","message":"::1 - [2022-06-23T09:56:29.541Z] \"POST /api/v1/appointments?account=false HTTP/1.1\" 500 534 \"-\" \"PostmanRuntime/7.29.0\"\n"}
{"level":"info","message":"::1 - [2022-06-23T09:57:36.867Z] \"POST /api/v1/appointments?account=false HTTP/1.1\" 500 155 \"-\" \"PostmanRuntime/7.29.0\"\n"}
{"level":"info","message":"::1 - [2022-06-23T09:57:56.040Z] \"POST /api/v1/appointments?account=false HTTP/1.1\" 500 549 \"-\" \"PostmanRuntime/7.29.0\"\n"}
{"level":"info","message":"::1 - [2022-06-23T09:58:38.464Z] \"POST /api/v1/appointments?account=false HTTP/1.1\" 500 546 \"-\" \"PostmanRuntime/7.29.0\"\n"}
{"level":"info","message":"::1 - [2022-06-23T09:59:42.367Z] \"POST /api/v1/appointments?account=false HTTP/1.1\" 500 545 \"-\" \"PostmanRuntime/7.29.0\"\n"}
{"level":"info","message":"::1 - [2022-06-23T10:00:49.716Z] \"POST /api/v1/appointments?account=false HTTP/1.1\" 500 392 \"-\" \"PostmanRuntime/7.29.0\"\n"}
{"level":"info","message":"::1 - [2022-06-23T10:04:08.329Z] \"POST /api/v1/appointments?account=false HTTP/1.1\" 200 136 \"-\" \"PostmanRuntime/7.29.0\"\n"}
{"level":"info","message":"::1 - [2022-06-23T10:06:31.571Z] \"POST /api/v1/appointments?account=false HTTP/1.1\" 200 136 \"-\" \"PostmanRuntime/7.29.0\"\n"}
{"level":"info","message":"::1 - [2022-06-23T10:09:36.999Z] \"POST /api/v1/appointments HTTP/1.1\" 401 86 \"-\" \"PostmanRuntime/7.29.0\"\n"}
{"level":"info","message":"::1 - [2022-06-23T10:10:21.964Z] \"POST /api/v1/appointments HTTP/1.1\" 200 136 \"-\" \"PostmanRuntime/7.29.0\"\n"}
{"level":"info","message":"::1 - [2022-06-23T10:11:57.219Z] \"GET /api/v1/appointments?id=3 HTTP/1.1\" 401 106 \"-\" \"PostmanRuntime/7.29.0\"\n"}
{"level":"info","message":"::1 - [2022-06-23T10:12:04.455Z] \"GET /api/v1/appointments?id=3 HTTP/1.1\" 401 106 \"-\" \"PostmanRuntime/7.29.0\"\n"}
{"level":"info","message":"::1 - [2022-06-23T10:12:28.107Z] \"GET /api/v1/appointments HTTP/1.1\" 401 138 \"-\" \"PostmanRuntime/7.29.0\"\n"}
{"level":"info","message":"::1 - [2022-06-23T10:13:29.139Z] \"GET /api/v1/appointments HTTP/1.1\" 404 196 \"-\" \"PostmanRuntime/7.29.0\"\n"}
{"level":"info","message":"::1 - [2022-06-23T10:14:15.967Z] \"GET /api/v1/appointments HTTP/1.1\" 200 119 \"-\" \"PostmanRuntime/7.29.0\"\n"}
{"level":"info","message":"::1 - [2022-06-23T10:15:12.834Z] \"GET /api/v1/appointments HTTP/1.1\" 200 119 \"-\" \"PostmanRuntime/7.29.0\"\n"}
{"level":"info","message":"::1 - [2022-06-23T10:16:06.640Z] \"GET /api/v1/appointments HTTP/1.1\" 200 763 \"-\" \"PostmanRuntime/7.29.0\"\n"}
{"level":"info","message":"::1 - [2022-06-23T10:16:18.808Z] \"GET /api/v1/appointments HTTP/1.1\" 404 196 \"-\" \"PostmanRuntime/7.29.0\"\n"}
{"level":"info","message":"::1 - [2022-06-23T10:16:25.148Z] \"GET /api/v1/appointments HTTP/1.1\" 200 1351 \"-\" \"PostmanRuntime/7.29.0\"\n"}
{"level":"info","message":"::1 - [2022-06-23T10:17:36.895Z] \"GET /api/v1/appointments HTTP/1.1\" 404 196 \"-\" \"PostmanRuntime/7.29.0\"\n"}
{"level":"info","message":"::1 - [2022-06-23T10:19:06.032Z] \"GET /api/v1/appointments HTTP/1.1\" 200 1351 \"-\" \"PostmanRuntime/7.29.0\"\n"}
{"level":"info","message":"::1 - [2022-06-23T10:19:20.631Z] \"GET /api/v1/appointments HTTP/1.1\" 200 1351 \"-\" \"PostmanRuntime/7.29.0\"\n"}
{"level":"info","message":"::1 - [2022-06-23T10:22:51.973Z] \"GET /api/v1/appointments HTTP/1.1\" 404 277 \"-\" \"PostmanRuntime/7.29.0\"\n"}
{"level":"info","message":"::1 - [2022-06-23T10:30:26.899Z] \"GET /api/v1/appointments HTTP/1.1\" 200 1351 \"-\" \"PostmanRuntime/7.29.0\"\n"}
{"level":"info","message":"::1 - [2022-06-23T10:36:48.735Z] \"GET /api/v1/appointments HTTP/1.1\" 200 1351 \"-\" \"PostmanRuntime/7.29.0\"\n"}
{"level":"info","message":"::1 - [2022-06-23T10:38:23.199Z] \"GET /api/v1/appointments HTTP/1.1\" 200 1351 \"-\" \"PostmanRuntime/7.29.0\"\n"}
{"level":"info","message":"::1 - [2022-06-23T10:44:56.431Z] \"POST /api/v1/users/ HTTP/1.1\" 200 641 \"-\" \"PostmanRuntime/7.29.0\"\n"}
{"level":"info","message":"::1 - [2022-06-23T10:45:14.911Z] \"POST /api/v1/branches HTTP/1.1\" 401 106 \"-\" \"PostmanRuntime/7.29.0\"\n"}
{"level":"info","message":"::1 - [2022-06-23T10:45:35.147Z] \"POST /api/v1/users/signin HTTP/1.1\" 200 678 \"-\" \"PostmanRuntime/7.29.0\"\n"}
{"level":"info","message":"::1 - [2022-06-23T10:45:58.963Z] \"POST /api/v1/branches HTTP/1.1\" 200 269 \"-\" \"PostmanRuntime/7.29.0\"\n"}
{"level":"info","message":"::1 - [2022-06-23T10:46:08.327Z] \"GET /api/v1/branches?visit=true&appointment=true HTTP/1.1\" 200 524 \"-\" \"PostmanRuntime/7.29.0\"\n"}
{"level":"info","message":"::1 - [2022-06-23T10:46:21.471Z] \"POST /api/v1/appointments?account=false HTTP/1.1\" 200 136 \"-\" \"PostmanRuntime/7.29.0\"\n"}
{"level":"info","message":"::1 - [2022-06-23T10:47:24.267Z] \"GET /api/v1/appointments HTTP/1.1\" 404 271 \"-\" \"PostmanRuntime/7.29.0\"\n"}
{"level":"info","message":"::1 - [2022-06-23T10:47:54.592Z] \"GET /api/v1/appointments HTTP/1.1\" 404 271 \"-\" \"PostmanRuntime/7.29.0\"\n"}
{"level":"info","message":"::1 - [2022-06-23T10:47:55.648Z] \"GET /api/v1/appointments HTTP/1.1\" 404 271 \"-\" \"PostmanRuntime/7.29.0\"\n"}
{"level":"info","message":"::1 - [2022-06-23T10:47:56.602Z] \"GET /api/v1/appointments HTTP/1.1\" 404 271 \"-\" \"PostmanRuntime/7.29.0\"\n"}
{"level":"info","message":"::1 - [2022-06-23T10:48:43.472Z] \"GET /api/v1/appointments HTTP/1.1\" 400 57 \"-\" \"PostmanRuntime/7.29.0\"\n"}
{"level":"info","message":"::1 - [2022-06-23T10:49:15.991Z] \"GET /api/v1/appointments HTTP/1.1\" 404 271 \"-\" \"PostmanRuntime/7.29.0\"\n"}
{"level":"info","message":"::1 - [2022-06-23T10:49:46.227Z] \"GET /api/v1/appointments HTTP/1.1\" 404 271 \"-\" \"PostmanRuntime/7.29.0\"\n"}
{"level":"info","message":"::1 - [2022-06-23T10:49:47.232Z] \"GET /api/v1/appointments HTTP/1.1\" 404 271 \"-\" \"PostmanRuntime/7.29.0\"\n"}
{"level":"info","message":"::1 - [2022-06-23T10:57:12.043Z] \"POST /api/v1/users/signin HTTP/1.1\" 500 131 \"-\" \"PostmanRuntime/7.29.0\"\n"}
{"level":"info","message":"::1 - [2022-06-23T10:57:26.612Z] \"POST /api/v1/users/signin HTTP/1.1\" 500 131 \"-\" \"PostmanRuntime/7.29.0\"\n"}
{"level":"info","message":"::1 - [2022-06-23T10:57:31.427Z] \"POST /api/v1/users/signin HTTP/1.1\" 500 131 \"-\" \"PostmanRuntime/7.29.0\"\n"}
{"level":"info","message":"::1 - [2022-06-23T10:57:40.891Z] \"POST /api/v1/users/signin HTTP/1.1\" 500 131 \"-\" \"PostmanRuntime/7.29.0\"\n"}
{"level":"info","message":"::1 - [2022-06-23T10:57:58.677Z] \"POST /api/v1/users/signin HTTP/1.1\" 500 131 \"-\" \"PostmanRuntime/7.29.0\"\n"}
{"level":"info","message":"::1 - [2022-06-23T10:58:42.789Z] \"POST /api/v1/users/signin HTTP/1.1\" 500 131 \"-\" \"PostmanRuntime/7.29.0\"\n"}
{"level":"info","message":"::1 - [2022-06-23T10:59:02.443Z] \"POST /api/v1/users/ HTTP/1.1\" 200 641 \"-\" \"PostmanRuntime/7.29.0\"\n"}
{"level":"info","message":"::1 - [2022-06-23T10:59:17.429Z] \"POST /api/v1/users/signin HTTP/1.1\" 200 678 \"-\" \"PostmanRuntime/7.29.0\"\n"}
{"level":"info","message":"::1 - [2022-06-23T11:00:09.135Z] \"POST /api/v1/branches HTTP/1.1\" 200 269 \"-\" \"PostmanRuntime/7.29.0\"\n"}
{"level":"info","message":"::1 - [2022-06-23T11:00:33.019Z] \"GET /api/v1/branches?visit=true&appointment=true HTTP/1.1\" 200 524 \"-\" \"PostmanRuntime/7.29.0\"\n"}
{"level":"info","message":"::1 - [2022-06-23T11:00:42.741Z] \"GET /api/v1/branches?id=RW02 HTTP/1.1\" 200 473 \"-\" \"PostmanRuntime/7.29.0\"\n"}
{"level":"info","message":"::1 - [2022-06-23T11:00:53.197Z] \"GET /api/v1/branches HTTP/1.1\" 200 494 \"-\" \"PostmanRuntime/7.29.0\"\n"}
{"level":"info","message":"::1 - [2022-06-23T11:01:08.662Z] \"POST /api/v1/appointments?account=false HTTP/1.1\" 200 136 \"-\" \"PostmanRuntime/7.29.0\"\n"}
{"level":"info","message":"::1 - [2022-06-23T11:01:49.079Z] \"POST /api/v1/appointments HTTP/1.1\" - - \"-\" \"PostmanRuntime/7.29.0\"\n"}
{"level":"info","message":"::1 - [2022-06-23T11:01:58.937Z] \"POST /api/v1/appointments HTTP/1.1\" 200 136 \"-\" \"PostmanRuntime/7.29.0\"\n"}
{"level":"info","message":"::1 - [2022-06-23T11:02:22.594Z] \"GET /api/v1/appointments HTTP/1.1\" 404 271 \"-\" \"PostmanRuntime/7.29.0\"\n"}
{"level":"info","message":"::1 - [2022-06-23T11:02:23.765Z] \"GET /api/v1/appointments HTTP/1.1\" 404 271 \"-\" \"PostmanRuntime/7.29.0\"\n"}
{"level":"info","message":"::1 - [2022-06-23T11:03:18.750Z] \"GET /api/v1/appointments HTTP/1.1\" 404 272 \"-\" \"PostmanRuntime/7.29.0\"\n"}
{"level":"info","message":"::1 - [2022-06-23T11:59:45.003Z] \"GET /api/v1/appointments HTTP/1.1\" 404 271 \"-\" \"PostmanRuntime/7.29.0\"\n"}
{"level":"info","message":"::1 - [2022-06-23T12:00:33.093Z] \"GET /api/v1/appointments HTTP/1.1\" 404 270 \"-\" \"PostmanRuntime/7.29.0\"\n"}
{"level":"info","message":"::1 - [2022-06-23T12:04:21.436Z] \"GET /api/v1/appointments HTTP/1.1\" 404 270 \"-\" \"PostmanRuntime/7.29.0\"\n"}
{"level":"info","message":"::1 - [2022-06-23T13:47:47.547Z] \"GET /api/v1/appointments HTTP/1.1\" 404 169 \"-\" \"PostmanRuntime/7.29.0\"\n"}
{"level":"info","message":"::1 - [2022-06-23T13:48:09.765Z] \"GET /api/v1/appointments HTTP/1.1\" 200 1906 \"-\" \"PostmanRuntime/7.29.0\"\n"}
