{"level":"error","message":{"reqBody":{},"reqIp":"::1","reqMethod":"GET","reqParams":{},"reqQuery":{},"reqTime":"2022-04-07 11:13:06","reqUrl":"/","response":{"message":"server_error.\"key\" is required","status":"error"}}}
{"level":"error","message":{"reqBody":{},"reqIp":"::1","reqMethod":"GET","reqParams":{},"reqQuery":{},"reqTime":"2022-04-07 11:14:17","reqUrl":"/","response":{"message":"server_error.\"key\" is required","status":"error"}}}
{"level":"error","message":{"reqBody":{},"reqIp":"::1","reqMethod":"GET","reqParams":{},"reqQuery":{},"reqTime":"2022-04-07 11:15:30","reqUrl":"/","response":{"message":"server_error.\"key\" is required","status":"error"}}}
{"level":"error","message":{"reqBody":{},"reqIp":"::1","reqMethod":"GET","reqParams":{},"reqQuery":{},"reqTime":"2022-04-07 11:16:35","reqUrl":"/","response":{"message":"server_error.\"key\" is required","status":"error"}}}
{"level":"error","message":{"reqBody":{},"reqIp":"::1","reqMethod":"GET","reqParams":{},"reqQuery":{},"reqTime":"2022-04-07 11:17:13","reqUrl":"/","response":{"message":"server_error.\"key\" is required","status":"error"}}}
{"level":"error","message":{"reqBody":{},"reqIp":"::1","reqMethod":"GET","reqParams":{},"reqQuery":{"name":"emmy"},"reqTime":"2022-04-07 11:17:13","reqUrl":"/?name=emmy","response":{"message":"server_error.\"key\" is required","status":"error"}}}
{"level":"error","message":{"reqBody":{},"reqIp":"::1","reqMethod":"GET","reqParams":{},"reqQuery":{"name":"emmy"},"reqTime":"2022-04-07 11:18:10","reqUrl":"/?name=emmy","response":{"message":"server_error.\"key\" is required","status":"error"}}}
{"level":"error","message":{"reqBody":{},"reqIp":"::1","reqMethod":"GET","reqParams":{},"reqQuery":{"name":"emmy"},"reqTime":"2022-04-07 11:20:03","reqUrl":"/?name=emmy","response":{"message":"server_error.\"key\" is required","status":"error"}}}
{"level":"error","message":{"reqBody":{},"reqIp":"::1","reqMethod":"GET","reqParams":{},"reqQuery":{"name":"emmy"},"reqTime":"2022-04-07 11:20:30","reqUrl":"/?name=emmy","response":{"message":"server_error.\"key\" is required","status":"error"}}}
{"level":"error","message":{"reqBody":{},"reqIp":"::1","reqMethod":"GET","reqParams":{},"reqQuery":{"name":"emmy"},"reqTime":"2022-04-07 11:20:56","reqUrl":"/?name=emmy","response":{"message":"server_error.\"name\" is not allowed","status":"error"}}}
{"level":"error","message":{"reqBody":{},"reqIp":"::1","reqMethod":"POST","reqParams":{},"reqQuery":{},"reqTime":"2022-04-07 11:53:05","reqUrl":"/","response":{"message":"server_error.\"name\" is required","status":"error"}}}
{"level":"error","message":{"reqBody":{"code":1,"createdBy":"emmanuel","description":"kunga service","name":"KUNGA"},"reqIp":"::1","reqMethod":"POST","reqParams":{},"reqQuery":{},"reqTime":"2022-04-07 11:54:37","reqUrl":"/","response":{"message":"server_error.\"code\" must be a string","status":"error"}}}
{"level":"error","message":{"reqBody":{},"reqIp":"::1","reqMethod":"GET","reqParams":{},"reqQuery":{},"reqTime":"2022-04-07 17:38:06","reqUrl":"/","response":{"message":"server_error.no_records_found","status":"error"}}}
{"code":11000,"index":0,"level":"error"}
{"level":"error","message":{"reqBody":{"code":1,"createdBy":"emmanuel","description":"kunga service","name":"KUNGA"},"reqIp":"::1","reqMethod":"POST","reqParams":{},"reqQuery":{},"reqTime":"2022-04-07 17:42:12","reqUrl":"/","response":{"message":"server_error.try_again","status":"error"}}}
{"code":11000,"index":0,"level":"error"}
{"level":"error","message":{"reqBody":{"code":1,"createdBy":"emmanuel","description":"kunga service","name":"KUNGA"},"reqIp":"::1","reqMethod":"POST","reqParams":{},"reqQuery":{},"reqTime":"2022-04-07 17:42:12","reqUrl":"/","response":{"message":"server_error.try_again","status":"error"}}}
{"code":11000,"index":0,"level":"error"}
{"level":"error","message":{"reqBody":{"code":1,"createdBy":"emmanuel","description":"kunga service","name":"KUNGA"},"reqIp":"::1","reqMethod":"POST","reqParams":{},"reqQuery":{},"reqTime":"2022-04-07 17:42:12","reqUrl":"/","response":{"message":"server_error.try_again","status":"error"}}}
{"level":"error","message":{"reqBody":{},"reqIp":"::1","reqMethod":"GET","reqParams":{},"reqQuery":{"name":"kunga"},"reqTime":"2022-04-07 17:42:12","reqUrl":"/?name=kunga","response":{"message":"server_error.\"name\" is not allowed","status":"error"}}}
{"level":"error","message":{"reqBody":{},"reqIp":"::1","reqMethod":"GET","reqParams":{},"reqQuery":{"name":"kunga"},"reqTime":"2022-04-07 18:05:35","reqUrl":"/?name=kunga","response":{"message":"server_error.no_records_found","status":"error"}}}
{"level":"error","message":{"reqBody":{},"reqIp":"::1","reqMethod":"GET","reqParams":{},"reqQuery":{"name":"kunga"},"reqTime":"2022-04-07 18:05:35","reqUrl":"/?name=kunga","response":{"message":"server_error.no_records_found","status":"error"}}}
{"level":"error","message":{"reqBody":{},"reqIp":"::1","reqMethod":"GET","reqParams":{},"reqQuery":{"name":"kunga"},"reqTime":"2022-04-07 18:10:13","reqUrl":"/?name=kunga","response":{"message":"server_error.no_records_found","status":"error"}}}
{"level":"error","message":{"reqBody":{},"reqIp":"::1","reqMethod":"GET","reqParams":{},"reqQuery":{"code":"1"},"reqTime":"2022-04-07 18:11:41","reqUrl":"/?code=1","response":{"message":"server_error.\"code\" is not allowed","status":"error"}}}
