{"level":"info","message":"::1 - [2022-06-24T07:08:23.747Z] \"POST /api/v1/users/ HTTP/1.1\" 200 650 \"-\" \"PostmanRuntime/7.29.0\"\n"}
{"level":"info","message":"::1 - [2022-06-24T07:10:49.898Z] \"POST /api/v1/users/signin HTTP/1.1\" 200 696 \"-\" \"PostmanRuntime/7.29.0\"\n"}
{"level":"info","message":"::1 - [2022-06-24T07:11:05.905Z] \"GET /api/v1/users HTTP/1.1\" 401 104 \"-\" \"PostmanRuntime/7.29.0\"\n"}
{"level":"info","message":"::1 - [2022-06-24T07:11:28.262Z] \"POST /api/v1/users/signin HTTP/1.1\" 200 696 \"-\" \"PostmanRuntime/7.29.0\"\n"}
{"level":"info","message":"::1 - [2022-06-24T07:11:32.370Z] \"GET /api/v1/users HTTP/1.1\" 401 104 \"-\" \"PostmanRuntime/7.29.0\"\n"}
{"level":"info","message":"::1 - [2022-06-24T07:11:43.243Z] \"POST /api/v1/users/signin HTTP/1.1\" 200 696 \"-\" \"PostmanRuntime/7.29.0\"\n"}
{"level":"info","message":"::1 - [2022-06-24T07:11:51.139Z] \"GET /api/v1/users HTTP/1.1\" 401 104 \"-\" \"PostmanRuntime/7.29.0\"\n"}
{"level":"info","message":"::1 - [2022-06-24T07:12:08.980Z] \"GET /api/v1/users HTTP/1.1\" 401 104 \"-\" \"PostmanRuntime/7.29.0\"\n"}
{"level":"info","message":"::1 - [2022-06-24T07:13:19.175Z] \"GET /api/v1/users HTTP/1.1\" 401 138 \"-\" \"PostmanRuntime/7.29.0\"\n"}
{"level":"info","message":"::1 - [2022-06-24T07:14:46.249Z] \"GET /api/v1/users HTTP/1.1\" 200 873 \"-\" \"PostmanRuntime/7.29.0\"\n"}
{"level":"info","message":"::1 - [2022-06-24T07:16:53.187Z] \"POST /api/v1/branches HTTP/1.1\" 401 138 \"-\" \"PostmanRuntime/7.29.0\"\n"}
{"level":"info","message":"::1 - [2022-06-24T07:19:38.990Z] \"POST /api/v1/branches HTTP/1.1\" 200 270 \"-\" \"PostmanRuntime/7.29.0\"\n"}
{"level":"info","message":"::1 - [2022-06-24T07:19:45.251Z] \"GET /api/v1/branches?visit=true&appointment=true HTTP/1.1\" 200 525 \"-\" \"PostmanRuntime/7.29.0\"\n"}
{"level":"info","message":"::1 - [2022-06-24T07:20:57.033Z] \"PATCH /api/v1/branches/update/RW01 HTTP/1.1\" 401 106 \"-\" \"PostmanRuntime/7.29.0\"\n"}
{"level":"info","message":"::1 - [2022-06-24T07:21:17.169Z] \"PATCH /api/v1/branches/update/RW01 HTTP/1.1\" 200 228 \"-\" \"PostmanRuntime/7.29.0\"\n"}
{"level":"info","message":"::1 - [2022-06-24T07:46:35.166Z] \"POST /api/v1/patients HTTP/1.1\" 401 86 \"-\" \"PostmanRuntime/7.29.0\"\n"}
{"level":"info","message":"::1 - [2022-06-24T07:46:44.592Z] \"POST /api/v1/patients HTTP/1.1\" 401 101 \"-\" \"PostmanRuntime/7.29.0\"\n"}
{"level":"info","message":"::1 - [2022-06-24T07:47:47.095Z] \"POST /api/v1/users/ HTTP/1.1\" 200 650 \"-\" \"PostmanRuntime/7.29.0\"\n"}
{"level":"info","message":"::1 - [2022-06-24T07:48:25.122Z] \"POST /api/v1/users/signin HTTP/1.1\" 200 696 \"-\" \"PostmanRuntime/7.29.0\"\n"}
{"level":"info","message":"::1 - [2022-06-24T07:48:37.908Z] \"GET /api/v1/users HTTP/1.1\" 200 890 \"-\" \"PostmanRuntime/7.29.0\"\n"}
{"level":"info","message":"::1 - [2022-06-24T07:48:48.940Z] \"POST /api/v1/branches HTTP/1.1\" 200 270 \"-\" \"PostmanRuntime/7.29.0\"\n"}
{"level":"info","message":"::1 - [2022-06-24T07:48:53.877Z] \"GET /api/v1/branches?visit=true&appointment=true HTTP/1.1\" 200 542 \"-\" \"PostmanRuntime/7.29.0\"\n"}
{"level":"info","message":"::1 - [2022-06-24T07:50:16.760Z] \"POST /api/v1/appointments?account=false HTTP/1.1\" - - \"-\" \"PostmanRuntime/7.29.0\"\n"}
{"level":"info","message":"::1 - [2022-06-24T07:50:47.488Z] \"POST /api/v1/patients HTTP/1.1\" 200 130 \"-\" \"PostmanRuntime/7.29.0\"\n"}
{"level":"info","message":"::1 - [2022-06-24T08:08:55.074Z] \"POST /api/v1/users/ HTTP/1.1\" 200 650 \"-\" \"PostmanRuntime/7.29.0\"\n"}
{"level":"info","message":"::1 - [2022-06-24T08:09:00.988Z] \"POST /api/v1/users/signin HTTP/1.1\" 200 696 \"-\" \"PostmanRuntime/7.29.0\"\n"}
{"level":"info","message":"::1 - [2022-06-24T08:09:07.482Z] \"POST /api/v1/branches HTTP/1.1\" 200 270 \"-\" \"PostmanRuntime/7.29.0\"\n"}
{"level":"info","message":"::1 - [2022-06-24T08:09:13.631Z] \"GET /api/v1/branches?visit=true&appointment=true HTTP/1.1\" 200 542 \"-\" \"PostmanRuntime/7.29.0\"\n"}
{"level":"info","message":"::1 - [2022-06-24T08:09:22.035Z] \"GET /api/v1/branches?id=RW02 HTTP/1.1\" 200 102 \"-\" \"PostmanRuntime/7.29.0\"\n"}
{"level":"info","message":"::1 - [2022-06-24T08:09:27.360Z] \"GET /api/v1/branches?id=RW01 HTTP/1.1\" 200 491 \"-\" \"PostmanRuntime/7.29.0\"\n"}
{"level":"info","message":"::1 - [2022-06-24T08:09:35.295Z] \"GET /api/v1/branches HTTP/1.1\" 200 512 \"-\" \"PostmanRuntime/7.29.0\"\n"}
{"level":"info","message":"::1 - [2022-06-24T08:09:50.992Z] \"POST /api/v1/appointments?account=false HTTP/1.1\" 500 157 \"-\" \"PostmanRuntime/7.29.0\"\n"}
{"level":"info","message":"::1 - [2022-06-24T08:11:04.489Z] \"POST /api/v1/appointments?account=false HTTP/1.1\" 200 136 \"-\" \"PostmanRuntime/7.29.0\"\n"}
{"level":"info","message":"::1 - [2022-06-24T08:12:51.156Z] \"PATCH /api/v1/appointments/update/1 HTTP/1.1\" 200 319 \"-\" \"PostmanRuntime/7.29.0\"\n"}
{"level":"info","message":"::1 - [2022-06-24T08:13:08.797Z] \"GET /api/v1/appointments HTTP/1.1\" 200 340 \"-\" \"PostmanRuntime/7.29.0\"\n"}
{"level":"info","message":"::1 - [2022-06-24T08:13:15.461Z] \"POST /api/v1/appointments HTTP/1.1\" 200 136 \"-\" \"PostmanRuntime/7.29.0\"\n"}
{"level":"info","message":"::1 - [2022-06-24T08:13:20.620Z] \"GET /api/v1/appointments HTTP/1.1\" 200 562 \"-\" \"PostmanRuntime/7.29.0\"\n"}
{"level":"info","message":"::1 - [2022-06-24T08:13:31.300Z] \"GET /api/v1/appointments?id=1 HTTP/1.1\" 200 319 \"-\" \"PostmanRuntime/7.29.0\"\n"}
{"level":"info","message":"::1 - [2022-06-24T08:13:42.345Z] \"GET /api/v1/appointments?patientId=12&status=success HTTP/1.1\" 200 119 \"-\" \"PostmanRuntime/7.29.0\"\n"}
{"level":"info","message":"::1 - [2022-06-24T08:13:47.054Z] \"GET /api/v1/appointments?patientId=12&status=failed HTTP/1.1\" 200 119 \"-\" \"PostmanRuntime/7.29.0\"\n"}
{"level":"info","message":"::1 - [2022-06-24T08:13:51.601Z] \"GET /api/v1/appointments?patientId=12&status=pending HTTP/1.1\" 200 119 \"-\" \"PostmanRuntime/7.29.0\"\n"}
{"level":"info","message":"::1 - [2022-06-24T08:13:58.009Z] \"GET /api/v1/appointments?patientId=12 HTTP/1.1\" 200 119 \"-\" \"PostmanRuntime/7.29.0\"\n"}
{"level":"info","message":"::1 - [2022-06-24T08:14:01.522Z] \"GET /api/v1/appointments?patientId=1 HTTP/1.1\" 200 562 \"-\" \"PostmanRuntime/7.29.0\"\n"}
{"level":"info","message":"::1 - [2022-06-24T08:14:12.985Z] \"DELETE /api/v1/appointments/delete/2 HTTP/1.1\" 200 319 \"-\" \"PostmanRuntime/7.29.0\"\n"}
{"level":"info","message":"::1 - [2022-06-24T08:14:20.373Z] \"DELETE /api/v1/appointments/delete/2 HTTP/1.1\" 404 135 \"-\" \"PostmanRuntime/7.29.0\"\n"}
{"level":"info","message":"::1 - [2022-06-24T08:15:38.319Z] \"GET /api/v1/branches?visit=true&appointment=true HTTP/1.1\" 200 985 \"-\" \"PostmanRuntime/7.29.0\"\n"}
{"level":"info","message":"::1 - [2022-06-24T08:15:54.070Z] \"GET /api/v1/branches?id=RW01 HTTP/1.1\" 200 491 \"-\" \"PostmanRuntime/7.29.0\"\n"}
{"level":"info","message":"::1 - [2022-06-24T08:16:07.803Z] \"GET /api/v1/branches HTTP/1.1\" 200 512 \"-\" \"PostmanRuntime/7.29.0\"\n"}
{"level":"info","message":"::1 - [2022-06-24T08:16:17.171Z] \"PATCH /api/v1/branches/update/RW01 HTTP/1.1\" 200 228 \"-\" \"PostmanRuntime/7.29.0\"\n"}
{"level":"info","message":"::1 - [2022-06-24T08:17:20.859Z] \"GET /api/v1/patients HTTP/1.1\" - - \"-\" \"PostmanRuntime/7.29.0\"\n"}
{"level":"info","message":"::1 - [2022-06-24T08:31:02.114Z] \"GET /api/v1/patients HTTP/1.1\" 500 133 \"-\" \"PostmanRuntime/7.29.0\"\n"}
{"level":"info","message":"::1 - [2022-06-24T08:32:15.278Z] \"GET /api/v1/patients HTTP/1.1\" 500 139 \"-\" \"PostmanRuntime/7.29.0\"\n"}
{"level":"info","message":"::1 - [2022-06-24T08:32:26.456Z] \"GET /api/v1/patients HTTP/1.1\" 500 163 \"-\" \"PostmanRuntime/7.29.0\"\n"}
{"level":"info","message":"::1 - [2022-06-24T08:40:52.194Z] \"GET /api/v1/patients HTTP/1.1\" 500 168 \"-\" \"PostmanRuntime/7.29.0\"\n"}
{"level":"info","message":"::1 - [2022-06-24T08:42:03.060Z] \"GET /api/v1/patients HTTP/1.1\" 200 1344 \"-\" \"PostmanRuntime/7.29.0\"\n"}
{"level":"info","message":"::1 - [2022-06-24T08:42:29.663Z] \"POST /api/v1/patients HTTP/1.1\" 200 130 \"-\" \"PostmanRuntime/7.29.0\"\n"}
{"level":"info","message":"::1 - [2022-06-24T08:43:54.000Z] \"POST /api/v1/patients HTTP/1.1\" 500 133 \"-\" \"PostmanRuntime/7.29.0\"\n"}
{"level":"info","message":"::1 - [2022-06-24T08:44:42.809Z] \"GET /api/v1/patients HTTP/1.1\" 200 1344 \"-\" \"PostmanRuntime/7.29.0\"\n"}
{"level":"info","message":"::1 - [2022-06-24T08:44:55.723Z] \"GET /api/v1/branches?visit=true&appointment=true HTTP/1.1\" 200 985 \"-\" \"PostmanRuntime/7.29.0\"\n"}
{"level":"info","message":"::1 - [2022-06-24T08:45:06.996Z] \"GET /api/v1/services?id=1 HTTP/1.1\" 401 106 \"-\" \"PostmanRuntime/7.29.0\"\n"}
{"level":"info","message":"::1 - [2022-06-24T08:45:21.217Z] \"GET /api/v1/services?id=1 HTTP/1.1\" 401 138 \"-\" \"PostmanRuntime/7.29.0\"\n"}
{"level":"info","message":"::1 - [2022-06-24T08:46:45.214Z] \"POST /api/v1/services HTTP/1.1\" 401 106 \"-\" \"PostmanRuntime/7.29.0\"\n"}
{"level":"info","message":"::1 - [2022-06-24T08:47:38.467Z] \"POST /api/v1/services HTTP/1.1\" 401 138 \"-\" \"PostmanRuntime/7.29.0\"\n"}
{"level":"info","message":"::1 - [2022-06-24T08:51:03.168Z] \"POST /api/v1/services HTTP/1.1\" 200 447 \"-\" \"PostmanRuntime/7.29.0\"\n"}
{"level":"info","message":"::1 - [2022-06-24T08:52:01.470Z] \"GET /api/v1/services?id=1 HTTP/1.1\" 200 404 \"-\" \"PostmanRuntime/7.29.0\"\n"}
{"level":"info","message":"::1 - [2022-06-24T08:52:07.080Z] \"GET /api/v1/services HTTP/1.1\" 200 425 \"-\" \"PostmanRuntime/7.29.0\"\n"}
{"level":"info","message":"::1 - [2022-06-24T09:02:57.949Z] \"POST /api/v1/visits?appointment=true HTTP/1.1\" 400 57 \"-\" \"PostmanRuntime/7.29.0\"\n"}
{"level":"info","message":"::1 - [2022-06-24T09:03:26.902Z] \"POST /api/v1/visits?appointment=true HTTP/1.1\" 400 57 \"-\" \"PostmanRuntime/7.29.0\"\n"}
{"level":"info","message":"::1 - [2022-06-24T09:03:28.964Z] \"POST /api/v1/visits?appointment=true HTTP/1.1\" 400 57 \"-\" \"PostmanRuntime/7.29.0\"\n"}
{"level":"info","message":"::1 - [2022-06-24T09:05:01.026Z] \"POST /api/v1/visits?appointment=true HTTP/1.1\" 400 57 \"-\" \"PostmanRuntime/7.29.0\"\n"}
{"level":"info","message":"::1 - [2022-06-24T09:05:06.274Z] \"POST /api/v1/visits?appointment=true HTTP/1.1\" 400 57 \"-\" \"PostmanRuntime/7.29.0\"\n"}
{"level":"info","message":"::1 - [2022-06-24T09:05:58.891Z] \"POST /api/v1/visits?appointment=true HTTP/1.1\" 400 57 \"-\" \"PostmanRuntime/7.29.0\"\n"}
{"level":"info","message":"::1 - [2022-06-24T09:06:14.593Z] \"POST /api/v1/visits?appointment=true HTTP/1.1\" 400 57 \"-\" \"PostmanRuntime/7.29.0\"\n"}
{"level":"info","message":"::1 - [2022-06-24T09:06:38.943Z] \"POST /api/v1/visits?appointment=true HTTP/1.1\" 400 57 \"-\" \"PostmanRuntime/7.29.0\"\n"}
{"level":"info","message":"::1 - [2022-06-24T09:07:43.714Z] \"POST /api/v1/visits?appointment=true HTTP/1.1\" 400 57 \"-\" \"PostmanRuntime/7.29.0\"\n"}
{"level":"info","message":"::1 - [2022-06-24T09:08:08.471Z] \"POST /api/v1/visits?appointment=true HTTP/1.1\" 400 57 \"-\" \"PostmanRuntime/7.29.0\"\n"}
{"level":"info","message":"::1 - [2022-06-24T09:09:09.769Z] \"POST /api/v1/visits?appointment=true HTTP/1.1\" 400 57 \"-\" \"PostmanRuntime/7.29.0\"\n"}
{"level":"info","message":"::1 - [2022-06-24T09:09:10.900Z] \"POST /api/v1/visits?appointment=true HTTP/1.1\" 400 57 \"-\" \"PostmanRuntime/7.29.0\"\n"}
{"level":"info","message":"::1 - [2022-06-24T09:09:11.551Z] \"POST /api/v1/visits?appointment=true HTTP/1.1\" 400 57 \"-\" \"PostmanRuntime/7.29.0\"\n"}
{"level":"info","message":"::1 - [2022-06-24T09:09:12.346Z] \"POST /api/v1/visits?appointment=true HTTP/1.1\" 400 57 \"-\" \"PostmanRuntime/7.29.0\"\n"}
{"level":"info","message":"::1 - [2022-06-24T09:09:13.078Z] \"POST /api/v1/visits?appointment=true HTTP/1.1\" 400 57 \"-\" \"PostmanRuntime/7.29.0\"\n"}
{"level":"info","message":"::1 - [2022-06-24T09:09:20.408Z] \"POST /api/v1/visittts?appointment=true HTTP/1.1\" 400 57 \"-\" \"PostmanRuntime/7.29.0\"\n"}
{"level":"info","message":"::1 - [2022-06-24T09:09:21.403Z] \"POST /api/v1/visittts?appointment=true HTTP/1.1\" 400 57 \"-\" \"PostmanRuntime/7.29.0\"\n"}
{"level":"info","message":"::1 - [2022-06-24T09:09:22.370Z] \"POST /api/v1/visittts?appointment=true HTTP/1.1\" 400 57 \"-\" \"PostmanRuntime/7.29.0\"\n"}
{"level":"info","message":"::1 - [2022-06-24T09:10:51.898Z] \"POST /api/v1/visits HTTP/1.1\" 400 57 \"-\" \"PostmanRuntime/7.29.0\"\n"}
{"level":"info","message":"::1 - [2022-06-24T09:12:38.807Z] \"GET /api/v1/visits HTTP/1.1\" 400 57 \"-\" \"PostmanRuntime/7.29.0\"\n"}
{"level":"info","message":"::1 - [2022-06-24T09:12:45.516Z] \"GET /api/v1/visits?id=1 HTTP/1.1\" 400 57 \"-\" \"PostmanRuntime/7.29.0\"\n"}
{"level":"info","message":"::1 - [2022-06-24T09:13:13.725Z] \"GET /api/v1/ii HTTP/1.1\" 400 57 \"-\" \"PostmanRuntime/7.29.0\"\n"}
{"level":"info","message":"::1 - [2022-06-24T09:13:29.982Z] \"POST /api/v1/visits?appointment=true HTTP/1.1\" 400 57 \"-\" \"PostmanRuntime/7.29.0\"\n"}
{"level":"info","message":"::1 - [2022-06-24T09:14:20.455Z] \"GET /api/v1/services HTTP/1.1\" 400 57 \"-\" \"PostmanRuntime/7.29.0\"\n"}
{"level":"info","message":"::1 - [2022-06-24T09:14:25.500Z] \"GET /api/v1/services HTTP/1.1\" 400 57 \"-\" \"PostmanRuntime/7.29.0\"\n"}
{"level":"info","message":"::1 - [2022-06-24T09:14:32.588Z] \"GET /api/v1/services?id=1 HTTP/1.1\" 400 57 \"-\" \"PostmanRuntime/7.29.0\"\n"}
{"level":"info","message":"::1 - [2022-06-24T09:39:43.118Z] \"POST /api/v1/users HTTP/1.1\" 200 650 \"-\" \"PostmanRuntime/7.29.0\"\n"}
{"level":"info","message":"::1 - [2022-06-24T09:39:47.942Z] \"POST /api/v1/users/signin HTTP/1.1\" 200 696 \"-\" \"PostmanRuntime/7.29.0\"\n"}
{"level":"info","message":"::1 - [2022-06-24T09:40:09.325Z] \"POST /api/v1/services HTTP/1.1\" 401 101 \"-\" \"PostmanRuntime/7.29.0\"\n"}
{"level":"info","message":"::1 - [2022-06-24T09:42:43.162Z] \"POST /api/v1/services HTTP/1.1\" 401 101 \"-\" \"PostmanRuntime/7.29.0\"\n"}
{"level":"info","message":"::1 - [2022-06-24T09:42:44.220Z] \"POST /api/v1/services HTTP/1.1\" 401 101 \"-\" \"PostmanRuntime/7.29.0\"\n"}
{"level":"info","message":"::1 - [2022-06-24T09:42:51.242Z] \"GET /api/v1/services HTTP/1.1\" 401 101 \"-\" \"PostmanRuntime/7.29.0\"\n"}
{"level":"info","message":"::1 - [2022-06-24T09:42:59.221Z] \"GET /api/v1/services?id=1 HTTP/1.1\" 401 101 \"-\" \"PostmanRuntime/7.29.0\"\n"}
{"level":"info","message":"::1 - [2022-06-24T09:58:12.508Z] \"POST /api/v1/users HTTP/1.1\" 200 650 \"-\" \"PostmanRuntime/7.29.0\"\n"}
{"level":"info","message":"::1 - [2022-06-24T09:58:16.535Z] \"POST /api/v1/users/signin HTTP/1.1\" 200 696 \"-\" \"PostmanRuntime/7.29.0\"\n"}
{"level":"info","message":"::1 - [2022-06-24T09:58:22.725Z] \"POST /api/v1/services HTTP/1.1\" 200 447 \"-\" \"PostmanRuntime/7.29.0\"\n"}
{"level":"info","message":"::1 - [2022-06-24T09:58:31.410Z] \"GET /api/v1/services HTTP/1.1\" 200 425 \"-\" \"PostmanRuntime/7.29.0\"\n"}
{"level":"info","message":"::1 - [2022-06-24T09:58:36.494Z] \"GET /api/v1/services?id=1 HTTP/1.1\" 200 404 \"-\" \"PostmanRuntime/7.29.0\"\n"}
{"level":"info","message":"::1 - [2022-06-24T10:03:17.453Z] \"POST /api/v1/appointments?account=false HTTP/1.1\" 500 133 \"-\" \"PostmanRuntime/7.29.0\"\n"}
{"level":"info","message":"::1 - [2022-06-24T10:04:33.875Z] \"POST /api/v1/appointments?account=false HTTP/1.1\" 500 133 \"-\" \"PostmanRuntime/7.29.0\"\n"}
{"level":"info","message":"::1 - [2022-06-24T10:05:39.458Z] \"POST /api/v1/appointments?account=false HTTP/1.1\" 500 133 \"-\" \"PostmanRuntime/7.29.0\"\n"}
{"level":"info","message":"::1 - [2022-06-24T10:06:16.285Z] \"POST /api/v1/branches HTTP/1.1\" 200 270 \"-\" \"PostmanRuntime/7.29.0\"\n"}
{"level":"info","message":"::1 - [2022-06-24T10:06:22.466Z] \"POST /api/v1/appointments?account=false HTTP/1.1\" 500 133 \"-\" \"PostmanRuntime/7.29.0\"\n"}
{"level":"info","message":"::1 - [2022-06-24T10:12:05.842Z] \"POST /api/v1/appointments?account=false HTTP/1.1\" 500 133 \"-\" \"PostmanRuntime/7.29.0\"\n"}
{"level":"info","message":"::1 - [2022-06-24T10:13:59.484Z] \"POST /api/v1/users HTTP/1.1\" 200 650 \"-\" \"PostmanRuntime/7.29.0\"\n"}
{"level":"info","message":"::1 - [2022-06-24T10:14:03.780Z] \"POST /api/v1/users/signin HTTP/1.1\" 200 696 \"-\" \"PostmanRuntime/7.29.0\"\n"}
{"level":"info","message":"::1 - [2022-06-24T10:14:10.342Z] \"POST /api/v1/services HTTP/1.1\" 200 447 \"-\" \"PostmanRuntime/7.29.0\"\n"}
{"level":"info","message":"::1 - [2022-06-24T10:14:16.689Z] \"POST /api/v1/branches HTTP/1.1\" 200 270 \"-\" \"PostmanRuntime/7.29.0\"\n"}
{"level":"info","message":"::1 - [2022-06-24T10:14:25.857Z] \"POST /api/v1/appointments?account=false HTTP/1.1\" 200 136 \"-\" \"PostmanRuntime/7.29.0\"\n"}
{"level":"info","message":"::1 - [2022-06-24T10:14:40.358Z] \"GET /api/v1/appointments HTTP/1.1\" 200 354 \"-\" \"PostmanRuntime/7.29.0\"\n"}
{"level":"info","message":"::1 - [2022-06-24T10:15:21.811Z] \"POST /api/v1/appointments HTTP/1.1\" 200 136 \"-\" \"PostmanRuntime/7.29.0\"\n"}
{"level":"info","message":"::1 - [2022-06-24T10:15:44.823Z] \"GET /api/v1/appointments HTTP/1.1\" 200 590 \"-\" \"PostmanRuntime/7.29.0\"\n"}
{"level":"info","message":"::1 - [2022-06-24T10:15:50.457Z] \"GET /api/v1/appointments?id=1 HTTP/1.1\" 200 333 \"-\" \"PostmanRuntime/7.29.0\"\n"}
{"level":"info","message":"::1 - [2022-06-24T10:15:58.613Z] \"GET /api/v1/appointments?patientId=12&status=success HTTP/1.1\" 200 119 \"-\" \"PostmanRuntime/7.29.0\"\n"}
{"level":"info","message":"::1 - [2022-06-24T10:17:10.072Z] \"POST /api/v1/visits?appointment=true HTTP/1.1\" - - \"-\" \"PostmanRuntime/7.29.0\"\n"}
{"level":"info","message":"::1 - [2022-06-24T10:18:21.395Z] \"POST /api/v1/visits?appointment=true HTTP/1.1\" 404 172 \"-\" \"PostmanRuntime/7.29.0\"\n"}
{"level":"info","message":"::1 - [2022-06-24T10:21:25.113Z] \"POST /api/v1/visits?appointment=true HTTP/1.1\" 200 131 \"-\" \"PostmanRuntime/7.29.0\"\n"}
{"level":"info","message":"::1 - [2022-06-24T10:21:39.598Z] \"GET /api/v1/appointments HTTP/1.1\" 200 590 \"-\" \"PostmanRuntime/7.29.0\"\n"}
{"level":"info","message":"::1 - [2022-06-24T10:21:51.061Z] \"GET /api/v1/visits HTTP/1.1\" 200 804 \"-\" \"PostmanRuntime/7.29.0\"\n"}
{"level":"info","message":"::1 - [2022-06-24T10:22:50.616Z] \"POST /api/v1/visits?appointment=false HTTP/1.1\" 500 157 \"-\" \"PostmanRuntime/7.29.0\"\n"}
{"level":"info","message":"::1 - [2022-06-24T10:23:22.526Z] \"POST /api/v1/visits?appointment=false HTTP/1.1\" 404 134 \"-\" \"PostmanRuntime/7.29.0\"\n"}
{"level":"info","message":"::1 - [2022-06-24T10:25:04.259Z] \"POST /api/v1/visits?appointment=false HTTP/1.1\" 404 172 \"-\" \"PostmanRuntime/7.29.0\"\n"}
{"level":"info","message":"::1 - [2022-06-24T10:25:43.728Z] \"POST /api/v1/visits?appointment=false HTTP/1.1\" 200 131 \"-\" \"PostmanRuntime/7.29.0\"\n"}
{"level":"info","message":"::1 - [2022-06-24T10:25:49.759Z] \"GET /api/v1/visits HTTP/1.1\" 200 1404 \"-\" \"PostmanRuntime/7.29.0\"\n"}
{"level":"info","message":"::1 - [2022-06-24T10:26:07.118Z] \"GET /api/v1/visits?id=1 HTTP/1.1\" 200 102 \"-\" \"PostmanRuntime/7.29.0\"\n"}
{"level":"info","message":"::1 - [2022-06-24T10:27:00.818Z] \"GET /api/v1/visits HTTP/1.1\" 200 1404 \"-\" \"PostmanRuntime/7.29.0\"\n"}
{"level":"info","message":"::1 - [2022-06-24T10:28:26.638Z] \"GET /api/v1/visits?id=1 HTTP/1.1\" 200 783 \"-\" \"PostmanRuntime/7.29.0\"\n"}
{"level":"info","message":"::1 - [2022-06-24T10:28:52.702Z] \"GET /api/v1/visits?patientId=1 HTTP/1.1\" 200 1404 \"-\" \"PostmanRuntime/7.29.0\"\n"}
{"level":"info","message":"::1 - [2022-06-24T10:29:08.199Z] \"GET /api/v1/visits?patientId=12&status=success HTTP/1.1\" 200 119 \"-\" \"PostmanRuntime/7.29.0\"\n"}
{"level":"info","message":"::1 - [2022-06-24T10:29:15.587Z] \"GET /api/v1/visits?patientId=12&status=pending HTTP/1.1\" 200 119 \"-\" \"PostmanRuntime/7.29.0\"\n"}
{"level":"info","message":"::1 - [2022-06-24T10:29:22.552Z] \"GET /api/v1/visits?patientId=12&status=FAILED HTTP/1.1\" 200 119 \"-\" \"PostmanRuntime/7.29.0\"\n"}
{"level":"info","message":"::1 - [2022-06-24T10:29:36.453Z] \"GET /api/v1/visits?status=pending HTTP/1.1\" 200 783 \"-\" \"PostmanRuntime/7.29.0\"\n"}
{"level":"info","message":"::1 - [2022-06-24T10:30:01.147Z] \"GET /api/v1/visits?patientId=1 HTTP/1.1\" 200 1404 \"-\" \"PostmanRuntime/7.29.0\"\n"}
{"level":"info","message":"::1 - [2022-06-24T10:30:21.789Z] \"GET /api/v1/visits?patientId=12&status=success HTTP/1.1\" 200 119 \"-\" \"PostmanRuntime/7.29.0\"\n"}
{"level":"info","message":"::1 - [2022-06-24T10:31:01.428Z] \"PATCH /api/v1/visits/update/1 HTTP/1.1\" 200 354 \"-\" \"PostmanRuntime/7.29.0\"\n"}
{"level":"info","message":"::1 - [2022-06-24T10:31:11.823Z] \"GET /api/v1/visits HTTP/1.1\" 200 1404 \"-\" \"PostmanRuntime/7.29.0\"\n"}
{"level":"info","message":"::1 - [2022-06-24T10:31:34.539Z] \"GET /api/v1/visits?patientId=12&status=success HTTP/1.1\" 200 119 \"-\" \"PostmanRuntime/7.29.0\"\n"}
{"level":"info","message":"::1 - [2022-06-24T10:31:36.300Z] \"GET /api/v1/visits?patientId=12&status=success HTTP/1.1\" 200 119 \"-\" \"PostmanRuntime/7.29.0\"\n"}
{"level":"info","message":"::1 - [2022-06-24T10:31:45.173Z] \"GET /api/v1/visits?patientId=1 HTTP/1.1\" 200 1404 \"-\" \"PostmanRuntime/7.29.0\"\n"}
{"level":"info","message":"::1 - [2022-06-24T10:31:55.743Z] \"GET /api/v1/visits?patientId=12&status=pending HTTP/1.1\" 200 119 \"-\" \"PostmanRuntime/7.29.0\"\n"}
{"level":"info","message":"::1 - [2022-06-24T10:32:03.611Z] \"GET /api/v1/visits?patientId=1&status=pending HTTP/1.1\" 200 718 \"-\" \"PostmanRuntime/7.29.0\"\n"}
{"level":"info","message":"::1 - [2022-06-24T10:32:14.610Z] \"GET /api/v1/visits?patientId=1&status=success HTTP/1.1\" 200 804 \"-\" \"PostmanRuntime/7.29.0\"\n"}
{"level":"info","message":"::1 - [2022-06-24T10:32:24.855Z] \"GET /api/v1/visits?patientId=12&status=FAILED HTTP/1.1\" 200 119 \"-\" \"PostmanRuntime/7.29.0\"\n"}
{"level":"info","message":"::1 - [2022-06-24T10:32:47.678Z] \"POST /api/v1/visits?appointment=false HTTP/1.1\" 200 131 \"-\" \"PostmanRuntime/7.29.0\"\n"}
{"level":"info","message":"::1 - [2022-06-24T10:33:10.109Z] \"PATCH /api/v1/visits/update/1 HTTP/1.1\" 200 353 \"-\" \"PostmanRuntime/7.29.0\"\n"}
{"level":"info","message":"::1 - [2022-06-24T10:33:16.741Z] \"GET /api/v1/visits?patientId=12&status=FAILED HTTP/1.1\" 200 119 \"-\" \"PostmanRuntime/7.29.0\"\n"}
{"level":"info","message":"::1 - [2022-06-24T10:33:22.605Z] \"GET /api/v1/visits HTTP/1.1\" 200 2003 \"-\" \"PostmanRuntime/7.29.0\"\n"}
{"level":"info","message":"::1 - [2022-06-24T10:34:01.173Z] \"GET /api/v1/visits?patientId=1&status=FAILED HTTP/1.1\" 200 803 \"-\" \"PostmanRuntime/7.29.0\"\n"}
{"level":"info","message":"::1 - [2022-06-24T10:34:28.546Z] \"GET /api/v1/visits?status=pending HTTP/1.1\" 200 697 \"-\" \"PostmanRuntime/7.29.0\"\n"}
{"level":"info","message":"::1 - [2022-06-24T11:25:19.767Z] \"POST /api/v1/payments/ HTTP/1.1\" 401 86 \"-\" \"PostmanRuntime/7.29.0\"\n"}
{"level":"info","message":"::1 - [2022-06-24T11:25:29.539Z] \"POST /api/v1/payments/ HTTP/1.1\" 500 156 \"-\" \"PostmanRuntime/7.29.0\"\n"}
{"level":"info","message":"::1 - [2022-06-24T11:28:44.854Z] \"POST /api/v1/payments/ HTTP/1.1\" 200 130 \"-\" \"PostmanRuntime/7.29.0\"\n"}
{"level":"info","message":"::1 - [2022-06-24T11:31:37.052Z] \"POST /api/v1/payments/ HTTP/1.1\" 500 139 \"-\" \"PostmanRuntime/7.29.0\"\n"}
{"level":"info","message":"::1 - [2022-06-24T12:12:25.048Z] \"GET /api/v1/payments/ HTTP/1.1\" 200 1465 \"-\" \"PostmanRuntime/7.29.0\"\n"}
{"level":"info","message":"::1 - [2022-06-24T12:14:10.803Z] \"GET /api/v1/payments?id=1 HTTP/1.1\" 401 86 \"-\" \"PostmanRuntime/7.29.0\"\n"}
{"level":"info","message":"::1 - [2022-06-24T12:14:19.240Z] \"GET /api/v1/payments?id=1 HTTP/1.1\" 200 1444 \"-\" \"PostmanRuntime/7.29.0\"\n"}
{"level":"info","message":"::1 - [2022-06-24T12:15:24.526Z] \"GET /api/v1/payments?patientId=1 HTTP/1.1\" 401 86 \"-\" \"PostmanRuntime/7.29.0\"\n"}
{"level":"info","message":"::1 - [2022-06-24T12:15:31.896Z] \"GET /api/v1/payments?patientId=1 HTTP/1.1\" 200 1465 \"-\" \"PostmanRuntime/7.29.0\"\n"}
{"level":"info","message":"::1 - [2022-06-24T13:36:19.368Z] \"POST /api/v1/payments HTTP/1.1\" 401 86 \"-\" \"PostmanRuntime/7.29.0\"\n"}
{"level":"info","message":"::1 - [2022-06-24T13:36:30.147Z] \"POST /api/v1/payments HTTP/1.1\" 500 153 \"-\" \"PostmanRuntime/7.29.0\"\n"}
{"level":"info","message":"::1 - [2022-06-24T13:37:17.042Z] \"POST /api/v1/payments HTTP/1.1\" 500 159 \"-\" \"PostmanRuntime/7.29.0\"\n"}
{"level":"info","message":"::1 - [2022-06-24T13:38:30.121Z] \"POST /api/v1/payments HTTP/1.1\" 200 137 \"-\" \"PostmanRuntime/7.29.0\"\n"}
{"level":"info","message":"::1 - [2022-06-24T13:42:33.003Z] \"GET /api/v1/payments/ HTTP/1.1\" 200 2816 \"-\" \"PostmanRuntime/7.29.0\"\n"}
{"level":"info","message":"::1 - [2022-06-24T13:46:16.670Z] \"GET /api/v1/payments/ HTTP/1.1\" 200 2816 \"-\" \"PostmanRuntime/7.29.0\"\n"}
{"level":"info","message":"::1 - [2022-06-24T13:52:58.125Z] \"GET /api/v1/payments/ HTTP/1.1\" 200 2816 \"-\" \"PostmanRuntime/7.29.0\"\n"}
{"level":"info","message":"::1 - [2022-06-24T13:53:14.405Z] \"POST /api/v1/payments HTTP/1.1\" 500 166 \"-\" \"PostmanRuntime/7.29.0\"\n"}
{"level":"info","message":"::1 - [2022-06-24T13:54:32.572Z] \"POST /api/v1/payments HTTP/1.1\" 200 137 \"-\" \"PostmanRuntime/7.29.0\"\n"}
{"level":"info","message":"::1 - [2022-06-24T13:55:57.064Z] \"POST /api/v1/payments HTTP/1.1\" 200 137 \"-\" \"PostmanRuntime/7.29.0\"\n"}
{"level":"info","message":"::1 - [2022-06-24T13:57:23.049Z] \"POST /api/v1/payments HTTP/1.1\" 200 137 \"-\" \"PostmanRuntime/7.29.0\"\n"}
{"level":"info","message":"::1 - [2022-06-24T13:58:43.851Z] \"POST /api/v1/payments HTTP/1.1\" 200 137 \"-\" \"PostmanRuntime/7.29.0\"\n"}
{"level":"info","message":"::1 - [2022-06-24T13:59:47.600Z] \"POST /api/v1/payments HTTP/1.1\" 200 137 \"-\" \"PostmanRuntime/7.29.0\"\n"}
{"level":"info","message":"::1 - [2022-06-24T14:00:20.741Z] \"POST /api/v1/payments HTTP/1.1\" 200 137 \"-\" \"PostmanRuntime/7.29.0\"\n"}
{"level":"info","message":"::1 - [2022-06-24T14:03:06.987Z] \"POST /api/v1/payments HTTP/1.1\" 200 137 \"-\" \"PostmanRuntime/7.29.0\"\n"}
{"level":"info","message":"::1 - [2022-06-24T14:05:31.906Z] \"POST /api/v1/payments HTTP/1.1\" 200 137 \"-\" \"PostmanRuntime/7.29.0\"\n"}
{"level":"info","message":"::1 - [2022-06-24T14:05:50.738Z] \"POST /api/v1/payments HTTP/1.1\" 200 137 \"-\" \"PostmanRuntime/7.29.0\"\n"}
{"level":"info","message":"::1 - [2022-06-24T14:06:08.527Z] \"POST /api/v1/payments HTTP/1.1\" 500 135 \"-\" \"PostmanRuntime/7.29.0\"\n"}
{"level":"info","message":"::1 - [2022-06-24T14:07:03.385Z] \"POST /api/v1/payments HTTP/1.1\" 401 86 \"-\" \"PostmanRuntime/7.29.0\"\n"}
{"level":"info","message":"::1 - [2022-06-24T14:08:00.576Z] \"POST /api/v1/payments HTTP/1.1\" 500 159 \"-\" \"PostmanRuntime/7.29.0\"\n"}
{"level":"info","message":"::1 - [2022-06-24T14:09:33.071Z] \"POST /api/v1/payments HTTP/1.1\" 500 159 \"-\" \"PostmanRuntime/7.29.0\"\n"}
{"level":"info","message":"::1 - [2022-06-24T14:10:15.039Z] \"POST /api/v1/payments HTTP/1.1\" 500 159 \"-\" \"PostmanRuntime/7.29.0\"\n"}
{"level":"info","message":"::1 - [2022-06-24T14:11:07.064Z] \"POST /api/v1/payments HTTP/1.1\" 500 160 \"-\" \"PostmanRuntime/7.29.0\"\n"}
{"level":"info","message":"::1 - [2022-06-24T14:11:35.021Z] \"POST /api/v1/payments HTTP/1.1\" 500 160 \"-\" \"PostmanRuntime/7.29.0\"\n"}
{"level":"info","message":"::1 - [2022-06-24T14:12:20.309Z] \"POST /api/v1/payments HTTP/1.1\" 500 160 \"-\" \"PostmanRuntime/7.29.0\"\n"}
{"level":"info","message":"::1 - [2022-06-24T14:32:57.651Z] \"POST /api/v1/payments HTTP/1.1\" 500 167 \"-\" \"PostmanRuntime/7.29.0\"\n"}
{"level":"info","message":"::1 - [2022-06-24T14:34:33.547Z] \"POST /api/v1/payments HTTP/1.1\" 200 137 \"-\" \"PostmanRuntime/7.29.0\"\n"}
{"level":"info","message":"::1 - [2022-06-24T14:37:50.136Z] \"POST /api/v1/payments HTTP/1.1\" 200 137 \"-\" \"PostmanRuntime/7.29.0\"\n"}
{"level":"info","message":"::1 - [2022-06-24T14:40:12.074Z] \"POST /api/v1/payments HTTP/1.1\" 200 137 \"-\" \"PostmanRuntime/7.29.0\"\n"}
{"level":"info","message":"::1 - [2022-06-24T14:43:46.029Z] \"POST /api/v1/payments HTTP/1.1\" 200 137 \"-\" \"PostmanRuntime/7.29.0\"\n"}
{"level":"info","message":"::1 - [2022-06-24T14:48:07.592Z] \"POST /api/v1/payments HTTP/1.1\" 200 137 \"-\" \"PostmanRuntime/7.29.0\"\n"}
{"level":"info","message":"::1 - [2022-06-24T14:49:11.011Z] \"POST /api/v1/payments HTTP/1.1\" 200 137 \"-\" \"PostmanRuntime/7.29.0\"\n"}
{"level":"info","message":"::1 - [2022-06-24T14:49:43.021Z] \"POST /api/v1/payments HTTP/1.1\" 200 137 \"-\" \"PostmanRuntime/7.29.0\"\n"}
{"level":"info","message":"::1 - [2022-06-24T14:49:53.920Z] \"POST /api/v1/payments HTTP/1.1\" 200 137 \"-\" \"PostmanRuntime/7.29.0\"\n"}
{"level":"info","message":"::1 - [2022-06-24T14:50:22.287Z] \"POST /api/v1/payments HTTP/1.1\" 200 137 \"-\" \"PostmanRuntime/7.29.0\"\n"}
{"level":"info","message":"::1 - [2022-06-24T14:50:25.531Z] \"POST /api/v1/payments HTTP/1.1\" 200 137 \"-\" \"PostmanRuntime/7.29.0\"\n"}
{"level":"info","message":"::1 - [2022-06-24T14:50:27.136Z] \"POST /api/v1/payments HTTP/1.1\" 200 137 \"-\" \"PostmanRuntime/7.29.0\"\n"}
{"level":"info","message":"::1 - [2022-06-24T14:50:28.073Z] \"POST /api/v1/payments HTTP/1.1\" 500 135 \"-\" \"PostmanRuntime/7.29.0\"\n"}
{"level":"info","message":"::1 - [2022-06-24T14:52:59.673Z] \"POST /api/v1/payments HTTP/1.1\" 500 135 \"-\" \"PostmanRuntime/7.29.0\"\n"}
{"level":"info","message":"::1 - [2022-06-24T14:53:41.739Z] \"POST /api/v1/payments HTTP/1.1\" 500 135 \"-\" \"PostmanRuntime/7.29.0\"\n"}
{"level":"info","message":"::1 - [2022-06-24T14:53:51.035Z] \"POST /api/v1/payments HTTP/1.1\" 200 426 \"-\" \"PostmanRuntime/7.29.0\"\n"}
{"level":"info","message":"::1 - [2022-06-24T14:54:39.001Z] \"GET /api/v1/payments/ HTTP/1.1\" 200 47551 \"-\" \"PostmanRuntime/7.29.0\"\n"}
{"level":"info","message":"::1 - [2022-06-24T15:01:08.903Z] \"GET /api/v1/payments?visitId=1 HTTP/1.1\" 500 176 \"-\" \"PostmanRuntime/7.29.0\"\n"}
{"level":"info","message":"::1 - [2022-06-24T15:02:04.013Z] \"GET /api/v1/payments?visitId=1 HTTP/1.1\" 500 176 \"-\" \"PostmanRuntime/7.29.0\"\n"}
{"level":"info","message":"::1 - [2022-06-24T15:02:05.217Z] \"GET /api/v1/payments?visitId=1 HTTP/1.1\" 500 176 \"-\" \"PostmanRuntime/7.29.0\"\n"}
{"level":"info","message":"::1 - [2022-06-24T15:03:33.681Z] \"GET /api/v1/payments?visitId=1 HTTP/1.1\" 200 47551 \"-\" \"PostmanRuntime/7.29.0\"\n"}
{"level":"info","message":"::1 - [2022-06-24T15:03:54.060Z] \"GET /api/v1/payments?visitId=1 HTTP/1.1\" 200 47551 \"-\" \"PostmanRuntime/7.29.0\"\n"}
{"level":"info","message":"::1 - [2022-06-24T15:03:55.634Z] \"GET /api/v1/payments?visitId=1 HTTP/1.1\" 200 47551 \"-\" \"PostmanRuntime/7.29.0\"\n"}
{"level":"info","message":"::1 - [2022-06-24T15:04:14.564Z] \"GET /api/v1/payments?visitId=1 HTTP/1.1\" 200 1462 \"-\" \"PostmanRuntime/7.29.0\"\n"}
{"level":"info","message":"::1 - [2022-06-24T15:28:26.998Z] \"PATCH /api/v1/payments/update/35 HTTP/1.1\" 500 152 \"-\" \"PostmanRuntime/7.29.0\"\n"}
{"level":"info","message":"::1 - [2022-06-24T15:29:00.270Z] \"PATCH /api/v1/payments/update/35 HTTP/1.1\" 500 153 \"-\" \"PostmanRuntime/7.29.0\"\n"}
{"level":"info","message":"::1 - [2022-06-24T15:29:29.800Z] \"PATCH /api/v1/payments/update/35 HTTP/1.1\" 500 155 \"-\" \"PostmanRuntime/7.29.0\"\n"}
{"level":"info","message":"::1 - [2022-06-24T15:29:44.299Z] \"PATCH /api/v1/payments/update/35 HTTP/1.1\" 200 379 \"-\" \"PostmanRuntime/7.29.0\"\n"}
{"level":"info","message":"::1 - [2022-06-24T15:30:59.538Z] \"GET /api/v1/payments/ HTTP/1.1\" 200 47551 \"-\" \"PostmanRuntime/7.29.0\"\n"}
