{"level":"info","message":"::1 - [2022-06-22T06:10:55.930Z] \"GET /api/v1/users HTTP/1.1\" 200 1032 \"-\" \"PostmanRuntime/7.29.0\"\n"}
{"level":"info","message":"::1 - [2022-06-22T06:11:07.496Z] \"GET /api/v1/branches?visit=true&appointment=true HTTP/1.1\" 200 1948 \"-\" \"PostmanRuntime/7.29.0\"\n"}
{"level":"info","message":"::1 - [2022-06-22T06:11:31.783Z] \"GET /api/v1/appointments HTTP/1.1\" 200 1778 \"-\" \"PostmanRuntime/7.29.0\"\n"}
{"level":"info","message":"::1 - [2022-06-22T06:14:31.158Z] \"GET /api/v1/users HTTP/1.1\" 200 1032 \"-\" \"PostmanRuntime/7.29.0\"\n"}
{"level":"info","message":"::1 - [2022-06-22T06:15:00.038Z] \"GET /api/v1/users HTTP/1.1\" 200 1032 \"-\" \"PostmanRuntime/7.29.0\"\n"}
{"level":"info","message":"::1 - [2022-06-22T06:16:50.636Z] \"GET /api/v1/users HTTP/1.1\" 200 1032 \"-\" \"PostmanRuntime/7.29.0\"\n"}
{"level":"info","message":"::1 - [2022-06-22T06:17:27.333Z] \"GET /api/v1/users HTTP/1.1\" 401 75 \"-\" \"PostmanRuntime/7.29.0\"\n"}
{"level":"info","message":"::1 - [2022-06-22T06:18:35.439Z] \"GET /api/v1/users HTTP/1.1\" 200 1032 \"-\" \"PostmanRuntime/7.29.0\"\n"}
{"level":"info","message":"::1 - [2022-06-22T06:19:54.967Z] \"GET /api/v1/users HTTP/1.1\" 200 113 \"-\" \"PostmanRuntime/7.29.0\"\n"}
{"level":"info","message":"::1 - [2022-06-22T06:20:24.510Z] \"GET /api/v1/users HTTP/1.1\" 200 113 \"-\" \"PostmanRuntime/7.29.0\"\n"}
{"level":"info","message":"::1 - [2022-06-22T06:22:50.567Z] \"GET /api/v1/users HTTP/1.1\" 400 57 \"-\" \"PostmanRuntime/7.29.0\"\n"}
{"level":"info","message":"::1 - [2022-06-22T06:24:38.363Z] \"GET /api/v1/users HTTP/1.1\" 200 113 \"-\" \"PostmanRuntime/7.29.0\"\n"}
{"level":"info","message":"::1 - [2022-06-22T06:26:03.980Z] \"GET /api/v1/users HTTP/1.1\" 200 113 \"-\" \"PostmanRuntime/7.29.0\"\n"}
{"level":"info","message":"::1 - [2022-06-22T06:36:59.620Z] \"GET /api/v1/users HTTP/1.1\" 400 57 \"-\" \"PostmanRuntime/7.29.0\"\n"}
{"level":"info","message":"::1 - [2022-06-22T06:37:09.143Z] \"GET /api/v1/branches?visit=true&appointment=true HTTP/1.1\" 200 1948 \"-\" \"PostmanRuntime/7.29.0\"\n"}
{"level":"info","message":"::1 - [2022-06-22T06:37:33.053Z] \"GET /api/v1/users HTTP/1.1\" 400 57 \"-\" \"PostmanRuntime/7.29.0\"\n"}
{"level":"info","message":"::1 - [2022-06-22T06:38:13.526Z] \"GET /api/v1/users HTTP/1.1\" 400 57 \"-\" \"PostmanRuntime/7.29.0\"\n"}
{"level":"info","message":"::1 - [2022-06-22T06:38:43.111Z] \"GET /api/v1/users HTTP/1.1\" 200 123 \"-\" \"PostmanRuntime/7.29.0\"\n"}
{"level":"info","message":"::1 - [2022-06-22T06:40:19.698Z] \"GET /api/v1/users HTTP/1.1\" 200 123 \"-\" \"PostmanRuntime/7.29.0\"\n"}
{"level":"info","message":"::1 - [2022-06-22T06:41:32.808Z] \"GET /api/v1/users HTTP/1.1\" 200 123 \"-\" \"PostmanRuntime/7.29.0\"\n"}
{"level":"info","message":"::1 - [2022-06-22T06:42:02.775Z] \"GET /api/v1/users HTTP/1.1\" 200 1107 \"-\" \"PostmanRuntime/7.29.0\"\n"}
{"level":"info","message":"::1 - [2022-06-22T06:44:23.869Z] \"GET /api/v1/users HTTP/1.1\" 200 1107 \"-\" \"PostmanRuntime/7.29.0\"\n"}
{"level":"info","message":"::1 - [2022-06-22T07:10:22.537Z] \"GET /api/v1/users HTTP/1.1\" 200 123 \"-\" \"PostmanRuntime/7.29.0\"\n"}
{"level":"info","message":"::1 - [2022-06-22T07:11:51.180Z] \"GET /api/v1/users HTTP/1.1\" 200 123 \"-\" \"PostmanRuntime/7.29.0\"\n"}
{"level":"info","message":"::1 - [2022-06-22T07:12:28.152Z] \"GET /api/v1/users HTTP/1.1\" 200 123 \"-\" \"PostmanRuntime/7.29.0\"\n"}
{"level":"info","message":"::1 - [2022-06-22T07:13:22.712Z] \"GET /api/v1/users HTTP/1.1\" 200 123 \"-\" \"PostmanRuntime/7.29.0\"\n"}
{"level":"info","message":"::1 - [2022-06-22T07:13:47.095Z] \"GET /api/v1/users HTTP/1.1\" 200 1107 \"-\" \"PostmanRuntime/7.29.0\"\n"}
{"level":"info","message":"::1 - [2022-06-22T08:22:00.161Z] \"GET /api/v1/users HTTP/1.1\" 200 1107 \"-\" \"PostmanRuntime/7.29.0\"\n"}
{"level":"info","message":"::1 - [2022-06-22T08:28:12.233Z] \"GET /api/v1/users HTTP/1.1\" 200 1167 \"-\" \"PostmanRuntime/7.29.0\"\n"}
{"level":"info","message":"::1 - [2022-06-22T08:28:58.529Z] \"GET /api/v1/users HTTP/1.1\" 200 123 \"-\" \"PostmanRuntime/7.29.0\"\n"}
{"level":"info","message":"::1 - [2022-06-22T08:59:09.441Z] \"POST /api/v1/users/signin HTTP/1.1\" 200 557 \"-\" \"PostmanRuntime/7.29.0\"\n"}
{"level":"info","message":"::1 - [2022-06-22T09:01:44.791Z] \"GET /api/v1/patients HTTP/1.1\" 401 86 \"-\" \"PostmanRuntime/7.29.0\"\n"}
{"level":"info","message":"::1 - [2022-06-22T15:30:41.713Z] \"POST /api/v1/users/ HTTP/1.1\" 401 86 \"-\" \"PostmanRuntime/7.29.0\"\n"}
{"level":"info","message":"::1 - [2022-06-22T15:31:22.197Z] \"POST /api/v1/users/ HTTP/1.1\" 200 130 \"-\" \"PostmanRuntime/7.29.0\"\n"}
{"level":"info","message":"::1 - [2022-06-22T15:32:22.343Z] \"POST /api/v1/users/ HTTP/1.1\" 200 130 \"-\" \"PostmanRuntime/7.29.0\"\n"}
{"level":"info","message":"::1 - [2022-06-22T15:37:48.452Z] \"POST /api/v1/users/ HTTP/1.1\" 200 123 \"-\" \"PostmanRuntime/7.29.0\"\n"}
{"level":"info","message":"::1 - [2022-06-22T15:39:31.108Z] \"POST /api/v1/users/ HTTP/1.1\" 200 130 \"-\" \"PostmanRuntime/7.29.0\"\n"}
{"level":"info","message":"::1 - [2022-06-22T15:40:25.517Z] \"POST /api/v1/users/ HTTP/1.1\" 200 132 \"-\" \"PostmanRuntime/7.29.0\"\n"}
{"level":"info","message":"::1 - [2022-06-22T15:40:55.678Z] \"POST /api/v1/users/ HTTP/1.1\" 200 130 \"-\" \"PostmanRuntime/7.29.0\"\n"}
{"level":"info","message":"::1 - [2022-06-22T15:44:08.913Z] \"GET /api/v1/users HTTP/1.1\" - - \"-\" \"PostmanRuntime/7.29.0\"\n"}
{"level":"info","message":"::1 - [2022-06-22T15:44:33.385Z] \"GET /api/v1/users HTTP/1.1\" 200 123 \"-\" \"PostmanRuntime/7.29.0\"\n"}
{"level":"info","message":"::1 - [2022-06-22T15:44:35.607Z] \"GET /api/v1/users HTTP/1.1\" 200 123 \"-\" \"PostmanRuntime/7.29.0\"\n"}
{"level":"info","message":"::1 - [2022-06-22T15:44:52.423Z] \"GET /api/v1/users HTTP/1.1\" 200 128 \"-\" \"PostmanRuntime/7.29.0\"\n"}
{"level":"info","message":"::1 - [2022-06-22T15:47:14.427Z] \"GET /api/v1/users HTTP/1.1\" - - \"-\" \"PostmanRuntime/7.29.0\"\n"}
{"level":"info","message":"::1 - [2022-06-22T15:47:40.114Z] \"GET /api/v1/users HTTP/1.1\" 200 645 \"-\" \"PostmanRuntime/7.29.0\"\n"}
{"level":"info","message":"::1 - [2022-06-22T15:51:53.540Z] \"GET /api/v1/users HTTP/1.1\" 200 891 \"-\" \"PostmanRuntime/7.29.0\"\n"}
{"level":"info","message":"::1 - [2022-06-22T15:55:46.132Z] \"POST /api/v1/users/ HTTP/1.1\" 200 130 \"-\" \"PostmanRuntime/7.29.0\"\n"}
{"level":"info","message":"::1 - [2022-06-22T15:56:44.210Z] \"GET /api/v1/users HTTP/1.1\" 200 887 \"-\" \"PostmanRuntime/7.29.0\"\n"}
{"level":"info","message":"::1 - [2022-06-22T19:28:45.808Z] \"POST /api/v1/users/ HTTP/1.1\" 200 130 \"-\" \"PostmanRuntime/7.29.0\"\n"}
{"level":"info","message":"::1 - [2022-06-22T19:30:01.285Z] \"GET /api/v1/users HTTP/1.1\" 200 870 \"-\" \"PostmanRuntime/7.29.0\"\n"}
{"level":"info","message":"::1 - [2022-06-22T19:36:33.898Z] \"POST /api/v1/branches HTTP/1.1\" 400 136 \"-\" \"PostmanRuntime/7.29.0\"\n"}
{"level":"info","message":"::1 - [2022-06-22T19:51:50.706Z] \"POST /api/v1/users/signin HTTP/1.1\" 200 648 \"-\" \"PostmanRuntime/7.29.0\"\n"}
{"level":"info","message":"::1 - [2022-06-22T19:54:51.313Z] \"POST /api/v1/users/signin HTTP/1.1\" 200 678 \"-\" \"PostmanRuntime/7.29.0\"\n"}
{"level":"info","message":"::1 - [2022-06-22T19:55:21.233Z] \"GET /api/v1/branches?visit=true&appointment=true HTTP/1.1\" 401 138 \"-\" \"PostmanRuntime/7.29.0\"\n"}
{"level":"info","message":"::1 - [2022-06-22T19:56:44.996Z] \"GET /api/v1/branches?visit=true&appointment=true HTTP/1.1\" - - \"-\" \"PostmanRuntime/7.29.0\"\n"}
{"level":"info","message":"::1 - [2022-06-22T20:03:29.250Z] \"GET /api/v1/branches HTTP/1.1\" 401 106 \"-\" \"PostmanRuntime/7.29.0\"\n"}
{"level":"info","message":"::1 - [2022-06-22T20:03:46.689Z] \"GET /api/v1/branches HTTP/1.1\" 200 494 \"-\" \"PostmanRuntime/7.29.0\"\n"}
{"level":"info","message":"::1 - [2022-06-22T20:04:54.160Z] \"GET /api/v1/branches?visit=true&appointment=true HTTP/1.1\" 200 524 \"-\" \"PostmanRuntime/7.29.0\"\n"}
{"level":"info","message":"::1 - [2022-06-22T20:07:19.500Z] \"GET /api/v1/branches?id=RW02 HTTP/1.1\" 200 473 \"-\" \"PostmanRuntime/7.29.0\"\n"}
{"level":"info","message":"::1 - [2022-06-22T20:07:43.555Z] \"GET /api/v1/branches HTTP/1.1\" 200 494 \"-\" \"PostmanRuntime/7.29.0\"\n"}
{"level":"info","message":"::1 - [2022-06-22T20:07:52.059Z] \"GET /api/v1/branches?id=RW02 HTTP/1.1\" 200 473 \"-\" \"PostmanRuntime/7.29.0\"\n"}
{"level":"info","message":"::1 - [2022-06-22T20:08:22.616Z] \"GET /api/v1/services HTTP/1.1\" 500 1451 \"-\" \"PostmanRuntime/7.29.0\"\n"}
{"level":"info","message":"::1 - [2022-06-22T20:14:04.149Z] \"POST /api/v1/users/ HTTP/1.1\" 500 139 \"-\" \"PostmanRuntime/7.29.0\"\n"}
{"level":"info","message":"::1 - [2022-06-22T20:17:29.904Z] \"POST /api/v1/users/ HTTP/1.1\" 200 641 \"-\" \"PostmanRuntime/7.29.0\"\n"}
{"level":"info","message":"::1 - [2022-06-22T20:18:33.632Z] \"GET /api/v1/users HTTP/1.1\" - - \"-\" \"PostmanRuntime/7.29.0\"\n"}
{"level":"info","message":"::1 - [2022-06-22T20:19:06.237Z] \"GET /api/v1/users HTTP/1.1\" - - \"-\" \"PostmanRuntime/7.29.0\"\n"}
{"level":"info","message":"::1 - [2022-06-22T20:20:12.609Z] \"GET /api/v1/users HTTP/1.1\" 200 857 \"-\" \"PostmanRuntime/7.29.0\"\n"}
{"level":"info","message":"::1 - [2022-06-22T20:20:23.256Z] \"GET /api/v1/users HTTP/1.1\" 200 857 \"-\" \"PostmanRuntime/7.29.0\"\n"}
{"level":"info","message":"::1 - [2022-06-22T20:20:45.865Z] \"GET /api/v1/users?id=1 HTTP/1.1\" 200 857 \"-\" \"PostmanRuntime/7.29.0\"\n"}
{"level":"info","message":"::1 - [2022-06-22T20:21:32.094Z] \"GET /api/v1/users HTTP/1.1\" - - \"-\" \"PostmanRuntime/7.29.0\"\n"}
{"level":"info","message":"::1 - [2022-06-22T20:21:58.462Z] \"GET /api/v1/users HTTP/1.1\" - - \"-\" \"PostmanRuntime/7.29.0\"\n"}
{"level":"info","message":"::1 - [2022-06-22T20:22:41.115Z] \"GET /api/v1/users HTTP/1.1\" 401 106 \"-\" \"PostmanRuntime/7.29.0\"\n"}
{"level":"info","message":"::1 - [2022-06-22T20:23:06.514Z] \"GET /api/v1/users HTTP/1.1\" 401 106 \"-\" \"PostmanRuntime/7.29.0\"\n"}
{"level":"info","message":"::1 - [2022-06-22T20:23:16.688Z] \"GET /api/v1/users?id=1 HTTP/1.1\" 401 86 \"-\" \"PostmanRuntime/7.29.0\"\n"}
{"level":"info","message":"::1 - [2022-06-22T20:23:28.786Z] \"GET /api/v1/users?id=1 HTTP/1.1\" 401 106 \"-\" \"PostmanRuntime/7.29.0\"\n"}
{"level":"info","message":"::1 - [2022-06-22T20:23:48.695Z] \"POST /api/v1/users/signin HTTP/1.1\" 200 678 \"-\" \"PostmanRuntime/7.29.0\"\n"}
{"level":"info","message":"::1 - [2022-06-22T20:24:29.401Z] \"GET /api/v1/users HTTP/1.1\" 401 138 \"-\" \"PostmanRuntime/7.29.0\"\n"}
{"level":"info","message":"::1 - [2022-06-22T20:24:45.582Z] \"GET /api/v1/users?id=1 HTTP/1.1\" 401 138 \"-\" \"PostmanRuntime/7.29.0\"\n"}
{"level":"info","message":"::1 - [2022-06-22T20:25:42.599Z] \"GET /api/v1/users?id=1 HTTP/1.1\" 401 138 \"-\" \"PostmanRuntime/7.29.0\"\n"}
{"level":"info","message":"::1 - [2022-06-22T20:26:59.774Z] \"GET /api/v1/users?id=1 HTTP/1.1\" 200 857 \"-\" \"PostmanRuntime/7.29.0\"\n"}
{"level":"info","message":"::1 - [2022-06-22T20:27:05.290Z] \"GET /api/v1/users HTTP/1.1\" 200 857 \"-\" \"PostmanRuntime/7.29.0\"\n"}
{"level":"info","message":"::1 - [2022-06-22T20:27:31.074Z] \"GET /api/v1/services HTTP/1.1\" 500 1451 \"-\" \"PostmanRuntime/7.29.0\"\n"}
{"level":"info","message":"::1 - [2022-06-22T20:31:32.003Z] \"POST /api/v1/services HTTP/1.1\" 401 86 \"-\" \"PostmanRuntime/7.29.0\"\n"}
{"level":"info","message":"::1 - [2022-06-22T20:31:45.232Z] \"POST /api/v1/services HTTP/1.1\" 401 138 \"-\" \"PostmanRuntime/7.29.0\"\n"}
{"level":"info","message":"::1 - [2022-06-22T20:33:16.006Z] \"POST /api/v1/services HTTP/1.1\" 200 447 \"-\" \"PostmanRuntime/7.29.0\"\n"}
{"level":"info","message":"::1 - [2022-06-22T20:33:36.041Z] \"GET /api/v1/services HTTP/1.1\" 500 1451 \"-\" \"PostmanRuntime/7.29.0\"\n"}
{"level":"info","message":"::1 - [2022-06-22T20:36:28.495Z] \"GET /api/v1/services HTTP/1.1\" 500 1451 \"-\" \"PostmanRuntime/7.29.0\"\n"}
{"level":"info","message":"::1 - [2022-06-22T20:43:26.749Z] \"GET /api/v1/services HTTP/1.1\" 500 1451 \"-\" \"PostmanRuntime/7.29.0\"\n"}
{"level":"info","message":"::1 - [2022-06-22T20:43:28.098Z] \"GET /api/v1/services HTTP/1.1\" 500 1451 \"-\" \"PostmanRuntime/7.29.0\"\n"}
{"level":"info","message":"::1 - [2022-06-22T20:43:55.622Z] \"GET /api/v1/services HTTP/1.1\" 500 1451 \"-\" \"PostmanRuntime/7.29.0\"\n"}
{"level":"info","message":"::1 - [2022-06-22T20:45:02.657Z] \"GET /api/v1/services HTTP/1.1\" 500 1451 \"-\" \"PostmanRuntime/7.29.0\"\n"}
{"level":"info","message":"::1 - [2022-06-22T20:45:03.887Z] \"GET /api/v1/services HTTP/1.1\" 500 1451 \"-\" \"PostmanRuntime/7.29.0\"\n"}
{"level":"info","message":"::1 - [2022-06-22T20:45:36.097Z] \"GET /api/v1/services HTTP/1.1\" 400 57 \"-\" \"PostmanRuntime/7.29.0\"\n"}
{"level":"info","message":"::1 - [2022-06-22T20:45:49.172Z] \"GET /api/v1/services HTTP/1.1\" 500 1451 \"-\" \"PostmanRuntime/7.29.0\"\n"}
{"level":"info","message":"::1 - [2022-06-22T20:48:12.338Z] \"GET /api/v1/services HTTP/1.1\" 401 86 \"-\" \"PostmanRuntime/7.29.0\"\n"}
{"level":"info","message":"::1 - [2022-06-22T20:48:41.483Z] \"GET /api/v1/services HTTP/1.1\" 401 138 \"-\" \"PostmanRuntime/7.29.0\"\n"}
{"level":"info","message":"::1 - [2022-06-22T20:49:01.894Z] \"GET /api/v1/services HTTP/1.1\" 200 126 \"-\" \"PostmanRuntime/7.29.0\"\n"}
{"level":"info","message":"::1 - [2022-06-22T20:51:14.525Z] \"GET /api/v1/services HTTP/1.1\" - - \"-\" \"PostmanRuntime/7.29.0\"\n"}
{"level":"info","message":"::1 - [2022-06-22T20:56:53.645Z] \"GET /api/v1/services HTTP/1.1\" - - \"-\" \"PostmanRuntime/7.29.0\"\n"}
{"level":"info","message":"::1 - [2022-06-22T21:01:58.488Z] \"GET /api/v1/services HTTP/1.1\" - - \"-\" \"PostmanRuntime/7.29.0\"\n"}
{"level":"info","message":"::1 - [2022-06-22T21:04:33.732Z] \"GET /api/v1/services HTTP/1.1\" - - \"-\" \"PostmanRuntime/7.29.0\"\n"}
{"level":"info","message":"::1 - [2022-06-22T21:10:48.658Z] \"GET /api/v1/services HTTP/1.1\" - - \"-\" \"PostmanRuntime/7.29.0\"\n"}
{"level":"info","message":"::1 - [2022-06-22T21:11:28.510Z] \"GET /api/v1/services HTTP/1.1\" - - \"-\" \"PostmanRuntime/7.29.0\"\n"}
{"level":"info","message":"::1 - [2022-06-22T21:12:44.494Z] \"GET /api/v1/services HTTP/1.1\" 500 146 \"-\" \"PostmanRuntime/7.29.0\"\n"}
{"level":"info","message":"::1 - [2022-06-22T21:13:55.499Z] \"GET /api/v1/services HTTP/1.1\" 500 146 \"-\" \"PostmanRuntime/7.29.0\"\n"}
{"level":"info","message":"::1 - [2022-06-22T21:15:32.785Z] \"GET /api/v1/services HTTP/1.1\" 200 404 \"-\" \"PostmanRuntime/7.29.0\"\n"}
{"level":"info","message":"::1 - [2022-06-22T21:15:52.925Z] \"GET /api/v1/services HTTP/1.1\" 200 404 \"-\" \"PostmanRuntime/7.29.0\"\n"}
{"level":"info","message":"::1 - [2022-06-22T21:16:37.588Z] \"GET /api/v1/services?id=1 HTTP/1.1\" 401 86 \"-\" \"PostmanRuntime/7.29.0\"\n"}
{"level":"info","message":"::1 - [2022-06-22T21:16:47.580Z] \"GET /api/v1/services?id=1 HTTP/1.1\" 200 404 \"-\" \"PostmanRuntime/7.29.0\"\n"}
{"level":"info","message":"::1 - [2022-06-22T21:16:53.170Z] \"GET /api/v1/services?id=6 HTTP/1.1\" 500 166 \"-\" \"PostmanRuntime/7.29.0\"\n"}
{"level":"info","message":"::1 - [2022-06-22T21:17:03.451Z] \"GET /api/v1/services?id=1 HTTP/1.1\" 200 404 \"-\" \"PostmanRuntime/7.29.0\"\n"}
{"level":"info","message":"::1 - [2022-06-22T21:17:43.568Z] \"GET /api/v1/services HTTP/1.1\" 200 404 \"-\" \"PostmanRuntime/7.29.0\"\n"}
{"level":"info","message":"::1 - [2022-06-22T21:17:59.525Z] \"GET /api/v1/services?id=1 HTTP/1.1\" 200 404 \"-\" \"PostmanRuntime/7.29.0\"\n"}
{"level":"info","message":"::1 - [2022-06-22T21:18:05.740Z] \"GET /api/v1/services?id=19 HTTP/1.1\" 200 102 \"-\" \"PostmanRuntime/7.29.0\"\n"}
{"level":"info","message":"::1 - [2022-06-22T21:19:40.749Z] \"GET /api/v1/services HTTP/1.1\" 200 404 \"-\" \"PostmanRuntime/7.29.0\"\n"}
{"level":"info","message":"::1 - [2022-06-22T21:20:23.042Z] \"GET /api/v1/services HTTP/1.1\" 200 404 \"-\" \"PostmanRuntime/7.29.0\"\n"}
{"level":"info","message":"::1 - [2022-06-22T21:21:50.181Z] \"GET /api/v1/services HTTP/1.1\" 200 425 \"-\" \"PostmanRuntime/7.29.0\"\n"}
{"level":"info","message":"::1 - [2022-06-22T21:21:57.222Z] \"GET /api/v1/services?id=19 HTTP/1.1\" 200 102 \"-\" \"PostmanRuntime/7.29.0\"\n"}
{"level":"info","message":"::1 - [2022-06-22T21:22:02.783Z] \"GET /api/v1/services?id=1 HTTP/1.1\" 200 404 \"-\" \"PostmanRuntime/7.29.0\"\n"}
{"level":"info","message":"::1 - [2022-06-22T21:42:36.250Z] \"PATCH /api/v1/services/2 HTTP/1.1\" 400 57 \"-\" \"PostmanRuntime/7.29.0\"\n"}
{"level":"info","message":"::1 - [2022-06-22T21:43:14.004Z] \"PATCH /api/v1/services/1 HTTP/1.1\" 400 57 \"-\" \"PostmanRuntime/7.29.0\"\n"}
{"level":"info","message":"::1 - [2022-06-22T21:43:25.860Z] \"PATCH /api/v1/services/update/1 HTTP/1.1\" 401 86 \"-\" \"PostmanRuntime/7.29.0\"\n"}
{"level":"info","message":"::1 - [2022-06-22T21:43:34.408Z] \"PATCH /api/v1/services/update/1 HTTP/1.1\" 401 138 \"-\" \"PostmanRuntime/7.29.0\"\n"}
{"level":"info","message":"::1 - [2022-06-22T21:44:04.010Z] \"PATCH /api/v1/services/update/1 HTTP/1.1\" 200 428 \"-\" \"PostmanRuntime/7.29.0\"\n"}
{"level":"info","message":"::1 - [2022-06-22T21:44:32.205Z] \"PATCH /api/v1/services/update/1 HTTP/1.1\" 200 414 \"-\" \"PostmanRuntime/7.29.0\"\n"}
{"level":"info","message":"::1 - [2022-06-22T21:47:22.935Z] \"POST /api/v1/services HTTP/1.1\" 200 447 \"-\" \"PostmanRuntime/7.29.0\"\n"}
{"level":"info","message":"::1 - [2022-06-22T21:47:29.534Z] \"DELETE /api/v1/services/2 HTTP/1.1\" 400 57 \"-\" \"PostmanRuntime/7.29.0\"\n"}
{"level":"info","message":"::1 - [2022-06-22T21:47:42.120Z] \"DELETE /api/v1/services/delete/2 HTTP/1.1\" 401 86 \"-\" \"PostmanRuntime/7.29.0\"\n"}
{"level":"info","message":"::1 - [2022-06-22T21:47:52.296Z] \"DELETE /api/v1/services/delete/2 HTTP/1.1\" 500 117 \"-\" \"PostmanRuntime/7.29.0\"\n"}
{"level":"info","message":"::1 - [2022-06-22T21:48:03.213Z] \"GET /api/v1/services HTTP/1.1\" 200 742 \"-\" \"PostmanRuntime/7.29.0\"\n"}
{"level":"info","message":"::1 - [2022-06-22T21:48:10.635Z] \"DELETE /api/v1/services/delete/2 HTTP/1.1\" 500 117 \"-\" \"PostmanRuntime/7.29.0\"\n"}
{"level":"info","message":"::1 - [2022-06-22T21:48:51.254Z] \"DELETE /api/v1/services/delete/2 HTTP/1.1\" 500 117 \"-\" \"PostmanRuntime/7.29.0\"\n"}
{"level":"info","message":"::1 - [2022-06-22T21:48:56.999Z] \"GET /api/v1/services HTTP/1.1\" 200 742 \"-\" \"PostmanRuntime/7.29.0\"\n"}
{"level":"info","message":"::1 - [2022-06-22T21:50:09.428Z] \"DELETE /api/v1/services/delete/2 HTTP/1.1\" 500 117 \"-\" \"PostmanRuntime/7.29.0\"\n"}
{"level":"info","message":"::1 - [2022-06-22T21:50:26.505Z] \"DELETE /api/v1/services/delete/2 HTTP/1.1\" 500 117 \"-\" \"PostmanRuntime/7.29.0\"\n"}
{"level":"info","message":"::1 - [2022-06-22T21:50:54.705Z] \"DELETE /api/v1/services/delete/2 HTTP/1.1\" 500 117 \"-\" \"PostmanRuntime/7.29.0\"\n"}
{"level":"info","message":"::1 - [2022-06-22T21:51:29.297Z] \"DELETE /api/v1/services/delete/2 HTTP/1.1\" 500 117 \"-\" \"PostmanRuntime/7.29.0\"\n"}
{"level":"info","message":"::1 - [2022-06-22T21:52:00.259Z] \"DELETE /api/v1/services/delete/2 HTTP/1.1\" 200 107 \"-\" \"PostmanRuntime/7.29.0\"\n"}
{"level":"info","message":"::1 - [2022-06-22T21:52:45.450Z] \"DELETE /api/v1/services/delete/2 HTTP/1.1\" 200 404 \"-\" \"PostmanRuntime/7.29.0\"\n"}
{"level":"info","message":"::1 - [2022-06-22T21:53:21.036Z] \"DELETE /api/v1/services/delete/2 HTTP/1.1\" 200 99 \"-\" \"PostmanRuntime/7.29.0\"\n"}
{"level":"info","message":"::1 - [2022-06-22T21:53:30.070Z] \"GET /api/v1/services HTTP/1.1\" 200 435 \"-\" \"PostmanRuntime/7.29.0\"\n"}
{"level":"info","message":"::1 - [2022-06-22T21:57:50.732Z] \"DELETE /api/v1/services/delete/2 HTTP/1.1\" 204 - \"-\" \"PostmanRuntime/7.29.0\"\n"}
{"level":"info","message":"::1 - [2022-06-22T21:57:53.546Z] \"DELETE /api/v1/services/delete/2 HTTP/1.1\" 204 - \"-\" \"PostmanRuntime/7.29.0\"\n"}
{"level":"info","message":"::1 - [2022-06-22T21:57:55.060Z] \"DELETE /api/v1/services/delete/2 HTTP/1.1\" 204 - \"-\" \"PostmanRuntime/7.29.0\"\n"}
{"level":"info","message":"::1 - [2022-06-22T21:57:55.698Z] \"DELETE /api/v1/services/delete/2 HTTP/1.1\" 204 - \"-\" \"PostmanRuntime/7.29.0\"\n"}
{"level":"info","message":"::1 - [2022-06-22T21:58:03.532Z] \"POST /api/v1/services HTTP/1.1\" 200 447 \"-\" \"PostmanRuntime/7.29.0\"\n"}
{"level":"info","message":"::1 - [2022-06-22T21:58:09.200Z] \"GET /api/v1/services HTTP/1.1\" 200 742 \"-\" \"PostmanRuntime/7.29.0\"\n"}
{"level":"info","message":"::1 - [2022-06-22T21:58:15.967Z] \"DELETE /api/v1/services/delete/2 HTTP/1.1\" 204 - \"-\" \"PostmanRuntime/7.29.0\"\n"}
{"level":"info","message":"::1 - [2022-06-22T21:58:23.068Z] \"GET /api/v1/services HTTP/1.1\" 200 742 \"-\" \"PostmanRuntime/7.29.0\"\n"}
{"level":"info","message":"::1 - [2022-06-22T21:58:48.472Z] \"DELETE /api/v1/services/delete/3 HTTP/1.1\" 204 - \"-\" \"PostmanRuntime/7.29.0\"\n"}
{"level":"info","message":"::1 - [2022-06-22T21:58:54.419Z] \"GET /api/v1/services HTTP/1.1\" 200 435 \"-\" \"PostmanRuntime/7.29.0\"\n"}
{"level":"info","message":"::1 - [2022-06-22T21:59:30.060Z] \"DELETE /api/v1/services/delete/3 HTTP/1.1\" 204 - \"-\" \"PostmanRuntime/7.29.0\"\n"}
{"level":"info","message":"::1 - [2022-06-22T21:59:41.811Z] \"DELETE /api/v1/services/delete/3 HTTP/1.1\" 204 - \"-\" \"PostmanRuntime/7.29.0\"\n"}
{"level":"info","message":"::1 - [2022-06-22T21:59:53.983Z] \"DELETE /api/v1/services/delete/3 HTTP/1.1\" 204 - \"-\" \"PostmanRuntime/7.29.0\"\n"}
{"level":"info","message":"::1 - [2022-06-22T21:59:55.075Z] \"DELETE /api/v1/services/delete/3 HTTP/1.1\" 204 - \"-\" \"PostmanRuntime/7.29.0\"\n"}
{"level":"info","message":"::1 - [2022-06-22T21:59:55.967Z] \"DELETE /api/v1/services/delete/3 HTTP/1.1\" 204 - \"-\" \"PostmanRuntime/7.29.0\"\n"}
{"level":"info","message":"::1 - [2022-06-22T21:59:57.761Z] \"DELETE /api/v1/services/delete/3 HTTP/1.1\" 204 - \"-\" \"PostmanRuntime/7.29.0\"\n"}
{"level":"info","message":"::1 - [2022-06-22T21:59:58.119Z] \"DELETE /api/v1/services/delete/3 HTTP/1.1\" 204 - \"-\" \"PostmanRuntime/7.29.0\"\n"}
