{"level":"error","message":{"reqBody":{},"reqIp":"::1","reqMethod":"GET","reqParams":{},"reqQuery":{},"reqTime":"2022-06-20 21:55:19","reqUrl":"/signin","response":{"code":"","message":"server_error.\"password\" is required","responseTime":"2022-06-20 21:55:23","status":{"code":500,"message":"error"}}}}
{"level":"error","message":{"reqBody":{"password":"Genuine@2022","username":"devemm"},"reqIp":"::1","reqMethod":"GET","reqParams":{},"reqQuery":{},"reqTime":"2022-06-20 21:55:19","reqUrl":"/signin","response":{"code":"","message":"server_error.\"password\" is required","responseTime":"2022-06-20 21:56:42","status":{"code":500,"message":"error"}}}}
{"level":"error","message":{"reqBody":{"password":"Genuine@2022","username":"devemm"},"reqIp":"::1","reqMethod":"GET","reqParams":{},"reqQuery":{},"reqTime":"2022-06-20 21:55:19","reqUrl":"/signin","response":{"code":"","message":"server_error.\"password\" is required","responseTime":"2022-06-20 21:57:00","status":{"code":500,"message":"error"}}}}
{"level":"error","message":{"reqBody":{"password":"Genuine@2022","username":"devemm"},"reqIp":"::1","reqMethod":"GET","reqParams":{},"reqQuery":{},"reqTime":"2022-06-20 21:58:50","reqUrl":"/signin","response":{"code":"","message":"server_error.try_again","responseTime":"2022-06-20 21:58:54","status":{"code":500,"message":"error"}}}}
{"level":"error","message":{"reqBody":{"password":"Genuine@2022","username":"devemm"},"reqIp":"::1","reqMethod":"GET","reqParams":{},"reqQuery":{},"reqTime":"2022-06-20 22:02:14","reqUrl":"/signin","response":{"code":"","message":"server_error.\"password\" is required","responseTime":"2022-06-20 22:02:18","status":{"code":500,"message":"error"}}}}
{"level":"error"}
{"level":"error","message":{"reqBody":{"email":"emmanuel@gennxttechsol.com","password":"Genuine@2022","username":"devemm"},"reqIp":"::1","reqMethod":"POST","reqParams":{},"reqQuery":{},"reqTime":"2022-06-20 22:36:24","reqUrl":"/signin","response":{"code":"","message":"server_error.try_again","responseTime":"2022-06-20 22:36:29","status":{"code":500,"message":"error"}}}}
{"level":"error"}
{"level":"error","message":{"reqBody":{"email":"emmanuel@gennxttechsol.com","password":"Genuine@2022","username":"devemm"},"reqIp":"::1","reqMethod":"POST","reqParams":{},"reqQuery":{},"reqTime":"2022-06-20 22:37:53","reqUrl":"/signin","response":{"code":"","message":"server_error.try_again","responseTime":"2022-06-20 22:37:56","status":{"code":500,"message":"error"}}}}
{"level":"error"}
{"level":"error","message":{"reqBody":{"email":"emmanuel@gennxttechsol.com","password":"Genuine@2022","username":"devemm"},"reqIp":"::1","reqMethod":"POST","reqParams":{},"reqQuery":{},"reqTime":"2022-06-20 22:52:10","reqUrl":"/signin","response":{"code":"","message":"server_error.try_again","responseTime":"2022-06-20 22:52:16","status":{"code":500,"message":"error"}}}}
{"level":"error"}
{"level":"error","message":{"reqBody":{"email":"emmanuel@gennxttechsol.com","password":"Genuine@2022","username":"devemm"},"reqIp":"::1","reqMethod":"POST","reqParams":{},"reqQuery":{},"reqTime":"2022-06-20 22:53:35","reqUrl":"/signin","response":{"code":"","message":"server_error.try_again","responseTime":"2022-06-20 22:53:39","status":{"code":500,"message":"error"}}}}
{"level":"error"}
{"level":"error","message":{"reqBody":{"email":"emmanuel@gennxttechsol.com","password":"Genuine@2022","username":"devemm"},"reqIp":"::1","reqMethod":"POST","reqParams":{},"reqQuery":{},"reqTime":"2022-06-20 22:55:12","reqUrl":"/signin","response":{"code":"","message":"server_error.try_again","responseTime":"2022-06-20 22:55:15","status":{"code":500,"message":"error"}}}}
{"level":"error"}
{"level":"error","message":{"reqBody":{"email":"emmanuel@gennxttechsol.com","password":"Genuine@2022","username":"devemm"},"reqIp":"::1","reqMethod":"POST","reqParams":{},"reqQuery":{},"reqTime":"2022-06-20 22:55:57","reqUrl":"/signin","response":{"code":"","message":"server_error.try_again","responseTime":"2022-06-20 22:56:00","status":{"code":500,"message":"error"}}}}
{"level":"error"}
{"level":"error","message":{"reqBody":{"email":"emmanuel@gennxttechsol.com","password":"Genuine@2022","username":"devemm"},"reqIp":"::1","reqMethod":"POST","reqParams":{},"reqQuery":{},"reqTime":"2022-06-20 23:02:04","reqUrl":"/signin","response":{"code":"","message":"throw","responseTime":"2022-06-20 23:02:09","status":{"code":500,"message":"error"}}}}
{"level":"error"}
{"level":"error","message":{"reqBody":{"email":"emmanuel@gennxttechsol.com","password":"Genuine@2022","username":"devemm"},"reqIp":"::1","reqMethod":"POST","reqParams":{},"reqQuery":{},"reqTime":"2022-06-20 23:02:34","reqUrl":"/signin","response":{"code":"","message":{"level":"error"},"responseTime":"2022-06-20 23:02:43","status":{"code":500,"message":"error"}}}}
{"level":"error"}
{"level":"error","message":{"reqBody":{"email":"emmanuel@gennxttechsol.com","password":"Genuine@2022","username":"devemm"},"reqIp":"::1","reqMethod":"POST","reqParams":{},"reqQuery":{},"reqTime":"2022-06-20 23:03:42","reqUrl":"/signin","response":{"code":"","message":"wrong pasword","responseTime":"2022-06-20 23:03:46","status":{"code":500,"message":"error"}}}}
{"level":"error"}
{"level":"error","message":{"reqBody":{"email":"emmanuel@gennxttechsolcom","password":"Genuine@2022","username":"devemm"},"reqIp":"::1","reqMethod":"POST","reqParams":{},"reqQuery":{},"reqTime":"2022-06-20 23:03:42","reqUrl":"/signin","response":{"code":"","message":"wrong pasword","responseTime":"2022-06-20 23:04:00","status":{"code":500,"message":"error"}}}}
{"level":"error"}
{"level":"error","message":{"reqBody":{"email":"emmanuel@gennxttechsolcom","password":"Genuine@2022","username":"devemm"},"reqIp":"::1","reqMethod":"POST","reqParams":{},"reqQuery":{},"reqTime":"2022-06-20 23:03:42","reqUrl":"/signin","response":{"code":"","message":"wrong pasword","responseTime":"2022-06-20 23:04:05","status":{"code":500,"message":"error"}}}}
{"level":"error"}
{"level":"error","message":{"reqBody":{"email":"emmanuel@gennxttechsol.com","password":"Genuine@2022","username":"devemm"},"reqIp":"::1","reqMethod":"POST","reqParams":{},"reqQuery":{},"reqTime":"2022-06-20 23:03:42","reqUrl":"/signin","response":{"code":"","message":"wrong pasword","responseTime":"2022-06-20 23:04:18","status":{"code":500,"message":"error"}}}}
{"level":"error"}
{"level":"error","message":{"reqBody":{"email":"emmanuel@gennxttechsol.com","password":"Genuine@2022","username":"devemm"},"reqIp":"::1","reqMethod":"POST","reqParams":{},"reqQuery":{},"reqTime":"2022-06-20 23:06:09","reqUrl":"/signin","response":{"code":"","message":"wrong pasword","responseTime":"2022-06-20 23:06:13","status":{"code":500,"message":"error"}}}}
{"level":"error"}
{"level":"error","message":{"reqBody":{"email":"emmanuel@gennxttechsol.com","password":"Genuine@2022","username":"devemm"},"reqIp":"::1","reqMethod":"POST","reqParams":{},"reqQuery":{},"reqTime":"2022-06-20 23:06:59","reqUrl":"/signin","response":{"code":"","message":"wrong pasword","responseTime":"2022-06-20 23:07:02","status":{"code":500,"message":"error"}}}}
{"level":"error"}
{"level":"error","message":{"reqBody":{"email":"emmanuel@gennxttechsol.com","password":"Genuine@2022","username":"devemm"},"reqIp":"::1","reqMethod":"POST","reqParams":{},"reqQuery":{},"reqTime":"2022-06-20 23:07:55","reqUrl":"/signin","response":{"code":"","message":"wrong pasword","responseTime":"2022-06-20 23:08:03","status":{"code":500,"message":"error"}}}}
{"level":"error"}
{"level":"error","message":{"reqBody":{"email":"emmanuel@gennxttechsol.com","password":"Genuine@2022","username":"devemm"},"reqIp":"::1","reqMethod":"POST","reqParams":{},"reqQuery":{},"reqTime":"2022-06-20 23:08:29","reqUrl":"/signin","response":{"code":"","message":"wrong pasword","responseTime":"2022-06-20 23:08:34","status":{"code":500,"message":"error"}}}}
{"level":"error"}
{"level":"error","message":{"reqBody":{"email":"emmanuel@gennxttechsol.com","password":"Genuine@2022","username":"devemm"},"reqIp":"::1","reqMethod":"POST","reqParams":{},"reqQuery":{},"reqTime":"2022-06-20 23:09:52","reqUrl":"/signin","response":{"code":"","message":"user not found","responseTime":"2022-06-20 23:09:57","status":{"code":500,"message":"error"}}}}
{"level":"error"}
{"level":"error","message":{"reqBody":{"email":"primaryemmy@gmail.com","password":"Genuine@2022","username":"devemm"},"reqIp":"::1","reqMethod":"POST","reqParams":{},"reqQuery":{},"reqTime":"2022-06-20 23:10:24","reqUrl":"/signin","response":{"code":"","message":"wrong pasword","responseTime":"2022-06-20 23:10:43","status":{"code":500,"message":"error"}}}}
{"level":"error"}
{"level":"error","message":{"reqBody":{"email":"primaryemmy@gmail.com","password":"Genuine@2022","username":"devemm"},"reqIp":"::1","reqMethod":"POST","reqParams":{},"reqQuery":{},"reqTime":"2022-06-20 23:12:00","reqUrl":"/signin","response":{"code":"","message":"wrong pasword","responseTime":"2022-06-20 23:12:03","status":{"code":500,"message":"error"}}}}
{"level":"error"}
{"level":"error","message":{"reqBody":{"email":"primaryemmy@gmail.com","password":"Genuine@2022","username":"devemm"},"reqIp":"::1","reqMethod":"POST","reqParams":{},"reqQuery":{},"reqTime":"2022-06-20 23:13:05","reqUrl":"/signin","response":{"code":"","message":"wrong pasword","responseTime":"2022-06-20 23:13:08","status":{"code":500,"message":"error"}}}}
{"level":"error"}
{"level":"error","message":{"reqBody":{"email":"primaryemmy@gmail.com","password":"Emmanuel123459","username":"devemm"},"reqIp":"::1","reqMethod":"POST","reqParams":{},"reqQuery":{},"reqTime":"2022-06-20 23:14:35","reqUrl":"/signin","response":{"code":"","message":"wrong pasword","responseTime":"2022-06-20 23:15:22","status":{"code":500,"message":"error"}}}}
{"level":"error","message":{"reqBody":{"email":"primaryemmy@gmail.com","password":"Emmanuel12345","username":"devemm"},"reqIp":"::1","reqMethod":"POST","reqParams":{},"reqQuery":{},"reqTime":"2022-06-20 23:26:42","reqUrl":"/signin","response":{"code":"","message":"server_error.\"username\" is not allowed","responseTime":"2022-06-20 23:26:48","status":{"code":500,"message":"error"}}}}
{"level":"error"}
{"level":"error","message":{"reqBody":{"email":"primaryemmy@gmail.com","password":"Emmanuel12345","phone":"devemm"},"reqIp":"::1","reqMethod":"POST","reqParams":{},"reqQuery":{},"reqTime":"2022-06-20 23:26:42","reqUrl":"/signin","response":{"code":"","message":"phone is not defined","responseTime":"2022-06-20 23:27:06","status":{"code":500,"message":"error"}}}}
{"level":"error"}
{"level":"error","message":{"reqBody":{"email":"primaryemmy@gmail.com","password":"Emmanuel12345"},"reqIp":"::1","reqMethod":"POST","reqParams":{},"reqQuery":{},"reqTime":"2022-06-20 23:26:42","reqUrl":"/signin","response":{"code":"","message":"phone is not defined","responseTime":"2022-06-20 23:27:21","status":{"code":500,"message":"error"}}}}
