{"level":"info","message":"::1 - [2022-04-14T07:01:28.760Z] \"GET /api/v1/branches HTTP/1.1\" 304 - \"-\" \"Mozilla/5.0 (X11; Linux x86_64) AppleWebKit/537.36 (KHTML, like Gecko) Chrome/99.0.4844.82 Safari/537.36\"\n"}
{"level":"info","message":"::1 - [2022-04-14T07:01:28.860Z] \"GET /favicon.ico HTTP/1.1\" 400 57 \"http://localhost:3000/api/v1/branches\" \"Mozilla/5.0 (X11; Linux x86_64) AppleWebKit/537.36 (KHTML, like Gecko) Chrome/99.0.4844.82 Safari/537.36\"\n"}
{"level":"info","message":"::1 - [2022-04-14T07:03:47.513Z] \"GET /api/v1/branches HTTP/1.1\" 200 803 \"-\" \"Mozilla/5.0 (X11; Linux x86_64) AppleWebKit/537.36 (KHTML, like Gecko) Chrome/99.0.4844.82 Safari/537.36\"\n"}
{"level":"info","message":"::1 - [2022-04-14T07:03:47.561Z] \"GET /favicon.ico HTTP/1.1\" 400 57 \"http://localhost:3000/api/v1/branches\" \"Mozilla/5.0 (X11; Linux x86_64) AppleWebKit/537.36 (KHTML, like Gecko) Chrome/99.0.4844.82 Safari/537.36\"\n"}
{"level":"info","message":"::1 - [2022-04-14T07:05:58.911Z] \"PATCH /api/v1/branches/2398787653223 HTTP/1.1\" 200 170 \"-\" \"PostmanRuntime/7.29.0\"\n"}
{"level":"info","message":"::1 - [2022-04-14T07:06:30.091Z] \"PATCH /api/v1/branches/2398787653223 HTTP/1.1\" 200 170 \"-\" \"PostmanRuntime/7.29.0\"\n"}
{"level":"info","message":"::1 - [2022-04-14T07:06:53.298Z] \"PATCH /api/v1/branches/2398787653223 HTTP/1.1\" 200 28 \"-\" \"PostmanRuntime/7.29.0\"\n"}
{"level":"info","message":"::1 - [2022-04-14T07:07:12.498Z] \"PATCH /api/v1/branches/2398787653223 HTTP/1.1\" 200 27 \"-\" \"PostmanRuntime/7.29.0\"\n"}
{"level":"info","message":"::1 - [2022-04-14T07:11:11.012Z] \"PATCH /api/v1/branches/2398787653223 HTTP/1.1\" - - \"-\" \"PostmanRuntime/7.29.0\"\n"}
{"level":"info","message":"::1 - [2022-04-14T07:12:02.122Z] \"PATCH /api/v1/branches/2398787653223 HTTP/1.1\" 200 57 \"-\" \"PostmanRuntime/7.29.0\"\n"}
{"level":"info","message":"::1 - [2022-04-14T07:13:07.316Z] \"PATCH /api/v1/branches/2398787653223 HTTP/1.1\" 200 57 \"-\" \"PostmanRuntime/7.29.0\"\n"}
{"level":"info","message":"::1 - [2022-04-14T07:13:13.506Z] \"PATCH /api/v1/branches/2398787653223 HTTP/1.1\" 200 57 \"-\" \"PostmanRuntime/7.29.0\"\n"}
{"level":"info","message":"::1 - [2022-04-14T07:13:14.495Z] \"PATCH /api/v1/branches/2398787653223 HTTP/1.1\" 200 57 \"-\" \"PostmanRuntime/7.29.0\"\n"}
{"level":"info","message":"::1 - [2022-04-14T07:13:30.120Z] \"PATCH /api/v1/branches/2398787653223 HTTP/1.1\" 200 57 \"-\" \"PostmanRuntime/7.29.0\"\n"}
{"level":"info","message":"::1 - [2022-04-14T07:14:01.241Z] \"PATCH /api/v1/branches/2398787653223 HTTP/1.1\" 200 57 \"-\" \"PostmanRuntime/7.29.0\"\n"}
{"level":"info","message":"::1 - [2022-04-14T07:14:38.664Z] \"PATCH /api/v1/branches/2398787653223 HTTP/1.1\" 200 57 \"-\" \"PostmanRuntime/7.29.0\"\n"}
{"level":"info","message":"::1 - [2022-04-14T07:15:11.309Z] \"PATCH /api/v1/branches/2398787653223 HTTP/1.1\" 200 57 \"-\" \"PostmanRuntime/7.29.0\"\n"}
{"level":"info","message":"::1 - [2022-04-14T07:15:19.923Z] \"PATCH /api/v1/branches/2398787653223 HTTP/1.1\" 200 63 \"-\" \"PostmanRuntime/7.29.0\"\n"}
{"level":"info","message":"::1 - [2022-04-14T07:29:39.347Z] \"GET /api/v1/branches HTTP/1.1\" 200 804 \"-\" \"Mozilla/5.0 (X11; Linux x86_64) AppleWebKit/537.36 (KHTML, like Gecko) Chrome/99.0.4844.82 Safari/537.36\"\n"}
{"level":"info","message":"::1 - [2022-04-14T07:29:39.389Z] \"GET /favicon.ico HTTP/1.1\" 400 57 \"http://localhost:3000/api/v1/branches\" \"Mozilla/5.0 (X11; Linux x86_64) AppleWebKit/537.36 (KHTML, like Gecko) Chrome/99.0.4844.82 Safari/537.36\"\n"}
{"level":"info","message":"::1 - [2022-04-14T07:36:38.499Z] \"GET /api/v1/branches HTTP/1.1\" 304 - \"-\" \"Mozilla/5.0 (X11; Linux x86_64) AppleWebKit/537.36 (KHTML, like Gecko) Chrome/99.0.4844.82 Safari/537.36\"\n"}
{"level":"info","message":"::1 - [2022-04-14T07:36:38.559Z] \"GET /favicon.ico HTTP/1.1\" 400 57 \"http://localhost:3000/api/v1/branches\" \"Mozilla/5.0 (X11; Linux x86_64) AppleWebKit/537.36 (KHTML, like Gecko) Chrome/99.0.4844.82 Safari/537.36\"\n"}
{"level":"info","message":"::1 - [2022-04-14T07:36:41.723Z] \"GET /api/v1/branches HTTP/1.1\" 304 - \"-\" \"Mozilla/5.0 (X11; Linux x86_64) AppleWebKit/537.36 (KHTML, like Gecko) Chrome/99.0.4844.82 Safari/537.36\"\n"}
{"level":"info","message":"::1 - [2022-04-14T07:36:41.756Z] \"GET /favicon.ico HTTP/1.1\" 400 57 \"http://localhost:3000/api/v1/branches\" \"Mozilla/5.0 (X11; Linux x86_64) AppleWebKit/537.36 (KHTML, like Gecko) Chrome/99.0.4844.82 Safari/537.36\"\n"}
{"level":"info","message":"::1 - [2022-04-14T07:37:48.110Z] \"GET /api/v1/branches HTTP/1.1\" - - \"-\" \"Mozilla/5.0 (X11; Linux x86_64) AppleWebKit/537.36 (KHTML, like Gecko) Chrome/99.0.4844.82 Safari/537.36\"\n"}
{"level":"info","message":"::1 - [2022-04-14T07:37:57.412Z] \"GET /api/v1/branches HTTP/1.1\" 200 804 \"-\" \"Mozilla/5.0 (X11; Linux x86_64) AppleWebKit/537.36 (KHTML, like Gecko) Chrome/99.0.4844.82 Safari/537.36\"\n"}
{"level":"info","message":"::1 - [2022-04-14T07:37:57.454Z] \"GET /favicon.ico HTTP/1.1\" 400 57 \"http://localhost:3000/api/v1/branches\" \"Mozilla/5.0 (X11; Linux x86_64) AppleWebKit/537.36 (KHTML, like Gecko) Chrome/99.0.4844.82 Safari/537.36\"\n"}
{"level":"info","message":"::1 - [2022-04-14T07:39:16.429Z] \"GET /api/v1/branches HTTP/1.1\" 304 - \"-\" \"Mozilla/5.0 (X11; Linux x86_64) AppleWebKit/537.36 (KHTML, like Gecko) Chrome/99.0.4844.82 Safari/537.36\"\n"}
{"level":"info","message":"::1 - [2022-04-14T07:39:16.474Z] \"GET /favicon.ico HTTP/1.1\" 400 57 \"http://localhost:3000/api/v1/branches\" \"Mozilla/5.0 (X11; Linux x86_64) AppleWebKit/537.36 (KHTML, like Gecko) Chrome/99.0.4844.82 Safari/537.36\"\n"}
{"level":"info","message":"::1 - [2022-04-14T07:39:43.384Z] \"GET /api/v1/branches?id=RW01 HTTP/1.1\" 200 65 \"-\" \"Mozilla/5.0 (X11; Linux x86_64) AppleWebKit/537.36 (KHTML, like Gecko) Chrome/99.0.4844.82 Safari/537.36\"\n"}
{"level":"info","message":"::1 - [2022-04-14T07:39:43.424Z] \"GET /favicon.ico HTTP/1.1\" 400 57 \"http://localhost:3000/api/v1/branches?id=RW01\" \"Mozilla/5.0 (X11; Linux x86_64) AppleWebKit/537.36 (KHTML, like Gecko) Chrome/99.0.4844.82 Safari/537.36\"\n"}
{"level":"info","message":"::1 - [2022-04-14T07:40:09.723Z] \"GET /api/v1/branches?id=RW01 HTTP/1.1\" 304 - \"-\" \"Mozilla/5.0 (X11; Linux x86_64) AppleWebKit/537.36 (KHTML, like Gecko) Chrome/99.0.4844.82 Safari/537.36\"\n"}
{"level":"info","message":"::1 - [2022-04-14T07:40:09.754Z] \"GET /favicon.ico HTTP/1.1\" 400 57 \"http://localhost:3000/api/v1/branches?id=RW01\" \"Mozilla/5.0 (X11; Linux x86_64) AppleWebKit/537.36 (KHTML, like Gecko) Chrome/99.0.4844.82 Safari/537.36\"\n"}
{"level":"info","message":"::1 - [2022-04-14T07:40:48.557Z] \"GET /api/v1/branches?id=RW01 HTTP/1.1\" 200 804 \"-\" \"Mozilla/5.0 (X11; Linux x86_64) AppleWebKit/537.36 (KHTML, like Gecko) Chrome/99.0.4844.82 Safari/537.36\"\n"}
{"level":"info","message":"::1 - [2022-04-14T07:40:48.599Z] \"GET /favicon.ico HTTP/1.1\" 400 57 \"http://localhost:3000/api/v1/branches?id=RW01\" \"Mozilla/5.0 (X11; Linux x86_64) AppleWebKit/537.36 (KHTML, like Gecko) Chrome/99.0.4844.82 Safari/537.36\"\n"}
{"level":"info","message":"::1 - [2022-04-14T07:42:13.312Z] \"GET /api/v1/branches?id=RW01 HTTP/1.1\" - - \"-\" \"Mozilla/5.0 (X11; Linux x86_64) AppleWebKit/537.36 (KHTML, like Gecko) Chrome/99.0.4844.82 Safari/537.36\"\n"}
{"level":"info","message":"::1 - [2022-04-14T07:42:33.025Z] \"GET /api/v1/branches?id=RW01 HTTP/1.1\" 200 804 \"-\" \"Mozilla/5.0 (X11; Linux x86_64) AppleWebKit/537.36 (KHTML, like Gecko) Chrome/99.0.4844.82 Safari/537.36\"\n"}
{"level":"info","message":"::1 - [2022-04-14T07:42:33.065Z] \"GET /favicon.ico HTTP/1.1\" 400 57 \"http://localhost:3000/api/v1/branches?id=RW01\" \"Mozilla/5.0 (X11; Linux x86_64) AppleWebKit/537.36 (KHTML, like Gecko) Chrome/99.0.4844.82 Safari/537.36\"\n"}
{"level":"info","message":"::1 - [2022-04-14T07:43:08.131Z] \"GET /api/v1/branches?id=RW01 HTTP/1.1\" 304 - \"-\" \"Mozilla/5.0 (X11; Linux x86_64) AppleWebKit/537.36 (KHTML, like Gecko) Chrome/99.0.4844.82 Safari/537.36\"\n"}
{"level":"info","message":"::1 - [2022-04-14T07:43:08.171Z] \"GET /favicon.ico HTTP/1.1\" 400 57 \"http://localhost:3000/api/v1/branches?id=RW01\" \"Mozilla/5.0 (X11; Linux x86_64) AppleWebKit/537.36 (KHTML, like Gecko) Chrome/99.0.4844.82 Safari/537.36\"\n"}
{"level":"info","message":"::1 - [2022-04-14T07:50:01.813Z] \"GET /api/v1/branches?id=RW01 HTTP/1.1\" 200 431 \"-\" \"Mozilla/5.0 (X11; Linux x86_64) AppleWebKit/537.36 (KHTML, like Gecko) Chrome/99.0.4844.82 Safari/537.36\"\n"}
{"level":"info","message":"::1 - [2022-04-14T07:50:01.854Z] \"GET /favicon.ico HTTP/1.1\" 400 57 \"http://localhost:3000/api/v1/branches?id=RW01\" \"Mozilla/5.0 (X11; Linux x86_64) AppleWebKit/537.36 (KHTML, like Gecko) Chrome/99.0.4844.82 Safari/537.36\"\n"}
{"level":"info","message":"::1 - [2022-04-14T07:51:24.464Z] \"GET /api/v1/branches?id=RW012 HTTP/1.1\" 200 47 \"-\" \"Mozilla/5.0 (X11; Linux x86_64) AppleWebKit/537.36 (KHTML, like Gecko) Chrome/99.0.4844.82 Safari/537.36\"\n"}
{"level":"info","message":"::1 - [2022-04-14T07:51:24.517Z] \"GET /favicon.ico HTTP/1.1\" 400 57 \"http://localhost:3000/api/v1/branches?id=RW012\" \"Mozilla/5.0 (X11; Linux x86_64) AppleWebKit/537.36 (KHTML, like Gecko) Chrome/99.0.4844.82 Safari/537.36\"\n"}
{"level":"info","message":"::1 - [2022-04-14T07:51:32.907Z] \"GET /api/v1/branches?id=RW01 HTTP/1.1\" 304 - \"-\" \"Mozilla/5.0 (X11; Linux x86_64) AppleWebKit/537.36 (KHTML, like Gecko) Chrome/99.0.4844.82 Safari/537.36\"\n"}
{"level":"info","message":"::1 - [2022-04-14T07:51:32.938Z] \"GET /favicon.ico HTTP/1.1\" 400 57 \"http://localhost:3000/api/v1/branches?id=RW01\" \"Mozilla/5.0 (X11; Linux x86_64) AppleWebKit/537.36 (KHTML, like Gecko) Chrome/99.0.4844.82 Safari/537.36\"\n"}
{"level":"info","message":"::1 - [2022-04-14T07:51:37.525Z] \"GET /api/v1/branches HTTP/1.1\" 304 - \"-\" \"Mozilla/5.0 (X11; Linux x86_64) AppleWebKit/537.36 (KHTML, like Gecko) Chrome/99.0.4844.82 Safari/537.36\"\n"}
{"level":"info","message":"::1 - [2022-04-14T07:51:37.560Z] \"GET /favicon.ico HTTP/1.1\" 400 57 \"http://localhost:3000/api/v1/branches\" \"Mozilla/5.0 (X11; Linux x86_64) AppleWebKit/537.36 (KHTML, like Gecko) Chrome/99.0.4844.82 Safari/537.36\"\n"}
{"level":"info","message":"::1 - [2022-04-14T07:52:01.402Z] \"GET /api/v1/branches?id=RW01 HTTP/1.1\" 304 - \"-\" \"Mozilla/5.0 (X11; Linux x86_64) AppleWebKit/537.36 (KHTML, like Gecko) Chrome/99.0.4844.82 Safari/537.36\"\n"}
{"level":"info","message":"::1 - [2022-04-14T07:52:01.444Z] \"GET /favicon.ico HTTP/1.1\" 400 57 \"http://localhost:3000/api/v1/branches?id=RW01\" \"Mozilla/5.0 (X11; Linux x86_64) AppleWebKit/537.36 (KHTML, like Gecko) Chrome/99.0.4844.82 Safari/537.36\"\n"}
{"level":"info","message":"::1 - [2022-04-14T08:10:01.564Z] \"POST /api/v1/services HTTP/1.1\" 200 64 \"-\" \"PostmanRuntime/7.29.0\"\n"}
{"level":"info","message":"::1 - [2022-04-14T08:13:30.486Z] \"POST /api/v1/services HTTP/1.1\" 500 1604 \"-\" \"PostmanRuntime/7.29.0\"\n"}
{"level":"info","message":"::1 - [2022-04-14T08:15:16.857Z] \"POST /api/v1/services HTTP/1.1\" 200 53 \"-\" \"PostmanRuntime/7.29.0\"\n"}
{"level":"info","message":"::1 - [2022-04-14T08:16:07.921Z] \"POST /api/v1/services HTTP/1.1\" 200 53 \"-\" \"PostmanRuntime/7.29.0\"\n"}
{"level":"info","message":"::1 - [2022-04-14T08:20:13.758Z] \"POST /api/v1/services HTTP/1.1\" 200 53 \"-\" \"PostmanRuntime/7.29.0\"\n"}
{"level":"info","message":"::1 - [2022-04-14T08:20:59.800Z] \"POST /api/v1/services HTTP/1.1\" 200 53 \"-\" \"PostmanRuntime/7.29.0\"\n"}
{"level":"info","message":"::1 - [2022-04-14T08:22:30.261Z] \"POST /api/v1/services HTTP/1.1\" 200 53 \"-\" \"PostmanRuntime/7.29.0\"\n"}
{"level":"info","message":"::1 - [2022-04-14T08:24:31.065Z] \"POST /api/v1/services HTTP/1.1\" 200 58 \"-\" \"PostmanRuntime/7.29.0\"\n"}
{"level":"info","message":"::1 - [2022-04-14T08:31:57.371Z] \"GET /api/v1/services HTTP/1.1\" 200 60 \"-\" \"PostmanRuntime/7.29.0\"\n"}
{"level":"info","message":"::1 - [2022-04-14T08:32:14.863Z] \"GET /api/v1/services HTTP/1.1\" 200 60 \"-\" \"PostmanRuntime/7.29.0\"\n"}
{"level":"info","message":"::1 - [2022-04-14T08:33:13.305Z] \"GET /api/v1/services HTTP/1.1\" 200 60 \"-\" \"PostmanRuntime/7.29.0\"\n"}
{"level":"info","message":"::1 - [2022-04-14T08:34:03.019Z] \"GET /api/v1/services HTTP/1.1\" 200 60 \"-\" \"PostmanRuntime/7.29.0\"\n"}
{"level":"info","message":"::1 - [2022-04-14T08:34:04.299Z] \"GET /api/v1/services HTTP/1.1\" 200 60 \"-\" \"PostmanRuntime/7.29.0\"\n"}
{"level":"info","message":"::1 - [2022-04-14T08:34:34.593Z] \"GET /api/v1/services HTTP/1.1\" 200 60 \"-\" \"PostmanRuntime/7.29.0\"\n"}
{"level":"info","message":"::1 - [2022-04-14T08:35:10.291Z] \"GET /api/v1/services HTTP/1.1\" 200 60 \"-\" \"PostmanRuntime/7.29.0\"\n"}
{"level":"info","message":"::1 - [2022-04-14T08:35:31.850Z] \"GET /api/v1/services HTTP/1.1\" 200 60 \"-\" \"PostmanRuntime/7.29.0\"\n"}
{"level":"info","message":"::1 - [2022-04-14T08:37:45.295Z] \"GET /api/v1/services HTTP/1.1\" 200 60 \"-\" \"PostmanRuntime/7.29.0\"\n"}
{"level":"info","message":"::1 - [2022-04-14T08:38:01.256Z] \"GET /api/v1/services HTTP/1.1\" 200 60 \"-\" \"PostmanRuntime/7.29.0\"\n"}
{"level":"info","message":"::1 - [2022-04-14T08:38:32.951Z] \"GET /api/v1/services HTTP/1.1\" 200 60 \"-\" \"PostmanRuntime/7.29.0\"\n"}
{"level":"info","message":"::1 - [2022-04-14T08:39:32.703Z] \"GET /api/v1/services HTTP/1.1\" 200 60 \"-\" \"PostmanRuntime/7.29.0\"\n"}
{"level":"info","message":"::1 - [2022-04-14T08:41:32.129Z] \"GET /api/v1/services HTTP/1.1\" 200 60 \"-\" \"PostmanRuntime/7.29.0\"\n"}
{"level":"info","message":"::1 - [2022-04-14T08:42:27.143Z] \"GET /api/v1/services HTTP/1.1\" 200 60 \"-\" \"PostmanRuntime/7.29.0\"\n"}
{"level":"info","message":"::1 - [2022-04-14T08:42:59.147Z] \"GET /api/v1/services HTTP/1.1\" 200 60 \"-\" \"PostmanRuntime/7.29.0\"\n"}
{"level":"info","message":"::1 - [2022-04-14T08:44:27.916Z] \"GET /api/v1/services HTTP/1.1\" 200 726 \"-\" \"PostmanRuntime/7.29.0\"\n"}
{"level":"info","message":"::1 - [2022-04-14T08:44:44.790Z] \"GET /api/v1/services?id=1 HTTP/1.1\" 200 207 \"-\" \"PostmanRuntime/7.29.0\"\n"}
{"level":"info","message":"::1 - [2022-04-14T08:46:10.253Z] \"GET /api/v1/services?id=1 HTTP/1.1\" 200 207 \"-\" \"PostmanRuntime/7.29.0\"\n"}
{"level":"info","message":"::1 - [2022-04-14T08:56:25.385Z] \"GET /api/v1/services?id=1 HTTP/1.1\" 200 207 \"-\" \"PostmanRuntime/7.29.0\"\n"}
{"level":"info","message":"::1 - [2022-04-14T08:58:02.043Z] \"GET /api/v1/services?id=1 HTTP/1.1\" 200 207 \"-\" \"PostmanRuntime/7.29.0\"\n"}
{"level":"info","message":"::1 - [2022-04-14T08:59:18.982Z] \"GET /api/v1/services/ HTTP/1.1\" 200 726 \"-\" \"PostmanRuntime/7.29.0\"\n"}
{"level":"info","message":"::1 - [2022-04-14T08:59:34.129Z] \"GET /api/v1/services?id=1 HTTP/1.1\" 200 207 \"-\" \"PostmanRuntime/7.29.0\"\n"}
{"level":"info","message":"::1 - [2022-04-14T09:03:01.086Z] \"PATCH /api/v1/services/ HTTP/1.1\" 200 58 \"-\" \"PostmanRuntime/7.29.0\"\n"}
{"level":"info","message":"::1 - [2022-04-14T09:03:57.735Z] \"PATCH /api/v1/services/ HTTP/1.1\" 200 170 \"-\" \"PostmanRuntime/7.29.0\"\n"}
{"level":"info","message":"::1 - [2022-04-14T09:05:52.186Z] \"PATCH /api/v1/services/ HTTP/1.1\" 200 53 \"-\" \"PostmanRuntime/7.29.0\"\n"}
{"level":"info","message":"::1 - [2022-04-14T09:07:10.974Z] \"PATCH /api/v1/services/ HTTP/1.1\" 200 170 \"-\" \"PostmanRuntime/7.29.0\"\n"}
{"level":"info","message":"::1 - [2022-04-14T09:08:03.497Z] \"DELETE /api/v1/services HTTP/1.1\" 200 34 \"-\" \"PostmanRuntime/7.29.0\"\n"}
{"level":"info","message":"::1 - [2022-04-14T09:14:34.115Z] \"DELETE /api/v1/services HTTP/1.1\" 400 57 \"-\" \"PostmanRuntime/7.29.0\"\n"}
{"level":"info","message":"::1 - [2022-04-14T09:14:43.322Z] \"DELETE /api/v1/services/1 HTTP/1.1\" 200 65 \"-\" \"PostmanRuntime/7.29.0\"\n"}
{"level":"info","message":"::1 - [2022-04-14T09:15:19.190Z] \"DELETE /api/v1/services/1 HTTP/1.1\" 200 53 \"-\" \"PostmanRuntime/7.29.0\"\n"}
{"level":"info","message":"::1 - [2022-04-14T09:15:34.388Z] \"GET /api/v1/branches HTTP/1.1\" 304 - \"-\" \"Mozilla/5.0 (X11; Linux x86_64) AppleWebKit/537.36 (KHTML, like Gecko) Chrome/99.0.4844.82 Safari/537.36\"\n"}
{"level":"info","message":"::1 - [2022-04-14T09:15:34.439Z] \"GET /favicon.ico HTTP/1.1\" 400 57 \"http://localhost:3000/api/v1/branches\" \"Mozilla/5.0 (X11; Linux x86_64) AppleWebKit/537.36 (KHTML, like Gecko) Chrome/99.0.4844.82 Safari/537.36\"\n"}
{"level":"info","message":"::1 - [2022-04-14T09:15:44.733Z] \"GET /api/v1/services HTTP/1.1\" 200 881 \"-\" \"Mozilla/5.0 (X11; Linux x86_64) AppleWebKit/537.36 (KHTML, like Gecko) Chrome/99.0.4844.82 Safari/537.36\"\n"}
{"level":"info","message":"::1 - [2022-04-14T09:15:44.805Z] \"GET /favicon.ico HTTP/1.1\" 400 57 \"http://localhost:3000/api/v1/services\" \"Mozilla/5.0 (X11; Linux x86_64) AppleWebKit/537.36 (KHTML, like Gecko) Chrome/99.0.4844.82 Safari/537.36\"\n"}
{"level":"info","message":"::1 - [2022-04-14T09:15:57.987Z] \"DELETE /api/v1/services/5 HTTP/1.1\" 200 53 \"-\" \"PostmanRuntime/7.29.0\"\n"}
{"level":"info","message":"::1 - [2022-04-14T09:16:40.503Z] \"DELETE /api/v1/services/5 HTTP/1.1\" 200 116 \"-\" \"PostmanRuntime/7.29.0\"\n"}
{"level":"info","message":"::1 - [2022-04-14T09:16:50.440Z] \"GET /api/v1/services HTTP/1.1\" 200 728 \"-\" \"Mozilla/5.0 (X11; Linux x86_64) AppleWebKit/537.36 (KHTML, like Gecko) Chrome/99.0.4844.82 Safari/537.36\"\n"}
{"level":"info","message":"::1 - [2022-04-14T09:16:50.485Z] \"GET /favicon.ico HTTP/1.1\" 400 57 \"http://localhost:3000/api/v1/services\" \"Mozilla/5.0 (X11; Linux x86_64) AppleWebKit/537.36 (KHTML, like Gecko) Chrome/99.0.4844.82 Safari/537.36\"\n"}
{"level":"info","message":"::1 - [2022-04-14T09:19:33.351Z] \"DELETE /api/v1/services/5 HTTP/1.1\" 200 116 \"-\" \"PostmanRuntime/7.29.0\"\n"}
{"level":"info","message":"::1 - [2022-04-14T09:19:40.766Z] \"PATCH /api/v1/services/ HTTP/1.1\" 400 57 \"-\" \"PostmanRuntime/7.29.0\"\n"}
{"level":"info","message":"::1 - [2022-04-14T09:19:50.007Z] \"PATCH /api/v1/services/2 HTTP/1.1\" 200 62 \"-\" \"PostmanRuntime/7.29.0\"\n"}
{"level":"info","message":"::1 - [2022-04-14T09:20:30.269Z] \"PATCH /api/v1/services/2 HTTP/1.1\" 200 53 \"-\" \"PostmanRuntime/7.29.0\"\n"}
{"level":"info","message":"::1 - [2022-04-14T09:20:33.800Z] \"GET /api/v1/services HTTP/1.1\" 304 - \"-\" \"Mozilla/5.0 (X11; Linux x86_64) AppleWebKit/537.36 (KHTML, like Gecko) Chrome/99.0.4844.82 Safari/537.36\"\n"}
{"level":"info","message":"::1 - [2022-04-14T09:20:33.838Z] \"GET /favicon.ico HTTP/1.1\" 400 57 \"http://localhost:3000/api/v1/services\" \"Mozilla/5.0 (X11; Linux x86_64) AppleWebKit/537.36 (KHTML, like Gecko) Chrome/99.0.4844.82 Safari/537.36\"\n"}
{"level":"info","message":"::1 - [2022-04-14T09:21:12.047Z] \"PATCH /api/v1/services/2 HTTP/1.1\" 200 53 \"-\" \"PostmanRuntime/7.29.0\"\n"}
{"level":"info","message":"::1 - [2022-04-14T09:22:00.425Z] \"PATCH /api/v1/services/2 HTTP/1.1\" 200 170 \"-\" \"PostmanRuntime/7.29.0\"\n"}
{"level":"info","message":"::1 - [2022-04-14T09:22:05.146Z] \"GET /api/v1/services HTTP/1.1\" 200 730 \"-\" \"Mozilla/5.0 (X11; Linux x86_64) AppleWebKit/537.36 (KHTML, like Gecko) Chrome/99.0.4844.82 Safari/537.36\"\n"}
{"level":"info","message":"::1 - [2022-04-14T09:22:05.179Z] \"GET /favicon.ico HTTP/1.1\" 400 57 \"http://localhost:3000/api/v1/services\" \"Mozilla/5.0 (X11; Linux x86_64) AppleWebKit/537.36 (KHTML, like Gecko) Chrome/99.0.4844.82 Safari/537.36\"\n"}
{"level":"info","message":"::1 - [2022-04-14T09:23:53.153Z] \"PATCH /api/v1/services/2 HTTP/1.1\" 200 67 \"-\" \"PostmanRuntime/7.29.0\"\n"}
{"level":"info","message":"::1 - [2022-04-14T09:25:50.368Z] \"PATCH /api/v1/services/2 HTTP/1.1\" 200 67 \"-\" \"PostmanRuntime/7.29.0\"\n"}
{"level":"info","message":"::1 - [2022-04-14T09:26:15.056Z] \"PATCH /api/v1/services/2 HTTP/1.1\" 200 53 \"-\" \"PostmanRuntime/7.29.0\"\n"}
{"level":"info","message":"::1 - [2022-04-14T09:26:25.374Z] \"GET /api/v1/services HTTP/1.1\" 304 - \"-\" \"Mozilla/5.0 (X11; Linux x86_64) AppleWebKit/537.36 (KHTML, like Gecko) Chrome/99.0.4844.82 Safari/537.36\"\n"}
{"level":"info","message":"::1 - [2022-04-14T09:26:25.414Z] \"GET /favicon.ico HTTP/1.1\" 400 57 \"http://localhost:3000/api/v1/services\" \"Mozilla/5.0 (X11; Linux x86_64) AppleWebKit/537.36 (KHTML, like Gecko) Chrome/99.0.4844.82 Safari/537.36\"\n"}
{"level":"info","message":"::1 - [2022-04-14T09:27:28.516Z] \"PATCH /api/v1/services/2 HTTP/1.1\" 200 53 \"-\" \"PostmanRuntime/7.29.0\"\n"}
{"level":"info","message":"::1 - [2022-04-14T09:27:41.314Z] \"PATCH /api/v1/services/2 HTTP/1.1\" 200 53 \"-\" \"PostmanRuntime/7.29.0\"\n"}
{"level":"info","message":"::1 - [2022-04-14T09:27:59.376Z] \"PATCH /api/v1/services/2 HTTP/1.1\" 200 170 \"-\" \"PostmanRuntime/7.29.0\"\n"}
{"level":"info","message":"::1 - [2022-04-14T09:28:12.785Z] \"PATCH /api/v1/services/2 HTTP/1.1\" 200 170 \"-\" \"PostmanRuntime/7.29.0\"\n"}
{"level":"info","message":"::1 - [2022-04-14T09:28:16.735Z] \"GET /api/v1/services HTTP/1.1\" 200 754 \"-\" \"Mozilla/5.0 (X11; Linux x86_64) AppleWebKit/537.36 (KHTML, like Gecko) Chrome/99.0.4844.82 Safari/537.36\"\n"}
{"level":"info","message":"::1 - [2022-04-14T09:28:16.774Z] \"GET /favicon.ico HTTP/1.1\" 400 57 \"http://localhost:3000/api/v1/services\" \"Mozilla/5.0 (X11; Linux x86_64) AppleWebKit/537.36 (KHTML, like Gecko) Chrome/99.0.4844.82 Safari/537.36\"\n"}
{"level":"info","message":"::1 - [2022-04-14T10:56:17.052Z] \"GET /api/v1/users/ HTTP/1.1\" 200 44 \"-\" \"PostmanRuntime/7.29.0\"\n"}
{"level":"info","message":"::1 - [2022-04-14T11:06:42.421Z] \"POST /api/v1/users/ HTTP/1.1\" 200 65 \"-\" \"PostmanRuntime/7.29.0\"\n"}
{"level":"info","message":"::1 - [2022-04-14T11:09:20.316Z] \"POST /api/v1/users/ HTTP/1.1\" 200 65 \"-\" \"PostmanRuntime/7.29.0\"\n"}
{"level":"info","message":"::1 - [2022-04-14T11:09:27.874Z] \"POST /api/v1/users/ HTTP/1.1\" 200 65 \"-\" \"PostmanRuntime/7.29.0\"\n"}
{"level":"info","message":"::1 - [2022-04-14T11:13:31.999Z] \"POST /api/v1/users/ HTTP/1.1\" 200 134 \"-\" \"PostmanRuntime/7.29.0\"\n"}
{"level":"info","message":"::1 - [2022-04-14T11:13:56.292Z] \"POST /api/v1/users/ HTTP/1.1\" 200 83 \"-\" \"PostmanRuntime/7.29.0\"\n"}
{"level":"info","message":"::1 - [2022-04-14T11:15:42.067Z] \"POST /api/v1/users/ HTTP/1.1\" 400 1099 \"-\" \"PostmanRuntime/7.29.0\"\n"}
{"level":"info","message":"::1 - [2022-04-14T11:16:01.836Z] \"POST /api/v1/users/ HTTP/1.1\" - - \"-\" \"PostmanRuntime/7.29.0\"\n"}
{"level":"info","message":"::1 - [2022-04-14T11:16:14.442Z] \"POST /api/v1/users/ HTTP/1.1\" - - \"-\" \"PostmanRuntime/7.29.0\"\n"}
{"level":"info","message":"::1 - [2022-04-14T11:17:04.574Z] \"POST /api/v1/users/ HTTP/1.1\" 200 53 \"-\" \"PostmanRuntime/7.29.0\"\n"}
{"level":"info","message":"::1 - [2022-04-14T11:17:21.473Z] \"POST /api/v1/users/ HTTP/1.1\" 200 53 \"-\" \"PostmanRuntime/7.29.0\"\n"}
{"level":"info","message":"::1 - [2022-04-14T11:18:36.796Z] \"POST /api/v1/users/ HTTP/1.1\" 200 53 \"-\" \"PostmanRuntime/7.29.0\"\n"}
{"level":"info","message":"::1 - [2022-04-14T11:19:18.654Z] \"POST /api/v1/users/ HTTP/1.1\" 200 53 \"-\" \"PostmanRuntime/7.29.0\"\n"}
{"level":"info","message":"::1 - [2022-04-14T11:19:41.350Z] \"POST /api/v1/users/ HTTP/1.1\" 200 53 \"-\" \"PostmanRuntime/7.29.0\"\n"}
{"level":"info","message":"::1 - [2022-04-14T11:20:00.848Z] \"POST /api/v1/users/ HTTP/1.1\" 200 53 \"-\" \"PostmanRuntime/7.29.0\"\n"}
{"level":"info","message":"::1 - [2022-04-14T11:21:16.323Z] \"POST /api/v1/users/ HTTP/1.1\" 200 62 \"-\" \"PostmanRuntime/7.29.0\"\n"}
{"level":"info","message":"::1 - [2022-04-14T11:21:44.187Z] \"POST /api/v1/users/ HTTP/1.1\" 200 53 \"-\" \"PostmanRuntime/7.29.0\"\n"}
{"level":"info","message":"::1 - [2022-04-14T11:23:27.206Z] \"POST /api/v1/users/ HTTP/1.1\" 200 53 \"-\" \"PostmanRuntime/7.29.0\"\n"}
{"level":"info","message":"::1 - [2022-04-14T11:24:43.141Z] \"POST /api/v1/users/ HTTP/1.1\" 200 57 \"-\" \"PostmanRuntime/7.29.0\"\n"}
{"level":"info","message":"::1 - [2022-04-14T11:25:28.591Z] \"POST /api/v1/users/ HTTP/1.1\" 200 53 \"-\" \"PostmanRuntime/7.29.0\"\n"}
{"level":"info","message":"::1 - [2022-04-14T11:27:18.193Z] \"POST /api/v1/users/ HTTP/1.1\" 200 55 \"-\" \"PostmanRuntime/7.29.0\"\n"}
{"level":"info","message":"::1 - [2022-04-14T11:29:08.774Z] \"POST /api/v1/users/ HTTP/1.1\" 200 55 \"-\" \"PostmanRuntime/7.29.0\"\n"}
{"level":"info","message":"::1 - [2022-04-14T11:30:24.307Z] \"GET /api/v1/users HTTP/1.1\" 200 333 \"-\" \"Mozilla/5.0 (X11; Linux x86_64) AppleWebKit/537.36 (KHTML, like Gecko) Chrome/99.0.4844.82 Safari/537.36\"\n"}
{"level":"info","message":"::1 - [2022-04-14T11:30:24.367Z] \"GET /favicon.ico HTTP/1.1\" 400 57 \"http://localhost:3000/api/v1/users\" \"Mozilla/5.0 (X11; Linux x86_64) AppleWebKit/537.36 (KHTML, like Gecko) Chrome/99.0.4844.82 Safari/537.36\"\n"}
{"level":"info","message":"::1 - [2022-04-14T11:30:59.144Z] \"GET /api/v1/users?id=RWB101 HTTP/1.1\" 200 65 \"-\" \"Mozilla/5.0 (X11; Linux x86_64) AppleWebKit/537.36 (KHTML, like Gecko) Chrome/99.0.4844.82 Safari/537.36\"\n"}
{"level":"info","message":"::1 - [2022-04-14T11:30:59.184Z] \"GET /favicon.ico HTTP/1.1\" 400 57 \"http://localhost:3000/api/v1/users?id=RWB101\" \"Mozilla/5.0 (X11; Linux x86_64) AppleWebKit/537.36 (KHTML, like Gecko) Chrome/99.0.4844.82 Safari/537.36\"\n"}
{"level":"info","message":"::1 - [2022-04-14T11:31:34.713Z] \"GET /api/v1/users?id=RWB101 HTTP/1.1\" 200 333 \"-\" \"Mozilla/5.0 (X11; Linux x86_64) AppleWebKit/537.36 (KHTML, like Gecko) Chrome/99.0.4844.82 Safari/537.36\"\n"}
{"level":"info","message":"::1 - [2022-04-14T11:31:34.750Z] \"GET /favicon.ico HTTP/1.1\" 400 57 \"http://localhost:3000/api/v1/users?id=RWB101\" \"Mozilla/5.0 (X11; Linux x86_64) AppleWebKit/537.36 (KHTML, like Gecko) Chrome/99.0.4844.82 Safari/537.36\"\n"}
{"level":"info","message":"::1 - [2022-04-14T11:32:12.594Z] \"GET /api/v1/users HTTP/1.1\" 200 333 \"-\" \"PostmanRuntime/7.29.0\"\n"}
{"level":"info","message":"::1 - [2022-04-14T11:32:42.414Z] \"GET /api/v1/users HTTP/1.1\" 200 333 \"-\" \"PostmanRuntime/7.29.0\"\n"}
{"level":"info","message":"::1 - [2022-04-14T11:32:55.762Z] \"GET /api/v1/users?id=RWB101 HTTP/1.1\" 200 333 \"-\" \"PostmanRuntime/7.29.0\"\n"}
{"level":"info","message":"::1 - [2022-04-14T11:49:39.027Z] \"GET /api/v1/users?id=RWB101 HTTP/1.1\" 200 491 \"-\" \"Mozilla/5.0 (X11; Linux x86_64) AppleWebKit/537.36 (KHTML, like Gecko) Chrome/99.0.4844.82 Safari/537.36\"\n"}
{"level":"info","message":"::1 - [2022-04-14T11:49:39.066Z] \"GET /favicon.ico HTTP/1.1\" 400 57 \"http://localhost:3000/api/v1/users?id=RWB101\" \"Mozilla/5.0 (X11; Linux x86_64) AppleWebKit/537.36 (KHTML, like Gecko) Chrome/99.0.4844.82 Safari/537.36\"\n"}
{"level":"info","message":"::1 - [2022-04-14T11:49:49.818Z] \"GET /api/v1/users?id=RWB1010 HTTP/1.1\" 200 44 \"-\" \"Mozilla/5.0 (X11; Linux x86_64) AppleWebKit/537.36 (KHTML, like Gecko) Chrome/99.0.4844.82 Safari/537.36\"\n"}
{"level":"info","message":"::1 - [2022-04-14T11:49:49.855Z] \"GET /favicon.ico HTTP/1.1\" 400 57 \"http://localhost:3000/api/v1/users?id=RWB1010\" \"Mozilla/5.0 (X11; Linux x86_64) AppleWebKit/537.36 (KHTML, like Gecko) Chrome/99.0.4844.82 Safari/537.36\"\n"}
{"level":"info","message":"::1 - [2022-04-14T11:49:53.731Z] \"GET /api/v1/users?id=RWB101 HTTP/1.1\" 304 - \"-\" \"Mozilla/5.0 (X11; Linux x86_64) AppleWebKit/537.36 (KHTML, like Gecko) Chrome/99.0.4844.82 Safari/537.36\"\n"}
{"level":"info","message":"::1 - [2022-04-14T11:49:53.763Z] \"GET /favicon.ico HTTP/1.1\" 400 57 \"http://localhost:3000/api/v1/users?id=RWB101\" \"Mozilla/5.0 (X11; Linux x86_64) AppleWebKit/537.36 (KHTML, like Gecko) Chrome/99.0.4844.82 Safari/537.36\"\n"}
{"level":"info","message":"::1 - [2022-04-14T12:58:13.447Z] \"GET /api/v1/patients HTTP/1.1\" 200 44 \"-\" \"PostmanRuntime/7.29.0\"\n"}
{"level":"info","message":"::1 - [2022-04-14T12:58:21.955Z] \"POST /api/v1/patients HTTP/1.1\" 200 65 \"-\" \"PostmanRuntime/7.29.0\"\n"}
{"level":"info","message":"::1 - [2022-04-14T13:00:23.950Z] \"POST /api/v1/patients HTTP/1.1\" 200 53 \"-\" \"PostmanRuntime/7.29.0\"\n"}
{"level":"info","message":"::1 - [2022-04-14T13:00:26.676Z] \"POST /api/v1/patients HTTP/1.1\" 200 53 \"-\" \"PostmanRuntime/7.29.0\"\n"}
{"level":"info","message":"::1 - [2022-04-14T13:01:52.382Z] \"POST /api/v1/patients HTTP/1.1\" 200 53 \"-\" \"PostmanRuntime/7.29.0\"\n"}
{"level":"info","message":"::1 - [2022-04-14T13:03:06.247Z] \"POST /api/v1/patients HTTP/1.1\" 200 53 \"-\" \"PostmanRuntime/7.29.0\"\n"}
{"level":"info","message":"::1 - [2022-04-14T13:04:11.648Z] \"POST /api/v1/patients HTTP/1.1\" 200 53 \"-\" \"PostmanRuntime/7.29.0\"\n"}
{"level":"info","message":"::1 - [2022-04-14T13:06:24.579Z] \"POST /api/v1/patients HTTP/1.1\" 200 53 \"-\" \"PostmanRuntime/7.29.0\"\n"}
{"level":"info","message":"::1 - [2022-04-14T13:06:50.030Z] \"POST /api/v1/patients HTTP/1.1\" 200 53 \"-\" \"PostmanRuntime/7.29.0\"\n"}
{"level":"info","message":"::1 - [2022-04-14T13:07:26.752Z] \"POST /api/v1/patients HTTP/1.1\" 200 53 \"-\" \"PostmanRuntime/7.29.0\"\n"}
{"level":"info","message":"::1 - [2022-04-14T13:39:47.007Z] \"POST /api/v1/patients HTTP/1.1\" 200 55 \"-\" \"PostmanRuntime/7.29.0\"\n"}
{"level":"info","message":"::1 - [2022-04-14T13:42:15.074Z] \"GET /api/v1/patients HTTP/1.1\" 200 325 \"-\" \"PostmanRuntime/7.29.0\"\n"}
{"level":"info","message":"::1 - [2022-04-14T13:42:33.593Z] \"GET /api/v1/patients HTTP/1.1\" 200 325 \"-\" \"PostmanRuntime/7.29.0\"\n"}
{"level":"info","message":"::1 - [2022-04-14T14:00:46.373Z] \"GET /api/v1/patients HTTP/1.1\" 200 568 \"-\" \"Mozilla/5.0 (X11; Linux x86_64) AppleWebKit/537.36 (KHTML, like Gecko) Chrome/99.0.4844.82 Safari/537.36\"\n"}
{"level":"info","message":"::1 - [2022-04-14T14:00:46.448Z] \"GET /favicon.ico HTTP/1.1\" 400 57 \"http://localhost:3000/api/v1/patients\" \"Mozilla/5.0 (X11; Linux x86_64) AppleWebKit/537.36 (KHTML, like Gecko) Chrome/99.0.4844.82 Safari/537.36\"\n"}
{"level":"info","message":"::1 - [2022-04-14T14:00:54.126Z] \"GET /api/v1/patients?id=1 HTTP/1.1\" 200 568 \"-\" \"Mozilla/5.0 (X11; Linux x86_64) AppleWebKit/537.36 (KHTML, like Gecko) Chrome/99.0.4844.82 Safari/537.36\"\n"}
{"level":"info","message":"::1 - [2022-04-14T14:00:54.167Z] \"GET /favicon.ico HTTP/1.1\" 400 57 \"http://localhost:3000/api/v1/patients?id=1\" \"Mozilla/5.0 (X11; Linux x86_64) AppleWebKit/537.36 (KHTML, like Gecko) Chrome/99.0.4844.82 Safari/537.36\"\n"}
{"level":"info","message":"::1 - [2022-04-14T14:00:59.557Z] \"GET /api/v1/patients?id=1 HTTP/1.1\" 304 - \"-\" \"Mozilla/5.0 (X11; Linux x86_64) AppleWebKit/537.36 (KHTML, like Gecko) Chrome/99.0.4844.82 Safari/537.36\"\n"}
{"level":"info","message":"::1 - [2022-04-14T14:00:59.592Z] \"GET /favicon.ico HTTP/1.1\" 400 57 \"http://localhost:3000/api/v1/patients?id=1\" \"Mozilla/5.0 (X11; Linux x86_64) AppleWebKit/537.36 (KHTML, like Gecko) Chrome/99.0.4844.82 Safari/537.36\"\n"}
{"level":"info","message":"::ffff:127.0.0.1 - [2022-04-14T14:03:41.411Z] \"GET /api/v1/patients?id=1 HTTP/1.1\" 200 568 \"-\" \"Mozilla/5.0 (X11; Linux x86_64) AppleWebKit/537.36 (KHTML, like Gecko) Chrome/99.0.4844.82 Safari/537.36\"\n"}
{"level":"info","message":"::ffff:127.0.0.1 - [2022-04-14T14:03:41.505Z] \"GET /favicon.ico HTTP/1.1\" 400 57 \"http://0.0.0.0:3000/api/v1/patients?id=1\" \"Mozilla/5.0 (X11; Linux x86_64) AppleWebKit/537.36 (KHTML, like Gecko) Chrome/99.0.4844.82 Safari/537.36\"\n"}
{"level":"info","message":"::1 - [2022-04-14T14:04:56.463Z] \"GET /api/v1/patients HTTP/1.1\" 200 568 \"-\" \"PostmanRuntime/7.29.0\"\n"}
{"level":"info","message":"::1 - [2022-04-14T14:05:41.421Z] \"GET /api/v1/patients HTTP/1.1\" 200 571 \"-\" \"PostmanRuntime/7.29.0\"\n"}
{"level":"info","message":"::1 - [2022-04-14T14:06:46.154Z] \"GET /api/v1/patients HTTP/1.1\" 200 544 \"-\" \"PostmanRuntime/7.29.0\"\n"}
{"level":"info","message":"::1 - [2022-04-14T14:26:31.354Z] \"GET /api/v1/appointments HTTP/1.1\" 400 57 \"-\" \"PostmanRuntime/7.29.0\"\n"}
{"level":"info","message":"::1 - [2022-04-14T14:26:47.337Z] \"GET /api/v1/appointments HTTP/1.1\" 400 57 \"-\" \"PostmanRuntime/7.29.0\"\n"}
{"level":"info","message":"::1 - [2022-04-14T14:34:46.477Z] \"POST /api/v1/appointments HTTP/1.1\" 400 57 \"-\" \"PostmanRuntime/7.29.0\"\n"}
{"level":"info","message":"::1 - [2022-04-14T14:35:12.818Z] \"POST /api/v1/appointments HTTP/1.1\" 400 57 \"-\" \"PostmanRuntime/7.29.0\"\n"}
{"level":"info","message":"::1 - [2022-04-14T14:37:16.134Z] \"POST /api/v1/appointments HTTP/1.1\" 200 67 \"-\" \"PostmanRuntime/7.29.0\"\n"}
{"level":"info","message":"::1 - [2022-04-14T14:37:56.915Z] \"POST /api/v1/appointments HTTP/1.1\" 200 67 \"-\" \"PostmanRuntime/7.29.0\"\n"}
{"level":"info","message":"::1 - [2022-04-14T14:38:51.767Z] \"POST /api/v1/appointments HTTP/1.1\" 200 67 \"-\" \"PostmanRuntime/7.29.0\"\n"}
{"level":"info","message":"::1 - [2022-04-14T14:38:53.146Z] \"POST /api/v1/appointments HTTP/1.1\" 200 67 \"-\" \"PostmanRuntime/7.29.0\"\n"}
{"level":"info","message":"::1 - [2022-04-14T14:38:53.742Z] \"POST /api/v1/appointments HTTP/1.1\" 200 67 \"-\" \"PostmanRuntime/7.29.0\"\n"}
{"level":"info","message":"::1 - [2022-04-14T14:38:54.227Z] \"POST /api/v1/appointments HTTP/1.1\" 200 67 \"-\" \"PostmanRuntime/7.29.0\"\n"}
{"level":"info","message":"::1 - [2022-04-14T14:38:54.652Z] \"POST /api/v1/appointments HTTP/1.1\" 200 67 \"-\" \"PostmanRuntime/7.29.0\"\n"}
{"level":"info","message":"::1 - [2022-04-14T14:39:15.237Z] \"POST /api/v1/appointments HTTP/1.1\" 200 67 \"-\" \"PostmanRuntime/7.29.0\"\n"}
{"level":"info","message":"::1 - [2022-04-14T14:39:16.411Z] \"POST /api/v1/appointments HTTP/1.1\" 200 67 \"-\" \"PostmanRuntime/7.29.0\"\n"}
{"level":"info","message":"::1 - [2022-04-14T14:39:56.974Z] \"POST /api/v1/appointments HTTP/1.1\" 200 67 \"-\" \"PostmanRuntime/7.29.0\"\n"}
{"level":"info","message":"::1 - [2022-04-14T14:40:10.244Z] \"POST /api/v1/appointments HTTP/1.1\" 200 67 \"-\" \"PostmanRuntime/7.29.0\"\n"}
{"level":"info","message":"::1 - [2022-04-14T14:41:15.183Z] \"POST /api/v1/appointments HTTP/1.1\" 200 67 \"-\" \"PostmanRuntime/7.29.0\"\n"}
{"level":"info","message":"::1 - [2022-04-14T14:41:15.865Z] \"POST /api/v1/appointments HTTP/1.1\" 200 67 \"-\" \"PostmanRuntime/7.29.0\"\n"}
{"level":"info","message":"::1 - [2022-04-14T14:41:16.329Z] \"POST /api/v1/appointments HTTP/1.1\" 200 67 \"-\" \"PostmanRuntime/7.29.0\"\n"}
{"level":"info","message":"::1 - [2022-04-14T14:41:16.803Z] \"POST /api/v1/appointments HTTP/1.1\" 200 67 \"-\" \"PostmanRuntime/7.29.0\"\n"}
{"level":"info","message":"::1 - [2022-04-14T14:41:17.117Z] \"POST /api/v1/appointments HTTP/1.1\" 200 67 \"-\" \"PostmanRuntime/7.29.0\"\n"}
{"level":"info","message":"::1 - [2022-04-14T14:41:17.454Z] \"POST /api/v1/appointments HTTP/1.1\" 200 67 \"-\" \"PostmanRuntime/7.29.0\"\n"}
{"level":"info","message":"::1 - [2022-04-14T14:41:18.707Z] \"POST /api/v1/appointments HTTP/1.1\" 200 67 \"-\" \"PostmanRuntime/7.29.0\"\n"}
{"level":"info","message":"::1 - [2022-04-14T14:41:51.720Z] \"GET /api/v1/appointments HTTP/1.1\" - - \"-\" \"PostmanRuntime/7.29.0\"\n"}
{"level":"info","message":"::1 - [2022-04-14T14:43:23.357Z] \"GET /api/v1/appointments HTTP/1.1\" - - \"-\" \"PostmanRuntime/7.29.0\"\n"}
{"level":"info","message":"::1 - [2022-04-14T14:43:36.779Z] \"GET /api/v1/appointments HTTP/1.1\" 200 47 \"-\" \"PostmanRuntime/7.29.0\"\n"}
{"level":"info","message":"::1 - [2022-04-14T14:46:27.905Z] \"GET /api/v1/appointments HTTP/1.1\" 200 47 \"-\" \"PostmanRuntime/7.29.0\"\n"}
{"level":"info","message":"::1 - [2022-04-14T14:46:31.893Z] \"POST /api/v1/appointments HTTP/1.1\" 200 74 \"-\" \"PostmanRuntime/7.29.0\"\n"}
{"level":"info","message":"::1 - [2022-04-14T14:47:07.275Z] \"POST /api/v1/appointments HTTP/1.1\" 200 53 \"-\" \"PostmanRuntime/7.29.0\"\n"}
{"level":"info","message":"::1 - [2022-04-14T14:49:28.605Z] \"POST /api/v1/appointments HTTP/1.1\" 200 61 \"-\" \"PostmanRuntime/7.29.0\"\n"}
{"level":"info","message":"::1 - [2022-04-14T14:50:31.010Z] \"GET /api/v1/appointments HTTP/1.1\" 200 276 \"-\" \"PostmanRuntime/7.29.0\"\n"}
{"level":"info","message":"::1 - [2022-04-14T14:51:07.080Z] \"GET /api/v1/appointments HTTP/1.1\" 200 279 \"-\" \"PostmanRuntime/7.29.0\"\n"}
{"level":"info","message":"::1 - [2022-04-14T14:57:42.793Z] \"POST /api/v1/visits HTTP/1.1\" 200 67 \"-\" \"PostmanRuntime/7.29.0\"\n"}
{"level":"info","message":"::1 - [2022-04-14T14:58:36.634Z] \"GET /api/v1/visits HTTP/1.1\" 200 279 \"-\" \"PostmanRuntime/7.29.0\"\n"}
{"level":"info","message":"::1 - [2022-04-14T15:01:16.663Z] \"GET /api/v1/visits HTTP/1.1\" 200 50 \"-\" \"PostmanRuntime/7.29.0\"\n"}
{"level":"info","message":"::1 - [2022-04-14T15:02:23.551Z] \"POST /api/v1/visits HTTP/1.1\" 200 74 \"-\" \"PostmanRuntime/7.29.0\"\n"}
{"level":"info","message":"::1 - [2022-04-14T15:08:33.555Z] \"POST /api/v1/visits HTTP/1.1\" 200 61 \"-\" \"PostmanRuntime/7.29.0\"\n"}
{"level":"info","message":"::1 - [2022-04-14T15:09:50.381Z] \"GET /api/v1/visits HTTP/1.1\" 200 213 \"-\" \"PostmanRuntime/7.29.0\"\n"}
{"level":"info","message":"::1 - [2022-04-14T15:10:18.630Z] \"GET /api/v1/visits HTTP/1.1\" 200 207 \"-\" \"PostmanRuntime/7.29.0\"\n"}
{"level":"info","message":"::1 - [2022-04-14T15:34:36.375Z] \"GET /api/v1/visits HTTP/1.1\" 200 44 \"-\" \"PostmanRuntime/7.29.0\"\n"}
{"level":"info","message":"::1 - [2022-04-14T15:34:40.550Z] \"POST /api/v1/visits HTTP/1.1\" 200 56 \"-\" \"PostmanRuntime/7.29.0\"\n"}
{"level":"info","message":"::1 - [2022-04-14T15:34:45.672Z] \"GET /api/v1/visits HTTP/1.1\" 200 273 \"-\" \"PostmanRuntime/7.29.0\"\n"}
{"level":"info","message":"::1 - [2022-04-14T18:10:08.034Z] \"GET /api/v1/branches HTTP/1.1\" 200 47 \"-\" \"Mozilla/5.0 (X11; Linux x86_64) AppleWebKit/537.36 (KHTML, like Gecko) Chrome/99.0.4844.82 Safari/537.36\"\n"}
{"level":"info","message":"::1 - [2022-04-14T18:10:08.075Z] \"GET /favicon.ico HTTP/1.1\" 400 57 \"http://localhost:3000/api/v1/branches\" \"Mozilla/5.0 (X11; Linux x86_64) AppleWebKit/537.36 (KHTML, like Gecko) Chrome/99.0.4844.82 Safari/537.36\"\n"}
{"level":"info","message":"::1 - [2022-04-14T18:15:06.557Z] \"GET /api/v1/services?id=1 HTTP/1.1\" 200 60 \"-\" \"PostmanRuntime/7.29.0\"\n"}
{"level":"info","message":"::1 - [2022-04-14T18:15:11.980Z] \"GET /api/v1/services HTTP/1.1\" 200 60 \"-\" \"PostmanRuntime/7.29.0\"\n"}
{"level":"info","message":"::1 - [2022-04-14T18:15:24.300Z] \"POST /api/v1/services HTTP/1.1\" 200 58 \"-\" \"PostmanRuntime/7.29.0\"\n"}
{"level":"info","message":"::1 - [2022-04-14T18:16:02.132Z] \"GET /api/v1/services HTTP/1.1\" 200 207 \"-\" \"Mozilla/5.0 (X11; Linux x86_64) AppleWebKit/537.36 (KHTML, like Gecko) Chrome/99.0.4844.82 Safari/537.36\"\n"}
{"level":"info","message":"::1 - [2022-04-14T18:16:02.215Z] \"GET /favicon.ico HTTP/1.1\" 400 57 \"http://localhost:3000/api/v1/services\" \"Mozilla/5.0 (X11; Linux x86_64) AppleWebKit/537.36 (KHTML, like Gecko) Chrome/99.0.4844.82 Safari/537.36\"\n"}
{"level":"info","message":"::1 - [2022-04-14T18:18:15.477Z] \"POST /api/v1/services HTTP/1.1\" 200 58 \"-\" \"PostmanRuntime/7.29.0\"\n"}
{"level":"info","message":"::1 - [2022-04-14T18:18:20.569Z] \"GET /api/v1/services HTTP/1.1\" 200 392 \"-\" \"Mozilla/5.0 (X11; Linux x86_64) AppleWebKit/537.36 (KHTML, like Gecko) Chrome/99.0.4844.82 Safari/537.36\"\n"}
{"level":"info","message":"::1 - [2022-04-14T18:18:20.611Z] \"GET /favicon.ico HTTP/1.1\" 400 57 \"http://localhost:3000/api/v1/services\" \"Mozilla/5.0 (X11; Linux x86_64) AppleWebKit/537.36 (KHTML, like Gecko) Chrome/99.0.4844.82 Safari/537.36\"\n"}
{"level":"info","message":"::1 - [2022-04-14T18:19:57.445Z] \"POST /api/v1/branches HTTP/1.1\" 200 57 \"-\" \"PostmanRuntime/7.29.0\"\n"}
{"level":"info","message":"::1 - [2022-04-14T18:20:17.851Z] \"GET /api/v1/branches HTTP/1.1\" 200 419 \"-\" \"Mozilla/5.0 (X11; Linux x86_64) AppleWebKit/537.36 (KHTML, like Gecko) Chrome/99.0.4844.82 Safari/537.36\"\n"}
{"level":"info","message":"::1 - [2022-04-14T18:20:17.924Z] \"GET /favicon.ico HTTP/1.1\" 400 57 \"http://localhost:3000/api/v1/branches\" \"Mozilla/5.0 (X11; Linux x86_64) AppleWebKit/537.36 (KHTML, like Gecko) Chrome/99.0.4844.82 Safari/537.36\"\n"}
{"level":"info","message":"::1 - [2022-04-14T18:21:02.990Z] \"POST /api/v1/branches HTTP/1.1\" 200 57 \"-\" \"PostmanRuntime/7.29.0\"\n"}
{"level":"info","message":"::1 - [2022-04-14T18:21:04.917Z] \"GET /api/v1/branches HTTP/1.1\" 200 793 \"-\" \"Mozilla/5.0 (X11; Linux x86_64) AppleWebKit/537.36 (KHTML, like Gecko) Chrome/99.0.4844.82 Safari/537.36\"\n"}
{"level":"info","message":"::1 - [2022-04-14T18:21:04.957Z] \"GET /favicon.ico HTTP/1.1\" 400 57 \"http://localhost:3000/api/v1/branches\" \"Mozilla/5.0 (X11; Linux x86_64) AppleWebKit/537.36 (KHTML, like Gecko) Chrome/99.0.4844.82 Safari/537.36\"\n"}
{"level":"info","message":"::1 - [2022-04-14T18:27:51.342Z] \"GET /api/v1/services HTTP/1.1\" 304 - \"-\" \"Mozilla/5.0 (X11; Linux x86_64) AppleWebKit/537.36 (KHTML, like Gecko) Chrome/99.0.4844.82 Safari/537.36\"\n"}
{"level":"info","message":"::1 - [2022-04-14T18:27:51.385Z] \"GET /favicon.ico HTTP/1.1\" 400 57 \"http://localhost:3000/api/v1/services\" \"Mozilla/5.0 (X11; Linux x86_64) AppleWebKit/537.36 (KHTML, like Gecko) Chrome/99.0.4844.82 Safari/537.36\"\n"}
{"level":"info","message":"::1 - [2022-04-14T18:29:16.333Z] \"GET /api/v1/branches HTTP/1.1\" 304 - \"-\" \"Mozilla/5.0 (X11; Linux x86_64) AppleWebKit/537.36 (KHTML, like Gecko) Chrome/99.0.4844.82 Safari/537.36\"\n"}
{"level":"info","message":"::1 - [2022-04-14T18:29:16.375Z] \"GET /favicon.ico HTTP/1.1\" 400 57 \"http://localhost:3000/api/v1/branches\" \"Mozilla/5.0 (X11; Linux x86_64) AppleWebKit/537.36 (KHTML, like Gecko) Chrome/99.0.4844.82 Safari/537.36\"\n"}
{"level":"info","message":"::1 - [2022-04-14T18:31:15.136Z] \"POST /api/v1/users/ HTTP/1.1\" 200 55 \"-\" \"PostmanRuntime/7.29.0\"\n"}
{"level":"info","message":"::ffff:127.0.0.1 - [2022-04-14T18:31:25.518Z] \"GET /api/v1/uusers HTTP/1.1\" 400 57 \"-\" \"Mozilla/5.0 (X11; Linux x86_64) AppleWebKit/537.36 (KHTML, like Gecko) Chrome/99.0.4844.82 Safari/537.36\"\n"}
{"level":"info","message":"::ffff:127.0.0.1 - [2022-04-14T18:31:25.571Z] \"GET /favicon.ico HTTP/1.1\" 400 57 \"http://0.0.0.0:3000/api/v1/uusers\" \"Mozilla/5.0 (X11; Linux x86_64) AppleWebKit/537.36 (KHTML, like Gecko) Chrome/99.0.4844.82 Safari/537.36\"\n"}
{"level":"info","message":"::ffff:127.0.0.1 - [2022-04-14T18:31:32.479Z] \"GET /api/v1/users; HTTP/1.1\" 400 57 \"-\" \"Mozilla/5.0 (X11; Linux x86_64) AppleWebKit/537.36 (KHTML, like Gecko) Chrome/99.0.4844.82 Safari/537.36\"\n"}
{"level":"info","message":"::ffff:127.0.0.1 - [2022-04-14T18:31:32.516Z] \"GET /favicon.ico HTTP/1.1\" 400 57 \"http://0.0.0.0:3000/api/v1/users;\" \"Mozilla/5.0 (X11; Linux x86_64) AppleWebKit/537.36 (KHTML, like Gecko) Chrome/99.0.4844.82 Safari/537.36\"\n"}
{"level":"info","message":"::ffff:127.0.0.1 - [2022-04-14T18:31:35.460Z] \"GET /api/v1/users HTTP/1.1\" 200 491 \"-\" \"Mozilla/5.0 (X11; Linux x86_64) AppleWebKit/537.36 (KHTML, like Gecko) Chrome/99.0.4844.82 Safari/537.36\"\n"}
{"level":"info","message":"::ffff:127.0.0.1 - [2022-04-14T18:31:35.500Z] \"GET /favicon.ico HTTP/1.1\" 400 57 \"http://0.0.0.0:3000/api/v1/users\" \"Mozilla/5.0 (X11; Linux x86_64) AppleWebKit/537.36 (KHTML, like Gecko) Chrome/99.0.4844.82 Safari/537.36\"\n"}
{"level":"info","message":"::1 - [2022-04-14T18:34:39.409Z] \"POST /api/v1/patients HTTP/1.1\" 200 55 \"-\" \"PostmanRuntime/7.29.0\"\n"}
{"level":"info","message":"::1 - [2022-04-14T18:34:48.106Z] \"GET /api/v1/patients HTTP/1.1\" 200 544 \"-\" \"PostmanRuntime/7.29.0\"\n"}
{"level":"info","message":"::1 - [2022-04-14T18:34:57.878Z] \"POST /api/v1/appointments HTTP/1.1\" 200 61 \"-\" \"PostmanRuntime/7.29.0\"\n"}
{"level":"info","message":"::1 - [2022-04-14T18:35:02.961Z] \"POST /api/v1/visits HTTP/1.1\" 200 56 \"-\" \"PostmanRuntime/7.29.0\"\n"}
{"level":"info","message":"::1 - [2022-04-14T18:35:20.179Z] \"GET /api/v1/visits HTTP/1.1\" 200 273 \"-\" \"PostmanRuntime/7.29.0\"\n"}
{"level":"info","message":"::1 - [2022-04-14T20:53:01.706Z] \"GET /api/v1/payment HTTP/1.1\" 400 57 \"-\" \"Mozilla/5.0 (X11; Linux x86_64) AppleWebKit/537.36 (KHTML, like Gecko) Chrome/99.0.4844.82 Safari/537.36\"\n"}
{"level":"info","message":"::1 - [2022-04-14T20:53:01.773Z] \"GET /favicon.ico HTTP/1.1\" 400 57 \"http://localhost:3000/api/v1/payment\" \"Mozilla/5.0 (X11; Linux x86_64) AppleWebKit/537.36 (KHTML, like Gecko) Chrome/99.0.4844.82 Safari/537.36\"\n"}
