{"level":"error","message":{"reqBody":{"email":"test@gmail.com","message":"Hello this is a messag for testing purpose","names":"Emmanuel NTIVUGURUZWA","phone":"+250788596281"},"reqIp":"::1","reqMethod":"POST","reqParams":{},"reqQuery":{},"reqTime":"2022-07-16 12:08:46","reqUrl":"/contact-us","response":{"code":"","message":"server_error.try_again","responseTime":"2022-07-16 12:10:32","status":{"code":500,"message":"Internal Server Error"}}}}
{"level":"error","message":{"reqBody":{"email":"test@gmail.com","message":"Hello this is a messag for testing purpose","names":"Emmanuel NTIVUGURUZWA","phone":"+250788596281"},"reqIp":"::1","reqMethod":"POST","reqParams":{},"reqQuery":{},"reqTime":"2022-07-16 12:11:32","reqUrl":"/contact-us","response":{"code":"","message":"server_error.try_again","responseTime":"2022-07-16 12:11:36","status":{"code":500,"message":"Internal Server Error"}}}}
{"level":"error","message":{"reqBody":{"email":"test@gmail.com","message":"Hello this is a messag for testing purpose","names":"Emmanuel NTIVUGURUZWA","phone":"+250788596281"},"reqIp":"::1","reqMethod":"POST","reqParams":{},"reqQuery":{},"reqTime":"2022-07-16 12:13:06","reqUrl":"/contact-us","response":{"code":"","message":"server_error.try_again","responseTime":"2022-07-16 12:13:10","status":{"code":500,"message":"Internal Server Error"}}}}
{"level":"error"}
{"level":"error","message":{"reqBody":{"image":"https://res.cloudinary.com/nextreflexe/image/upload/v1656436764/page/home_bg1_enqgeq.jpg","uploadedBy":"Emmanuel"},"reqIp":"::1","reqMethod":"POST","reqParams":{},"reqQuery":{},"reqTime":"2022-07-16 13:17:02","reqUrl":"/","response":{"code":"","message":"Class constructor Schema cannot be invoked without 'new'","responseTime":"2022-07-16 13:20:04","status":{"code":500,"message":"Internal Server Error"}}}}
{"level":"error"}
{"level":"error","message":{"reqBody":{},"reqIp":"::1","reqMethod":"POST","reqParams":{},"reqQuery":{},"reqTime":"2022-07-16 14:08:51","reqUrl":"/","response":{"code":"","message":"Cannot read properties of undefined (reading 'image')","responseTime":"2022-07-16 14:08:55","status":{"code":500,"message":"Internal Server Error"}}}}
{"code":"ERR_INVALID_ARG_TYPE","level":"error"}
{"level":"error","message":{"reqBody":{},"reqIp":"::1","reqMethod":"POST","reqParams":{},"reqQuery":{},"reqTime":"2022-07-16 14:17:51","reqUrl":"/","response":{"code":"","message":"The \"path\" argument must be of type string. Received an instance of Buffer","responseTime":"2022-07-16 14:17:56","status":{"code":500,"message":"Internal Server Error"}}}}
{"code":"ERR_INVALID_ARG_TYPE","level":"error"}
{"level":"error","message":{"reqBody":{},"reqIp":"::1","reqMethod":"POST","reqParams":{},"reqQuery":{},"reqTime":"2022-07-16 14:18:45","reqUrl":"/","response":{"code":"","message":"The \"path\" argument must be of type string. Received an instance of Buffer","responseTime":"2022-07-16 14:18:48","status":{"code":500,"message":"Internal Server Error"}}}}
{"code":"ERR_INVALID_ARG_TYPE","level":"error"}
{"level":"error","message":{"reqBody":{},"reqIp":"::1","reqMethod":"POST","reqParams":{},"reqQuery":{},"reqTime":"2022-07-16 14:19:51","reqUrl":"/","response":{"code":"","message":"The \"path\" argument must be of type string. Received an instance of Object","responseTime":"2022-07-16 14:19:54","status":{"code":500,"message":"Internal Server Error"}}}}
{"code":"ERR_INVALID_ARG_TYPE","level":"error"}
{"level":"error","message":{"reqBody":{},"reqIp":"::1","reqMethod":"POST","reqParams":{},"reqQuery":{},"reqTime":"2022-07-16 14:23:03","reqUrl":"/","response":{"code":"","message":"The \"path\" argument must be of type string. Received an instance of Buffer","responseTime":"2022-07-16 14:23:12","status":{"code":500,"message":"Internal Server Error"}}}}
{"code":"ERR_INVALID_ARG_TYPE","level":"error"}
{"level":"error","message":{"reqBody":{},"reqIp":"::1","reqMethod":"POST","reqParams":{},"reqQuery":{},"reqTime":"2022-07-16 14:23:47","reqUrl":"/","response":{"code":"","message":"The \"path\" argument must be of type string. Received an instance of Object","responseTime":"2022-07-16 14:23:51","status":{"code":500,"message":"Internal Server Error"}}}}
{"http_code":400,"level":"error","message":"Upload preset not found","name":"Error"}
{"level":"error","message":{"reqBody":{},"reqIp":"::1","reqMethod":"POST","reqParams":{},"reqQuery":{},"reqTime":"2022-07-16 14:49:53","reqUrl":"/","response":{"code":"","message":"Upload preset not found","responseTime":"2022-07-16 14:50:02","status":{"code":500,"message":"Internal Server Error"}}}}
{"http_code":400,"level":"error","message":"Upload preset not found","name":"Error"}
{"level":"error","message":{"reqBody":{},"reqIp":"::1","reqMethod":"POST","reqParams":{},"reqQuery":{},"reqTime":"2022-07-16 14:49:53","reqUrl":"/","response":{"code":"","message":"Upload preset not found","responseTime":"2022-07-16 14:53:55","status":{"code":500,"message":"Internal Server Error"}}}}
{"level":"error"}
{"level":"error"}
{"level":"error"}
{"level":"error"}
{"level":"error"}
{"level":"error"}
{"level":"error"}
{"level":"error"}
{"level":"error"}
{"level":"error"}
{"level":"error"}
{"level":"error"}
{"level":"error"}
{"level":"error"}
{"level":"error"}
{"level":"error"}
{"level":"error"}
{"level":"error"}
{"level":"error"}
{"level":"error"}
{"level":"error"}
{"level":"error"}
{"level":"error","message":{"reqBody":{},"reqIp":"::1","reqMethod":"GET","reqParams":{},"reqQuery":{"patientId":25},"reqTime":"2022-07-16 23:49:32","reqUrl":"/","response":{"code":"","message":"server_error.\"patientId\" is not allowed","responseTime":"2022-07-16 23:49:53","status":{"code":500,"message":"Internal Server Error"}}}}
{"level":"error","message":{"reqBody":{},"reqIp":"::1","reqMethod":"GET","reqParams":{},"reqQuery":{"patientId":25},"reqTime":"2022-07-16 23:49:32","reqUrl":"/","response":{"code":"","message":"server_error.\"patientId\" is not allowed","responseTime":"2022-07-16 23:50:36","status":{"code":500,"message":"Internal Server Error"}}}}
{"level":"error","message":{"reqBody":{},"reqIp":"::1","reqMethod":"GET","reqParams":{},"reqQuery":{"id":25},"reqTime":"2022-07-16 23:51:42","reqUrl":"/","response":{"code":"","message":"server_error.\"id\" must be a string","responseTime":"2022-07-16 23:51:51","status":{"code":500,"message":"Internal Server Error"}}}}
