{"level":"error","message":{"reqBody":{"email":"primaryemmyyy@gmail.com","password":"Emmanuel12345"},"reqIp":"::1","reqMethod":"GET","reqParams":{},"reqQuery":{},"reqTime":"2022-07-07 00:07:30","reqUrl":"/me","response":{"code":"","message":"req is not defined","responseTime":"2022-07-07 00:08:13","status":{"code":500,"message":"Internal Server Error"}}}}
{"level":"error","message":{"reqBody":{"email":"primaryemmyyy@gmail.com","password":"Emmanuel12345"},"reqIp":"::1","reqMethod":"GET","reqParams":{},"reqQuery":{},"reqTime":"2022-07-07 00:12:38","reqUrl":"/me","response":{"code":"","message":"Cannot convert undefined or null to object","responseTime":"2022-07-07 00:12:58","status":{"code":500,"message":"Internal Server Error"}}}}
{"level":"error","message":{"reqBody":{"email":"primaryemmyyy@gmail.com","password":"Emmanuel12345"},"reqIp":"::1","reqMethod":"GET","reqParams":{},"reqQuery":{},"reqTime":"2022-07-07 00:13:12","reqUrl":"/me","response":{"code":"","message":"Cannot convert undefined or null to object","responseTime":"2022-07-07 00:13:15","status":{"code":500,"message":"Internal Server Error"}}}}
{"level":"error","message":{"reqBody":{"email":"primaryemmyyy@gmail.com","password":"Emmanuel12345"},"reqIp":"::1","reqMethod":"GET","reqParams":{},"reqQuery":{},"reqTime":"2022-07-07 00:13:12","reqUrl":"/me","response":{"code":"","message":"Cannot convert undefined or null to object","responseTime":"2022-07-07 00:13:32","status":{"code":500,"message":"Internal Server Error"}}}}
{"level":"error","message":{"reqBody":{"email":"primaryemmyyy@gmail.com","password":"Emmanuel12345"},"reqIp":"::1","reqMethod":"GET","reqParams":{},"reqQuery":{},"reqTime":"2022-07-07 00:13:52","reqUrl":"/me","response":{"code":"","message":"Cannot convert undefined or null to object","responseTime":"2022-07-07 00:13:55","status":{"code":500,"message":"Internal Server Error"}}}}
{"level":"error","message":{"reqBody":{"email":"primaryemmyyy@gmail.com","password":"Emmanuel12345"},"reqIp":"::1","reqMethod":"GET","reqParams":{},"reqQuery":{},"reqTime":"2022-07-07 00:14:39","reqUrl":"/me","response":{"code":"","message":"Cannot read properties of undefined (reading 'password')","responseTime":"2022-07-07 00:14:41","status":{"code":500,"message":"Internal Server Error"}}}}
{"level":"error"}
{"level":"error","message":{"reqBody":{},"reqIp":"::1","reqMethod":"GET","reqParams":{},"reqQuery":{},"reqTime":"2022-07-07 00:37:47","reqUrl":"/","response":{"code":"","message":"Include unexpected. Element has to be either a Model, an Association or an object.","responseTime":"2022-07-07 00:38:32","status":{"code":500,"message":"Internal Server Error"}}}}
{"level":"error"}
{"level":"error","message":{"reqBody":{},"reqIp":"::1","reqMethod":"GET","reqParams":{},"reqQuery":{},"reqTime":"2022-07-07 00:41:12","reqUrl":"/","response":{"code":"","message":"Include unexpected. Element has to be either a Model, an Association or an object.","responseTime":"2022-07-07 00:41:18","status":{"code":500,"message":"Internal Server Error"}}}}
{"level":"error"}
{"level":"error","message":{"reqBody":{},"reqIp":"::1","reqMethod":"GET","reqParams":{},"reqQuery":{},"reqTime":"2022-07-07 00:42:08","reqUrl":"/","response":{"code":"","message":"Include unexpected. Element has to be either a Model, an Association or an object.","responseTime":"2022-07-07 00:42:12","status":{"code":500,"message":"Internal Server Error"}}}}
{"level":"error"}
{"level":"error","message":{"reqBody":{},"reqIp":"::1","reqMethod":"GET","reqParams":{},"reqQuery":{},"reqTime":"2022-07-07 00:44:26","reqUrl":"/","response":{"code":"","message":"Include unexpected. Element has to be either a Model, an Association or an object.","responseTime":"2022-07-07 00:44:30","status":{"code":500,"message":"Internal Server Error"}}}}
{"level":"error"}
{"level":"error","message":{"reqBody":{},"reqIp":"::1","reqMethod":"GET","reqParams":{},"reqQuery":{},"reqTime":"2022-07-07 00:45:26","reqUrl":"/","response":{"code":"","message":"Include unexpected. Element has to be either a Model, an Association or an object.","responseTime":"2022-07-07 00:45:31","status":{"code":500,"message":"Internal Server Error"}}}}
{"level":"error"}
{"level":"error","message":{"reqBody":{},"reqIp":"::1","reqMethod":"GET","reqParams":{},"reqQuery":{},"reqTime":"2022-07-07 00:45:26","reqUrl":"/","response":{"code":"","message":"Include unexpected. Element has to be either a Model, an Association or an object.","responseTime":"2022-07-07 00:45:33","status":{"code":500,"message":"Internal Server Error"}}}}
{"level":"error"}
{"level":"error","message":{"reqBody":{},"reqIp":"::1","reqMethod":"GET","reqParams":{},"reqQuery":{},"reqTime":"2022-07-07 00:45:26","reqUrl":"/","response":{"code":"","message":"Include unexpected. Element has to be either a Model, an Association or an object.","responseTime":"2022-07-07 00:45:34","status":{"code":500,"message":"Internal Server Error"}}}}
{"level":"error"}
{"level":"error","message":{"reqBody":{},"reqIp":"::1","reqMethod":"GET","reqParams":{},"reqQuery":{},"reqTime":"2022-07-07 00:45:48","reqUrl":"/","response":{"code":"","message":"Include unexpected. Element has to be either a Model, an Association or an object.","responseTime":"2022-07-07 00:45:53","status":{"code":500,"message":"Internal Server Error"}}}}
{"level":"error"}
{"level":"error","message":{"reqBody":{"appointmentId":2,"serviceId":1,"time":30,"userId":"RWB101"},"reqIp":"::1","reqMethod":"POST","reqParams":{},"reqQuery":{},"reqTime":"2022-07-07 00:49:46","reqUrl":"/","response":{"code":"","message":"missing some required values please check in required body","responseTime":"2022-07-07 00:51:46","status":{"code":404,"message":"Resource Not Found"}}}}
{"level":"error"}
{"level":"error","message":{"reqBody":{"appointmentId":2,"serviceId":1,"time":30,"userId":"RWB101"},"reqIp":"::1","reqMethod":"POST","reqParams":{},"reqQuery":{"appointment":"true"},"reqTime":"2022-07-07 00:49:46","reqUrl":"/?appointment=true","response":{"code":"","message":"appointment successfull","responseTime":"2022-07-07 00:52:18","status":{"code":404,"message":"Resource Not Found"}}}}
{"level":"error"}
{"level":"error","message":{"reqBody":{"appointmentId":2,"serviceId":1,"time":30,"userId":"RWB101"},"reqIp":"::1","reqMethod":"POST","reqParams":{},"reqQuery":{"appointment":"true"},"reqTime":"2022-07-07 00:49:46","reqUrl":"/?appointment=true","response":{"code":"","message":"appointment successfull","responseTime":"2022-07-07 00:52:21","status":{"code":404,"message":"Resource Not Found"}}}}
{"level":"error"}
{"level":"error","message":{"reqBody":{"appointmentId":1,"serviceId":1,"time":30,"userId":"RWB101"},"reqIp":"::1","reqMethod":"POST","reqParams":{},"reqQuery":{"appointment":"true"},"reqTime":"2022-07-07 00:54:24","reqUrl":"/?appointment=true","response":{"code":"","message":"appointment successfull","responseTime":"2022-07-07 00:55:45","status":{"code":404,"message":"Resource Not Found"}}}}
{"level":"error"}
{"level":"error","message":{"reqBody":{"appointmentId":2,"serviceId":1,"time":30,"userId":"RWB101"},"reqIp":"::1","reqMethod":"POST","reqParams":{},"reqQuery":{"appointment":"true"},"reqTime":"2022-07-07 01:10:54","reqUrl":"/?appointment=true","response":{"code":"","message":"appointment successfull","responseTime":"2022-07-07 01:11:03","status":{"code":404,"message":"Resource Not Found"}}}}
